ERROR:root:Error scraping 14873336: Message: no such element: Unable to locate element: {"method":"xpath","selector":"//td[contains(., 'Автор') and @align='center']"}
  (Session info: chrome=132.0.6834.160); For documentation on this error, please visit: https://www.selenium.dev/documentation/webdriver/troubleshooting/errors#no-such-element-exception
Stacktrace:
	GetHandleVerifier [0x00007FF61FE102F5+28725]
	(No symbol) [0x00007FF61FD72AE0]
	(No symbol) [0x00007FF61FC0510A]
	(No symbol) [0x00007FF61FC593D2]
	(No symbol) [0x00007FF61FC595FC]
	(No symbol) [0x00007FF61FCA3407]
	(No symbol) [0x00007FF61FC7FFEF]
	(No symbol) [0x00007FF61FCA0181]
	(No symbol) [0x00007FF61FC7FD53]
	(No symbol) [0x00007FF61FC4A0E3]
	(No symbol) [0x00007FF61FC4B471]
	GetHandleVerifier [0x00007FF62013F30D+3366989]
	GetHandleVerifier [0x00007FF6201512F0+3440688]
	GetHandleVerifier [0x00007FF6201478FD+3401277]
	GetHandleVerifier [0x00007FF61FEDAAAB+858091]
	(No symbol) [0x00007FF61FD7E74F]
	(No symbol) [0x00007FF61FD7A304]
	(No symbol) [0x00007FF61FD7A49D]
	(No symbol) [0x00007FF61FD68B69]
	BaseThreadInitThunk [0x00007FFF1892E8D7+23]
	RtlUserThreadStart [0x00007FFF19FBFBCC+44]
Traceback (most recent call last):
  File "D:\Projects\export-excel\temp.py", line 59, in scrape_page
    authors_section = driver.find_element(By.XPATH, "//td[contains(., 'Автор') and @align='center']")
                      ^^^^^^^^^^^^^^^^^^^^^^^^^^^^^^^^^^^^^^^^^^^^^^^^^^^^^^^^^^^^^^^^^^^^^^^^^^^^^^^
  File "D:\Projects\export-excel\.venv\Lib\site-packages\selenium\webdriver\remote\webdriver.py", line 888, in find_element
    return self.execute(Command.FIND_ELEMENT, {"using": by, "value": value})["value"]
           ^^^^^^^^^^^^^^^^^^^^^^^^^^^^^^^^^^^^^^^^^^^^^^^^^^^^^^^^^^^^^^^^^
  File "D:\Projects\export-excel\.venv\Lib\site-packages\selenium\webdriver\remote\webdriver.py", line 429, in execute
    self.error_handler.check_response(response)
  File "D:\Projects\export-excel\.venv\Lib\site-packages\selenium\webdriver\remote\errorhandler.py", line 232, in check_response
    raise exception_class(message, screen, stacktrace)
selenium.common.exceptions.NoSuchElementException: Message: no such element: Unable to locate element: {"method":"xpath","selector":"//td[contains(., 'Автор') and @align='center']"}
  (Session info: chrome=132.0.6834.160); For documentation on this error, please visit: https://www.selenium.dev/documentation/webdriver/troubleshooting/errors#no-such-element-exception
Stacktrace:
	GetHandleVerifier [0x00007FF61FE102F5+28725]
	(No symbol) [0x00007FF61FD72AE0]
	(No symbol) [0x00007FF61FC0510A]
	(No symbol) [0x00007FF61FC593D2]
	(No symbol) [0x00007FF61FC595FC]
	(No symbol) [0x00007FF61FCA3407]
	(No symbol) [0x00007FF61FC7FFEF]
	(No symbol) [0x00007FF61FCA0181]
	(No symbol) [0x00007FF61FC7FD53]
	(No symbol) [0x00007FF61FC4A0E3]
	(No symbol) [0x00007FF61FC4B471]
	GetHandleVerifier [0x00007FF62013F30D+3366989]
	GetHandleVerifier [0x00007FF6201512F0+3440688]
	GetHandleVerifier [0x00007FF6201478FD+3401277]
	GetHandleVerifier [0x00007FF61FEDAAAB+858091]
	(No symbol) [0x00007FF61FD7E74F]
	(No symbol) [0x00007FF61FD7A304]
	(No symbol) [0x00007FF61FD7A49D]
	(No symbol) [0x00007FF61FD68B69]
	BaseThreadInitThunk [0x00007FFF1892E8D7+23]
	RtlUserThreadStart [0x00007FFF19FBFBCC+44]

ERROR:root:Error scraping 15584252: Message: no such element: Unable to locate element: {"method":"xpath","selector":"//td[contains(., 'Автор') and @align='center']"}
  (Session info: chrome=132.0.6834.160); For documentation on this error, please visit: https://www.selenium.dev/documentation/webdriver/troubleshooting/errors#no-such-element-exception
Stacktrace:
	GetHandleVerifier [0x00007FF61FE102F5+28725]
	(No symbol) [0x00007FF61FD72AE0]
	(No symbol) [0x00007FF61FC0510A]
	(No symbol) [0x00007FF61FC593D2]
	(No symbol) [0x00007FF61FC595FC]
	(No symbol) [0x00007FF61FCA3407]
	(No symbol) [0x00007FF61FC7FFEF]
	(No symbol) [0x00007FF61FCA0181]
	(No symbol) [0x00007FF61FC7FD53]
	(No symbol) [0x00007FF61FC4A0E3]
	(No symbol) [0x00007FF61FC4B471]
	GetHandleVerifier [0x00007FF62013F30D+3366989]
	GetHandleVerifier [0x00007FF6201512F0+3440688]
	GetHandleVerifier [0x00007FF6201478FD+3401277]
	GetHandleVerifier [0x00007FF61FEDAAAB+858091]
	(No symbol) [0x00007FF61FD7E74F]
	(No symbol) [0x00007FF61FD7A304]
	(No symbol) [0x00007FF61FD7A49D]
	(No symbol) [0x00007FF61FD68B69]
	BaseThreadInitThunk [0x00007FFF1892E8D7+23]
	RtlUserThreadStart [0x00007FFF19FBFBCC+44]
Traceback (most recent call last):
  File "D:\Projects\export-excel\temp.py", line 59, in scrape_page
    authors_section = driver.find_element(By.XPATH, "//td[contains(., 'Автор') and @align='center']")
                      ^^^^^^^^^^^^^^^^^^^^^^^^^^^^^^^^^^^^^^^^^^^^^^^^^^^^^^^^^^^^^^^^^^^^^^^^^^^^^^^
  File "D:\Projects\export-excel\.venv\Lib\site-packages\selenium\webdriver\remote\webdriver.py", line 888, in find_element
    return self.execute(Command.FIND_ELEMENT, {"using": by, "value": value})["value"]
           ^^^^^^^^^^^^^^^^^^^^^^^^^^^^^^^^^^^^^^^^^^^^^^^^^^^^^^^^^^^^^^^^^
  File "D:\Projects\export-excel\.venv\Lib\site-packages\selenium\webdriver\remote\webdriver.py", line 429, in execute
    self.error_handler.check_response(response)
  File "D:\Projects\export-excel\.venv\Lib\site-packages\selenium\webdriver\remote\errorhandler.py", line 232, in check_response
    raise exception_class(message, screen, stacktrace)
selenium.common.exceptions.NoSuchElementException: Message: no such element: Unable to locate element: {"method":"xpath","selector":"//td[contains(., 'Автор') and @align='center']"}
  (Session info: chrome=132.0.6834.160); For documentation on this error, please visit: https://www.selenium.dev/documentation/webdriver/troubleshooting/errors#no-such-element-exception
Stacktrace:
	GetHandleVerifier [0x00007FF61FE102F5+28725]
	(No symbol) [0x00007FF61FD72AE0]
	(No symbol) [0x00007FF61FC0510A]
	(No symbol) [0x00007FF61FC593D2]
	(No symbol) [0x00007FF61FC595FC]
	(No symbol) [0x00007FF61FCA3407]
	(No symbol) [0x00007FF61FC7FFEF]
	(No symbol) [0x00007FF61FCA0181]
	(No symbol) [0x00007FF61FC7FD53]
	(No symbol) [0x00007FF61FC4A0E3]
	(No symbol) [0x00007FF61FC4B471]
	GetHandleVerifier [0x00007FF62013F30D+3366989]
	GetHandleVerifier [0x00007FF6201512F0+3440688]
	GetHandleVerifier [0x00007FF6201478FD+3401277]
	GetHandleVerifier [0x00007FF61FEDAAAB+858091]
	(No symbol) [0x00007FF61FD7E74F]
	(No symbol) [0x00007FF61FD7A304]
	(No symbol) [0x00007FF61FD7A49D]
	(No symbol) [0x00007FF61FD68B69]
	BaseThreadInitThunk [0x00007FFF1892E8D7+23]
	RtlUserThreadStart [0x00007FFF19FBFBCC+44]

ERROR:root:Error scraping 13091235: Message: 
Stacktrace:
	GetHandleVerifier [0x00007FF74AAF02F5+28725]
	(No symbol) [0x00007FF74AA52AE0]
	(No symbol) [0x00007FF74A8E510A]
	(No symbol) [0x00007FF74A9393D2]
	(No symbol) [0x00007FF74A9395FC]
	(No symbol) [0x00007FF74A983407]
	(No symbol) [0x00007FF74A95FFEF]
	(No symbol) [0x00007FF74A980181]
	(No symbol) [0x00007FF74A95FD53]
	(No symbol) [0x00007FF74A92A0E3]
	(No symbol) [0x00007FF74A92B471]
	GetHandleVerifier [0x00007FF74AE1F30D+3366989]
	GetHandleVerifier [0x00007FF74AE312F0+3440688]
	GetHandleVerifier [0x00007FF74AE278FD+3401277]
	GetHandleVerifier [0x00007FF74ABBAAAB+858091]
	(No symbol) [0x00007FF74AA5E74F]
	(No symbol) [0x00007FF74AA5A304]
	(No symbol) [0x00007FF74AA5A49D]
	(No symbol) [0x00007FF74AA48B69]
	BaseThreadInitThunk [0x00007FFF1892E8D7+23]
	RtlUserThreadStart [0x00007FFF19FBFBCC+44]
Traceback (most recent call last):
  File "D:\Projects\export-excel\temp.py", line 50, in scrape_page
    WebDriverWait(driver, 10).until(
  File "D:\Projects\export-excel\.venv\Lib\site-packages\selenium\webdriver\support\wait.py", line 146, in until
    raise TimeoutException(message, screen, stacktrace)
selenium.common.exceptions.TimeoutException: Message: 
Stacktrace:
	GetHandleVerifier [0x00007FF74AAF02F5+28725]
	(No symbol) [0x00007FF74AA52AE0]
	(No symbol) [0x00007FF74A8E510A]
	(No symbol) [0x00007FF74A9393D2]
	(No symbol) [0x00007FF74A9395FC]
	(No symbol) [0x00007FF74A983407]
	(No symbol) [0x00007FF74A95FFEF]
	(No symbol) [0x00007FF74A980181]
	(No symbol) [0x00007FF74A95FD53]
	(No symbol) [0x00007FF74A92A0E3]
	(No symbol) [0x00007FF74A92B471]
	GetHandleVerifier [0x00007FF74AE1F30D+3366989]
	GetHandleVerifier [0x00007FF74AE312F0+3440688]
	GetHandleVerifier [0x00007FF74AE278FD+3401277]
	GetHandleVerifier [0x00007FF74ABBAAAB+858091]
	(No symbol) [0x00007FF74AA5E74F]
	(No symbol) [0x00007FF74AA5A304]
	(No symbol) [0x00007FF74AA5A49D]
	(No symbol) [0x00007FF74AA48B69]
	BaseThreadInitThunk [0x00007FFF1892E8D7+23]
	RtlUserThreadStart [0x00007FFF19FBFBCC+44]

ERROR:root:Error scraping 14873336: Message: 
Stacktrace:
	GetHandleVerifier [0x00007FF74AAF02F5+28725]
	(No symbol) [0x00007FF74AA52AE0]
	(No symbol) [0x00007FF74A8E510A]
	(No symbol) [0x00007FF74A9393D2]
	(No symbol) [0x00007FF74A9395FC]
	(No symbol) [0x00007FF74A983407]
	(No symbol) [0x00007FF74A95FFEF]
	(No symbol) [0x00007FF74A980181]
	(No symbol) [0x00007FF74A95FD53]
	(No symbol) [0x00007FF74A92A0E3]
	(No symbol) [0x00007FF74A92B471]
	GetHandleVerifier [0x00007FF74AE1F30D+3366989]
	GetHandleVerifier [0x00007FF74AE312F0+3440688]
	GetHandleVerifier [0x00007FF74AE278FD+3401277]
	GetHandleVerifier [0x00007FF74ABBAAAB+858091]
	(No symbol) [0x00007FF74AA5E74F]
	(No symbol) [0x00007FF74AA5A304]
	(No symbol) [0x00007FF74AA5A49D]
	(No symbol) [0x00007FF74AA48B69]
	BaseThreadInitThunk [0x00007FFF1892E8D7+23]
	RtlUserThreadStart [0x00007FFF19FBFBCC+44]
Traceback (most recent call last):
  File "D:\Projects\export-excel\temp.py", line 50, in scrape_page
    WebDriverWait(driver, 10).until(
  File "D:\Projects\export-excel\.venv\Lib\site-packages\selenium\webdriver\support\wait.py", line 146, in until
    raise TimeoutException(message, screen, stacktrace)
selenium.common.exceptions.TimeoutException: Message: 
Stacktrace:
	GetHandleVerifier [0x00007FF74AAF02F5+28725]
	(No symbol) [0x00007FF74AA52AE0]
	(No symbol) [0x00007FF74A8E510A]
	(No symbol) [0x00007FF74A9393D2]
	(No symbol) [0x00007FF74A9395FC]
	(No symbol) [0x00007FF74A983407]
	(No symbol) [0x00007FF74A95FFEF]
	(No symbol) [0x00007FF74A980181]
	(No symbol) [0x00007FF74A95FD53]
	(No symbol) [0x00007FF74A92A0E3]
	(No symbol) [0x00007FF74A92B471]
	GetHandleVerifier [0x00007FF74AE1F30D+3366989]
	GetHandleVerifier [0x00007FF74AE312F0+3440688]
	GetHandleVerifier [0x00007FF74AE278FD+3401277]
	GetHandleVerifier [0x00007FF74ABBAAAB+858091]
	(No symbol) [0x00007FF74AA5E74F]
	(No symbol) [0x00007FF74AA5A304]
	(No symbol) [0x00007FF74AA5A49D]
	(No symbol) [0x00007FF74AA48B69]
	BaseThreadInitThunk [0x00007FFF1892E8D7+23]
	RtlUserThreadStart [0x00007FFF19FBFBCC+44]

ERROR:root:Error scraping 15584252: Message: 
Stacktrace:
	GetHandleVerifier [0x00007FF74AAF02F5+28725]
	(No symbol) [0x00007FF74AA52AE0]
	(No symbol) [0x00007FF74A8E510A]
	(No symbol) [0x00007FF74A9393D2]
	(No symbol) [0x00007FF74A9395FC]
	(No symbol) [0x00007FF74A983407]
	(No symbol) [0x00007FF74A95FFEF]
	(No symbol) [0x00007FF74A980181]
	(No symbol) [0x00007FF74A95FD53]
	(No symbol) [0x00007FF74A92A0E3]
	(No symbol) [0x00007FF74A92B471]
	GetHandleVerifier [0x00007FF74AE1F30D+3366989]
	GetHandleVerifier [0x00007FF74AE312F0+3440688]
	GetHandleVerifier [0x00007FF74AE278FD+3401277]
	GetHandleVerifier [0x00007FF74ABBAAAB+858091]
	(No symbol) [0x00007FF74AA5E74F]
	(No symbol) [0x00007FF74AA5A304]
	(No symbol) [0x00007FF74AA5A49D]
	(No symbol) [0x00007FF74AA48B69]
	BaseThreadInitThunk [0x00007FFF1892E8D7+23]
	RtlUserThreadStart [0x00007FFF19FBFBCC+44]
Traceback (most recent call last):
  File "D:\Projects\export-excel\temp.py", line 50, in scrape_page
    WebDriverWait(driver, 10).until(
  File "D:\Projects\export-excel\.venv\Lib\site-packages\selenium\webdriver\support\wait.py", line 146, in until
    raise TimeoutException(message, screen, stacktrace)
selenium.common.exceptions.TimeoutException: Message: 
Stacktrace:
	GetHandleVerifier [0x00007FF74AAF02F5+28725]
	(No symbol) [0x00007FF74AA52AE0]
	(No symbol) [0x00007FF74A8E510A]
	(No symbol) [0x00007FF74A9393D2]
	(No symbol) [0x00007FF74A9395FC]
	(No symbol) [0x00007FF74A983407]
	(No symbol) [0x00007FF74A95FFEF]
	(No symbol) [0x00007FF74A980181]
	(No symbol) [0x00007FF74A95FD53]
	(No symbol) [0x00007FF74A92A0E3]
	(No symbol) [0x00007FF74A92B471]
	GetHandleVerifier [0x00007FF74AE1F30D+3366989]
	GetHandleVerifier [0x00007FF74AE312F0+3440688]
	GetHandleVerifier [0x00007FF74AE278FD+3401277]
	GetHandleVerifier [0x00007FF74ABBAAAB+858091]
	(No symbol) [0x00007FF74AA5E74F]
	(No symbol) [0x00007FF74AA5A304]
	(No symbol) [0x00007FF74AA5A49D]
	(No symbol) [0x00007FF74AA48B69]
	BaseThreadInitThunk [0x00007FFF1892E8D7+23]
	RtlUserThreadStart [0x00007FFF19FBFBCC+44]

ERROR:root:Error scraping 27212291: Message: 
Stacktrace:
	GetHandleVerifier [0x00007FF697DF02F5+28725]
	(No symbol) [0x00007FF697D52AE0]
	(No symbol) [0x00007FF697BE510A]
	(No symbol) [0x00007FF697C393D2]
	(No symbol) [0x00007FF697C395FC]
	(No symbol) [0x00007FF697C83407]
	(No symbol) [0x00007FF697C5FFEF]
	(No symbol) [0x00007FF697C80181]
	(No symbol) [0x00007FF697C5FD53]
	(No symbol) [0x00007FF697C2A0E3]
	(No symbol) [0x00007FF697C2B471]
	GetHandleVerifier [0x00007FF69811F30D+3366989]
	GetHandleVerifier [0x00007FF6981312F0+3440688]
	GetHandleVerifier [0x00007FF6981278FD+3401277]
	GetHandleVerifier [0x00007FF697EBAAAB+858091]
	(No symbol) [0x00007FF697D5E74F]
	(No symbol) [0x00007FF697D5A304]
	(No symbol) [0x00007FF697D5A49D]
	(No symbol) [0x00007FF697D48B69]
	BaseThreadInitThunk [0x00007FFF1892E8D7+23]
	RtlUserThreadStart [0x00007FFF19FBFBCC+44]
Traceback (most recent call last):
  File "D:\Projects\export-excel\temp.py", line 50, in scrape_page
    WebDriverWait(driver, 10).until(
  File "D:\Projects\export-excel\.venv\Lib\site-packages\selenium\webdriver\support\wait.py", line 146, in until
    raise TimeoutException(message, screen, stacktrace)
selenium.common.exceptions.TimeoutException: Message: 
Stacktrace:
	GetHandleVerifier [0x00007FF697DF02F5+28725]
	(No symbol) [0x00007FF697D52AE0]
	(No symbol) [0x00007FF697BE510A]
	(No symbol) [0x00007FF697C393D2]
	(No symbol) [0x00007FF697C395FC]
	(No symbol) [0x00007FF697C83407]
	(No symbol) [0x00007FF697C5FFEF]
	(No symbol) [0x00007FF697C80181]
	(No symbol) [0x00007FF697C5FD53]
	(No symbol) [0x00007FF697C2A0E3]
	(No symbol) [0x00007FF697C2B471]
	GetHandleVerifier [0x00007FF69811F30D+3366989]
	GetHandleVerifier [0x00007FF6981312F0+3440688]
	GetHandleVerifier [0x00007FF6981278FD+3401277]
	GetHandleVerifier [0x00007FF697EBAAAB+858091]
	(No symbol) [0x00007FF697D5E74F]
	(No symbol) [0x00007FF697D5A304]
	(No symbol) [0x00007FF697D5A49D]
	(No symbol) [0x00007FF697D48B69]
	BaseThreadInitThunk [0x00007FFF1892E8D7+23]
	RtlUserThreadStart [0x00007FFF19FBFBCC+44]

ERROR:root:Error scraping 25789839: Message: 
Stacktrace:
	GetHandleVerifier [0x00007FF697DF02F5+28725]
	(No symbol) [0x00007FF697D52AE0]
	(No symbol) [0x00007FF697BE510A]
	(No symbol) [0x00007FF697C393D2]
	(No symbol) [0x00007FF697C395FC]
	(No symbol) [0x00007FF697C83407]
	(No symbol) [0x00007FF697C5FFEF]
	(No symbol) [0x00007FF697C80181]
	(No symbol) [0x00007FF697C5FD53]
	(No symbol) [0x00007FF697C2A0E3]
	(No symbol) [0x00007FF697C2B471]
	GetHandleVerifier [0x00007FF69811F30D+3366989]
	GetHandleVerifier [0x00007FF6981312F0+3440688]
	GetHandleVerifier [0x00007FF6981278FD+3401277]
	GetHandleVerifier [0x00007FF697EBAAAB+858091]
	(No symbol) [0x00007FF697D5E74F]
	(No symbol) [0x00007FF697D5A304]
	(No symbol) [0x00007FF697D5A49D]
	(No symbol) [0x00007FF697D48B69]
	BaseThreadInitThunk [0x00007FFF1892E8D7+23]
	RtlUserThreadStart [0x00007FFF19FBFBCC+44]
Traceback (most recent call last):
  File "D:\Projects\export-excel\temp.py", line 50, in scrape_page
    WebDriverWait(driver, 10).until(
  File "D:\Projects\export-excel\.venv\Lib\site-packages\selenium\webdriver\support\wait.py", line 146, in until
    raise TimeoutException(message, screen, stacktrace)
selenium.common.exceptions.TimeoutException: Message: 
Stacktrace:
	GetHandleVerifier [0x00007FF697DF02F5+28725]
	(No symbol) [0x00007FF697D52AE0]
	(No symbol) [0x00007FF697BE510A]
	(No symbol) [0x00007FF697C393D2]
	(No symbol) [0x00007FF697C395FC]
	(No symbol) [0x00007FF697C83407]
	(No symbol) [0x00007FF697C5FFEF]
	(No symbol) [0x00007FF697C80181]
	(No symbol) [0x00007FF697C5FD53]
	(No symbol) [0x00007FF697C2A0E3]
	(No symbol) [0x00007FF697C2B471]
	GetHandleVerifier [0x00007FF69811F30D+3366989]
	GetHandleVerifier [0x00007FF6981312F0+3440688]
	GetHandleVerifier [0x00007FF6981278FD+3401277]
	GetHandleVerifier [0x00007FF697EBAAAB+858091]
	(No symbol) [0x00007FF697D5E74F]
	(No symbol) [0x00007FF697D5A304]
	(No symbol) [0x00007FF697D5A49D]
	(No symbol) [0x00007FF697D48B69]
	BaseThreadInitThunk [0x00007FFF1892E8D7+23]
	RtlUserThreadStart [0x00007FFF19FBFBCC+44]

ERROR:root:Error scraping 42368875: Message: 
Stacktrace:
	GetHandleVerifier [0x00007FF697DF02F5+28725]
	(No symbol) [0x00007FF697D52AE0]
	(No symbol) [0x00007FF697BE510A]
	(No symbol) [0x00007FF697C393D2]
	(No symbol) [0x00007FF697C395FC]
	(No symbol) [0x00007FF697C83407]
	(No symbol) [0x00007FF697C5FFEF]
	(No symbol) [0x00007FF697C80181]
	(No symbol) [0x00007FF697C5FD53]
	(No symbol) [0x00007FF697C2A0E3]
	(No symbol) [0x00007FF697C2B471]
	GetHandleVerifier [0x00007FF69811F30D+3366989]
	GetHandleVerifier [0x00007FF6981312F0+3440688]
	GetHandleVerifier [0x00007FF6981278FD+3401277]
	GetHandleVerifier [0x00007FF697EBAAAB+858091]
	(No symbol) [0x00007FF697D5E74F]
	(No symbol) [0x00007FF697D5A304]
	(No symbol) [0x00007FF697D5A49D]
	(No symbol) [0x00007FF697D48B69]
	BaseThreadInitThunk [0x00007FFF1892E8D7+23]
	RtlUserThreadStart [0x00007FFF19FBFBCC+44]
Traceback (most recent call last):
  File "D:\Projects\export-excel\temp.py", line 50, in scrape_page
    WebDriverWait(driver, 10).until(
  File "D:\Projects\export-excel\.venv\Lib\site-packages\selenium\webdriver\support\wait.py", line 146, in until
    raise TimeoutException(message, screen, stacktrace)
selenium.common.exceptions.TimeoutException: Message: 
Stacktrace:
	GetHandleVerifier [0x00007FF697DF02F5+28725]
	(No symbol) [0x00007FF697D52AE0]
	(No symbol) [0x00007FF697BE510A]
	(No symbol) [0x00007FF697C393D2]
	(No symbol) [0x00007FF697C395FC]
	(No symbol) [0x00007FF697C83407]
	(No symbol) [0x00007FF697C5FFEF]
	(No symbol) [0x00007FF697C80181]
	(No symbol) [0x00007FF697C5FD53]
	(No symbol) [0x00007FF697C2A0E3]
	(No symbol) [0x00007FF697C2B471]
	GetHandleVerifier [0x00007FF69811F30D+3366989]
	GetHandleVerifier [0x00007FF6981312F0+3440688]
	GetHandleVerifier [0x00007FF6981278FD+3401277]
	GetHandleVerifier [0x00007FF697EBAAAB+858091]
	(No symbol) [0x00007FF697D5E74F]
	(No symbol) [0x00007FF697D5A304]
	(No symbol) [0x00007FF697D5A49D]
	(No symbol) [0x00007FF697D48B69]
	BaseThreadInitThunk [0x00007FFF1892E8D7+23]
	RtlUserThreadStart [0x00007FFF19FBFBCC+44]

ERROR:root:Error scraping 23183774: Message: 
Stacktrace:
	GetHandleVerifier [0x00007FF697DF02F5+28725]
	(No symbol) [0x00007FF697D52AE0]
	(No symbol) [0x00007FF697BE510A]
	(No symbol) [0x00007FF697C393D2]
	(No symbol) [0x00007FF697C395FC]
	(No symbol) [0x00007FF697C83407]
	(No symbol) [0x00007FF697C5FFEF]
	(No symbol) [0x00007FF697C80181]
	(No symbol) [0x00007FF697C5FD53]
	(No symbol) [0x00007FF697C2A0E3]
	(No symbol) [0x00007FF697C2B471]
	GetHandleVerifier [0x00007FF69811F30D+3366989]
	GetHandleVerifier [0x00007FF6981312F0+3440688]
	GetHandleVerifier [0x00007FF6981278FD+3401277]
	GetHandleVerifier [0x00007FF697EBAAAB+858091]
	(No symbol) [0x00007FF697D5E74F]
	(No symbol) [0x00007FF697D5A304]
	(No symbol) [0x00007FF697D5A49D]
	(No symbol) [0x00007FF697D48B69]
	BaseThreadInitThunk [0x00007FFF1892E8D7+23]
	RtlUserThreadStart [0x00007FFF19FBFBCC+44]
Traceback (most recent call last):
  File "D:\Projects\export-excel\temp.py", line 50, in scrape_page
    WebDriverWait(driver, 10).until(
  File "D:\Projects\export-excel\.venv\Lib\site-packages\selenium\webdriver\support\wait.py", line 146, in until
    raise TimeoutException(message, screen, stacktrace)
selenium.common.exceptions.TimeoutException: Message: 
Stacktrace:
	GetHandleVerifier [0x00007FF697DF02F5+28725]
	(No symbol) [0x00007FF697D52AE0]
	(No symbol) [0x00007FF697BE510A]
	(No symbol) [0x00007FF697C393D2]
	(No symbol) [0x00007FF697C395FC]
	(No symbol) [0x00007FF697C83407]
	(No symbol) [0x00007FF697C5FFEF]
	(No symbol) [0x00007FF697C80181]
	(No symbol) [0x00007FF697C5FD53]
	(No symbol) [0x00007FF697C2A0E3]
	(No symbol) [0x00007FF697C2B471]
	GetHandleVerifier [0x00007FF69811F30D+3366989]
	GetHandleVerifier [0x00007FF6981312F0+3440688]
	GetHandleVerifier [0x00007FF6981278FD+3401277]
	GetHandleVerifier [0x00007FF697EBAAAB+858091]
	(No symbol) [0x00007FF697D5E74F]
	(No symbol) [0x00007FF697D5A304]
	(No symbol) [0x00007FF697D5A49D]
	(No symbol) [0x00007FF697D48B69]
	BaseThreadInitThunk [0x00007FFF1892E8D7+23]
	RtlUserThreadStart [0x00007FFF19FBFBCC+44]

ERROR:root:Error scraping 23241155: Message: 
Stacktrace:
	GetHandleVerifier [0x00007FF697DF02F5+28725]
	(No symbol) [0x00007FF697D52AE0]
	(No symbol) [0x00007FF697BE510A]
	(No symbol) [0x00007FF697C393D2]
	(No symbol) [0x00007FF697C395FC]
	(No symbol) [0x00007FF697C83407]
	(No symbol) [0x00007FF697C5FFEF]
	(No symbol) [0x00007FF697C80181]
	(No symbol) [0x00007FF697C5FD53]
	(No symbol) [0x00007FF697C2A0E3]
	(No symbol) [0x00007FF697C2B471]
	GetHandleVerifier [0x00007FF69811F30D+3366989]
	GetHandleVerifier [0x00007FF6981312F0+3440688]
	GetHandleVerifier [0x00007FF6981278FD+3401277]
	GetHandleVerifier [0x00007FF697EBAAAB+858091]
	(No symbol) [0x00007FF697D5E74F]
	(No symbol) [0x00007FF697D5A304]
	(No symbol) [0x00007FF697D5A49D]
	(No symbol) [0x00007FF697D48B69]
	BaseThreadInitThunk [0x00007FFF1892E8D7+23]
	RtlUserThreadStart [0x00007FFF19FBFBCC+44]
Traceback (most recent call last):
  File "D:\Projects\export-excel\temp.py", line 50, in scrape_page
    WebDriverWait(driver, 10).until(
  File "D:\Projects\export-excel\.venv\Lib\site-packages\selenium\webdriver\support\wait.py", line 146, in until
    raise TimeoutException(message, screen, stacktrace)
selenium.common.exceptions.TimeoutException: Message: 
Stacktrace:
	GetHandleVerifier [0x00007FF697DF02F5+28725]
	(No symbol) [0x00007FF697D52AE0]
	(No symbol) [0x00007FF697BE510A]
	(No symbol) [0x00007FF697C393D2]
	(No symbol) [0x00007FF697C395FC]
	(No symbol) [0x00007FF697C83407]
	(No symbol) [0x00007FF697C5FFEF]
	(No symbol) [0x00007FF697C80181]
	(No symbol) [0x00007FF697C5FD53]
	(No symbol) [0x00007FF697C2A0E3]
	(No symbol) [0x00007FF697C2B471]
	GetHandleVerifier [0x00007FF69811F30D+3366989]
	GetHandleVerifier [0x00007FF6981312F0+3440688]
	GetHandleVerifier [0x00007FF6981278FD+3401277]
	GetHandleVerifier [0x00007FF697EBAAAB+858091]
	(No symbol) [0x00007FF697D5E74F]
	(No symbol) [0x00007FF697D5A304]
	(No symbol) [0x00007FF697D5A49D]
	(No symbol) [0x00007FF697D48B69]
	BaseThreadInitThunk [0x00007FFF1892E8D7+23]
	RtlUserThreadStart [0x00007FFF19FBFBCC+44]

ERROR:root:Error scraping 23251873: Message: 
Stacktrace:
	GetHandleVerifier [0x00007FF697DF02F5+28725]
	(No symbol) [0x00007FF697D52AE0]
	(No symbol) [0x00007FF697BE510A]
	(No symbol) [0x00007FF697C393D2]
	(No symbol) [0x00007FF697C395FC]
	(No symbol) [0x00007FF697C83407]
	(No symbol) [0x00007FF697C5FFEF]
	(No symbol) [0x00007FF697C80181]
	(No symbol) [0x00007FF697C5FD53]
	(No symbol) [0x00007FF697C2A0E3]
	(No symbol) [0x00007FF697C2B471]
	GetHandleVerifier [0x00007FF69811F30D+3366989]
	GetHandleVerifier [0x00007FF6981312F0+3440688]
	GetHandleVerifier [0x00007FF6981278FD+3401277]
	GetHandleVerifier [0x00007FF697EBAAAB+858091]
	(No symbol) [0x00007FF697D5E74F]
	(No symbol) [0x00007FF697D5A304]
	(No symbol) [0x00007FF697D5A49D]
	(No symbol) [0x00007FF697D48B69]
	BaseThreadInitThunk [0x00007FFF1892E8D7+23]
	RtlUserThreadStart [0x00007FFF19FBFBCC+44]
Traceback (most recent call last):
  File "D:\Projects\export-excel\temp.py", line 50, in scrape_page
    WebDriverWait(driver, 10).until(
  File "D:\Projects\export-excel\.venv\Lib\site-packages\selenium\webdriver\support\wait.py", line 146, in until
    raise TimeoutException(message, screen, stacktrace)
selenium.common.exceptions.TimeoutException: Message: 
Stacktrace:
	GetHandleVerifier [0x00007FF697DF02F5+28725]
	(No symbol) [0x00007FF697D52AE0]
	(No symbol) [0x00007FF697BE510A]
	(No symbol) [0x00007FF697C393D2]
	(No symbol) [0x00007FF697C395FC]
	(No symbol) [0x00007FF697C83407]
	(No symbol) [0x00007FF697C5FFEF]
	(No symbol) [0x00007FF697C80181]
	(No symbol) [0x00007FF697C5FD53]
	(No symbol) [0x00007FF697C2A0E3]
	(No symbol) [0x00007FF697C2B471]
	GetHandleVerifier [0x00007FF69811F30D+3366989]
	GetHandleVerifier [0x00007FF6981312F0+3440688]
	GetHandleVerifier [0x00007FF6981278FD+3401277]
	GetHandleVerifier [0x00007FF697EBAAAB+858091]
	(No symbol) [0x00007FF697D5E74F]
	(No symbol) [0x00007FF697D5A304]
	(No symbol) [0x00007FF697D5A49D]
	(No symbol) [0x00007FF697D48B69]
	BaseThreadInitThunk [0x00007FFF1892E8D7+23]
	RtlUserThreadStart [0x00007FFF19FBFBCC+44]

ERROR:root:Error scraping 23340879: Message: 
Stacktrace:
	GetHandleVerifier [0x00007FF697DF02F5+28725]
	(No symbol) [0x00007FF697D52AE0]
	(No symbol) [0x00007FF697BE510A]
	(No symbol) [0x00007FF697C393D2]
	(No symbol) [0x00007FF697C395FC]
	(No symbol) [0x00007FF697C83407]
	(No symbol) [0x00007FF697C5FFEF]
	(No symbol) [0x00007FF697C80181]
	(No symbol) [0x00007FF697C5FD53]
	(No symbol) [0x00007FF697C2A0E3]
	(No symbol) [0x00007FF697C2B471]
	GetHandleVerifier [0x00007FF69811F30D+3366989]
	GetHandleVerifier [0x00007FF6981312F0+3440688]
	GetHandleVerifier [0x00007FF6981278FD+3401277]
	GetHandleVerifier [0x00007FF697EBAAAB+858091]
	(No symbol) [0x00007FF697D5E74F]
	(No symbol) [0x00007FF697D5A304]
	(No symbol) [0x00007FF697D5A49D]
	(No symbol) [0x00007FF697D48B69]
	BaseThreadInitThunk [0x00007FFF1892E8D7+23]
	RtlUserThreadStart [0x00007FFF19FBFBCC+44]
Traceback (most recent call last):
  File "D:\Projects\export-excel\temp.py", line 50, in scrape_page
    WebDriverWait(driver, 10).until(
  File "D:\Projects\export-excel\.venv\Lib\site-packages\selenium\webdriver\support\wait.py", line 146, in until
    raise TimeoutException(message, screen, stacktrace)
selenium.common.exceptions.TimeoutException: Message: 
Stacktrace:
	GetHandleVerifier [0x00007FF697DF02F5+28725]
	(No symbol) [0x00007FF697D52AE0]
	(No symbol) [0x00007FF697BE510A]
	(No symbol) [0x00007FF697C393D2]
	(No symbol) [0x00007FF697C395FC]
	(No symbol) [0x00007FF697C83407]
	(No symbol) [0x00007FF697C5FFEF]
	(No symbol) [0x00007FF697C80181]
	(No symbol) [0x00007FF697C5FD53]
	(No symbol) [0x00007FF697C2A0E3]
	(No symbol) [0x00007FF697C2B471]
	GetHandleVerifier [0x00007FF69811F30D+3366989]
	GetHandleVerifier [0x00007FF6981312F0+3440688]
	GetHandleVerifier [0x00007FF6981278FD+3401277]
	GetHandleVerifier [0x00007FF697EBAAAB+858091]
	(No symbol) [0x00007FF697D5E74F]
	(No symbol) [0x00007FF697D5A304]
	(No symbol) [0x00007FF697D5A49D]
	(No symbol) [0x00007FF697D48B69]
	BaseThreadInitThunk [0x00007FFF1892E8D7+23]
	RtlUserThreadStart [0x00007FFF19FBFBCC+44]

ERROR:root:Error scraping 23401432: Message: 
Stacktrace:
	GetHandleVerifier [0x00007FF697DF02F5+28725]
	(No symbol) [0x00007FF697D52AE0]
	(No symbol) [0x00007FF697BE510A]
	(No symbol) [0x00007FF697C393D2]
	(No symbol) [0x00007FF697C395FC]
	(No symbol) [0x00007FF697C83407]
	(No symbol) [0x00007FF697C5FFEF]
	(No symbol) [0x00007FF697C80181]
	(No symbol) [0x00007FF697C5FD53]
	(No symbol) [0x00007FF697C2A0E3]
	(No symbol) [0x00007FF697C2B471]
	GetHandleVerifier [0x00007FF69811F30D+3366989]
	GetHandleVerifier [0x00007FF6981312F0+3440688]
	GetHandleVerifier [0x00007FF6981278FD+3401277]
	GetHandleVerifier [0x00007FF697EBAAAB+858091]
	(No symbol) [0x00007FF697D5E74F]
	(No symbol) [0x00007FF697D5A304]
	(No symbol) [0x00007FF697D5A49D]
	(No symbol) [0x00007FF697D48B69]
	BaseThreadInitThunk [0x00007FFF1892E8D7+23]
	RtlUserThreadStart [0x00007FFF19FBFBCC+44]
Traceback (most recent call last):
  File "D:\Projects\export-excel\temp.py", line 50, in scrape_page
    WebDriverWait(driver, 10).until(
  File "D:\Projects\export-excel\.venv\Lib\site-packages\selenium\webdriver\support\wait.py", line 146, in until
    raise TimeoutException(message, screen, stacktrace)
selenium.common.exceptions.TimeoutException: Message: 
Stacktrace:
	GetHandleVerifier [0x00007FF697DF02F5+28725]
	(No symbol) [0x00007FF697D52AE0]
	(No symbol) [0x00007FF697BE510A]
	(No symbol) [0x00007FF697C393D2]
	(No symbol) [0x00007FF697C395FC]
	(No symbol) [0x00007FF697C83407]
	(No symbol) [0x00007FF697C5FFEF]
	(No symbol) [0x00007FF697C80181]
	(No symbol) [0x00007FF697C5FD53]
	(No symbol) [0x00007FF697C2A0E3]
	(No symbol) [0x00007FF697C2B471]
	GetHandleVerifier [0x00007FF69811F30D+3366989]
	GetHandleVerifier [0x00007FF6981312F0+3440688]
	GetHandleVerifier [0x00007FF6981278FD+3401277]
	GetHandleVerifier [0x00007FF697EBAAAB+858091]
	(No symbol) [0x00007FF697D5E74F]
	(No symbol) [0x00007FF697D5A304]
	(No symbol) [0x00007FF697D5A49D]
	(No symbol) [0x00007FF697D48B69]
	BaseThreadInitThunk [0x00007FFF1892E8D7+23]
	RtlUserThreadStart [0x00007FFF19FBFBCC+44]

ERROR:root:Error scraping 23552756: Message: 
Stacktrace:
	GetHandleVerifier [0x00007FF697DF02F5+28725]
	(No symbol) [0x00007FF697D52AE0]
	(No symbol) [0x00007FF697BE510A]
	(No symbol) [0x00007FF697C393D2]
	(No symbol) [0x00007FF697C395FC]
	(No symbol) [0x00007FF697C83407]
	(No symbol) [0x00007FF697C5FFEF]
	(No symbol) [0x00007FF697C80181]
	(No symbol) [0x00007FF697C5FD53]
	(No symbol) [0x00007FF697C2A0E3]
	(No symbol) [0x00007FF697C2B471]
	GetHandleVerifier [0x00007FF69811F30D+3366989]
	GetHandleVerifier [0x00007FF6981312F0+3440688]
	GetHandleVerifier [0x00007FF6981278FD+3401277]
	GetHandleVerifier [0x00007FF697EBAAAB+858091]
	(No symbol) [0x00007FF697D5E74F]
	(No symbol) [0x00007FF697D5A304]
	(No symbol) [0x00007FF697D5A49D]
	(No symbol) [0x00007FF697D48B69]
	BaseThreadInitThunk [0x00007FFF1892E8D7+23]
	RtlUserThreadStart [0x00007FFF19FBFBCC+44]
Traceback (most recent call last):
  File "D:\Projects\export-excel\temp.py", line 50, in scrape_page
    WebDriverWait(driver, 10).until(
  File "D:\Projects\export-excel\.venv\Lib\site-packages\selenium\webdriver\support\wait.py", line 146, in until
    raise TimeoutException(message, screen, stacktrace)
selenium.common.exceptions.TimeoutException: Message: 
Stacktrace:
	GetHandleVerifier [0x00007FF697DF02F5+28725]
	(No symbol) [0x00007FF697D52AE0]
	(No symbol) [0x00007FF697BE510A]
	(No symbol) [0x00007FF697C393D2]
	(No symbol) [0x00007FF697C395FC]
	(No symbol) [0x00007FF697C83407]
	(No symbol) [0x00007FF697C5FFEF]
	(No symbol) [0x00007FF697C80181]
	(No symbol) [0x00007FF697C5FD53]
	(No symbol) [0x00007FF697C2A0E3]
	(No symbol) [0x00007FF697C2B471]
	GetHandleVerifier [0x00007FF69811F30D+3366989]
	GetHandleVerifier [0x00007FF6981312F0+3440688]
	GetHandleVerifier [0x00007FF6981278FD+3401277]
	GetHandleVerifier [0x00007FF697EBAAAB+858091]
	(No symbol) [0x00007FF697D5E74F]
	(No symbol) [0x00007FF697D5A304]
	(No symbol) [0x00007FF697D5A49D]
	(No symbol) [0x00007FF697D48B69]
	BaseThreadInitThunk [0x00007FFF1892E8D7+23]
	RtlUserThreadStart [0x00007FFF19FBFBCC+44]

ERROR:root:Error scraping 23844474: Message: 
Stacktrace:
	GetHandleVerifier [0x00007FF697DF02F5+28725]
	(No symbol) [0x00007FF697D52AE0]
	(No symbol) [0x00007FF697BE510A]
	(No symbol) [0x00007FF697C393D2]
	(No symbol) [0x00007FF697C395FC]
	(No symbol) [0x00007FF697C83407]
	(No symbol) [0x00007FF697C5FFEF]
	(No symbol) [0x00007FF697C80181]
	(No symbol) [0x00007FF697C5FD53]
	(No symbol) [0x00007FF697C2A0E3]
	(No symbol) [0x00007FF697C2B471]
	GetHandleVerifier [0x00007FF69811F30D+3366989]
	GetHandleVerifier [0x00007FF6981312F0+3440688]
	GetHandleVerifier [0x00007FF6981278FD+3401277]
	GetHandleVerifier [0x00007FF697EBAAAB+858091]
	(No symbol) [0x00007FF697D5E74F]
	(No symbol) [0x00007FF697D5A304]
	(No symbol) [0x00007FF697D5A49D]
	(No symbol) [0x00007FF697D48B69]
	BaseThreadInitThunk [0x00007FFF1892E8D7+23]
	RtlUserThreadStart [0x00007FFF19FBFBCC+44]
Traceback (most recent call last):
  File "D:\Projects\export-excel\temp.py", line 50, in scrape_page
    WebDriverWait(driver, 10).until(
  File "D:\Projects\export-excel\.venv\Lib\site-packages\selenium\webdriver\support\wait.py", line 146, in until
    raise TimeoutException(message, screen, stacktrace)
selenium.common.exceptions.TimeoutException: Message: 
Stacktrace:
	GetHandleVerifier [0x00007FF697DF02F5+28725]
	(No symbol) [0x00007FF697D52AE0]
	(No symbol) [0x00007FF697BE510A]
	(No symbol) [0x00007FF697C393D2]
	(No symbol) [0x00007FF697C395FC]
	(No symbol) [0x00007FF697C83407]
	(No symbol) [0x00007FF697C5FFEF]
	(No symbol) [0x00007FF697C80181]
	(No symbol) [0x00007FF697C5FD53]
	(No symbol) [0x00007FF697C2A0E3]
	(No symbol) [0x00007FF697C2B471]
	GetHandleVerifier [0x00007FF69811F30D+3366989]
	GetHandleVerifier [0x00007FF6981312F0+3440688]
	GetHandleVerifier [0x00007FF6981278FD+3401277]
	GetHandleVerifier [0x00007FF697EBAAAB+858091]
	(No symbol) [0x00007FF697D5E74F]
	(No symbol) [0x00007FF697D5A304]
	(No symbol) [0x00007FF697D5A49D]
	(No symbol) [0x00007FF697D48B69]
	BaseThreadInitThunk [0x00007FFF1892E8D7+23]
	RtlUserThreadStart [0x00007FFF19FBFBCC+44]

ERROR:root:Error scraping 23871771: Message: 
Stacktrace:
	GetHandleVerifier [0x00007FF697DF02F5+28725]
	(No symbol) [0x00007FF697D52AE0]
	(No symbol) [0x00007FF697BE510A]
	(No symbol) [0x00007FF697C393D2]
	(No symbol) [0x00007FF697C395FC]
	(No symbol) [0x00007FF697C83407]
	(No symbol) [0x00007FF697C5FFEF]
	(No symbol) [0x00007FF697C80181]
	(No symbol) [0x00007FF697C5FD53]
	(No symbol) [0x00007FF697C2A0E3]
	(No symbol) [0x00007FF697C2B471]
	GetHandleVerifier [0x00007FF69811F30D+3366989]
	GetHandleVerifier [0x00007FF6981312F0+3440688]
	GetHandleVerifier [0x00007FF6981278FD+3401277]
	GetHandleVerifier [0x00007FF697EBAAAB+858091]
	(No symbol) [0x00007FF697D5E74F]
	(No symbol) [0x00007FF697D5A304]
	(No symbol) [0x00007FF697D5A49D]
	(No symbol) [0x00007FF697D48B69]
	BaseThreadInitThunk [0x00007FFF1892E8D7+23]
	RtlUserThreadStart [0x00007FFF19FBFBCC+44]
Traceback (most recent call last):
  File "D:\Projects\export-excel\temp.py", line 50, in scrape_page
    WebDriverWait(driver, 10).until(
  File "D:\Projects\export-excel\.venv\Lib\site-packages\selenium\webdriver\support\wait.py", line 146, in until
    raise TimeoutException(message, screen, stacktrace)
selenium.common.exceptions.TimeoutException: Message: 
Stacktrace:
	GetHandleVerifier [0x00007FF697DF02F5+28725]
	(No symbol) [0x00007FF697D52AE0]
	(No symbol) [0x00007FF697BE510A]
	(No symbol) [0x00007FF697C393D2]
	(No symbol) [0x00007FF697C395FC]
	(No symbol) [0x00007FF697C83407]
	(No symbol) [0x00007FF697C5FFEF]
	(No symbol) [0x00007FF697C80181]
	(No symbol) [0x00007FF697C5FD53]
	(No symbol) [0x00007FF697C2A0E3]
	(No symbol) [0x00007FF697C2B471]
	GetHandleVerifier [0x00007FF69811F30D+3366989]
	GetHandleVerifier [0x00007FF6981312F0+3440688]
	GetHandleVerifier [0x00007FF6981278FD+3401277]
	GetHandleVerifier [0x00007FF697EBAAAB+858091]
	(No symbol) [0x00007FF697D5E74F]
	(No symbol) [0x00007FF697D5A304]
	(No symbol) [0x00007FF697D5A49D]
	(No symbol) [0x00007FF697D48B69]
	BaseThreadInitThunk [0x00007FFF1892E8D7+23]
	RtlUserThreadStart [0x00007FFF19FBFBCC+44]

ERROR:root:Error scraping 24312435: Message: 
Stacktrace:
	GetHandleVerifier [0x00007FF697DF02F5+28725]
	(No symbol) [0x00007FF697D52AE0]
	(No symbol) [0x00007FF697BE510A]
	(No symbol) [0x00007FF697C393D2]
	(No symbol) [0x00007FF697C395FC]
	(No symbol) [0x00007FF697C83407]
	(No symbol) [0x00007FF697C5FFEF]
	(No symbol) [0x00007FF697C80181]
	(No symbol) [0x00007FF697C5FD53]
	(No symbol) [0x00007FF697C2A0E3]
	(No symbol) [0x00007FF697C2B471]
	GetHandleVerifier [0x00007FF69811F30D+3366989]
	GetHandleVerifier [0x00007FF6981312F0+3440688]
	GetHandleVerifier [0x00007FF6981278FD+3401277]
	GetHandleVerifier [0x00007FF697EBAAAB+858091]
	(No symbol) [0x00007FF697D5E74F]
	(No symbol) [0x00007FF697D5A304]
	(No symbol) [0x00007FF697D5A49D]
	(No symbol) [0x00007FF697D48B69]
	BaseThreadInitThunk [0x00007FFF1892E8D7+23]
	RtlUserThreadStart [0x00007FFF19FBFBCC+44]
Traceback (most recent call last):
  File "D:\Projects\export-excel\temp.py", line 50, in scrape_page
    WebDriverWait(driver, 10).until(
  File "D:\Projects\export-excel\.venv\Lib\site-packages\selenium\webdriver\support\wait.py", line 146, in until
    raise TimeoutException(message, screen, stacktrace)
selenium.common.exceptions.TimeoutException: Message: 
Stacktrace:
	GetHandleVerifier [0x00007FF697DF02F5+28725]
	(No symbol) [0x00007FF697D52AE0]
	(No symbol) [0x00007FF697BE510A]
	(No symbol) [0x00007FF697C393D2]
	(No symbol) [0x00007FF697C395FC]
	(No symbol) [0x00007FF697C83407]
	(No symbol) [0x00007FF697C5FFEF]
	(No symbol) [0x00007FF697C80181]
	(No symbol) [0x00007FF697C5FD53]
	(No symbol) [0x00007FF697C2A0E3]
	(No symbol) [0x00007FF697C2B471]
	GetHandleVerifier [0x00007FF69811F30D+3366989]
	GetHandleVerifier [0x00007FF6981312F0+3440688]
	GetHandleVerifier [0x00007FF6981278FD+3401277]
	GetHandleVerifier [0x00007FF697EBAAAB+858091]
	(No symbol) [0x00007FF697D5E74F]
	(No symbol) [0x00007FF697D5A304]
	(No symbol) [0x00007FF697D5A49D]
	(No symbol) [0x00007FF697D48B69]
	BaseThreadInitThunk [0x00007FFF1892E8D7+23]
	RtlUserThreadStart [0x00007FFF19FBFBCC+44]

ERROR:root:Error scraping 24886217: Message: 
Stacktrace:
	GetHandleVerifier [0x00007FF697DF02F5+28725]
	(No symbol) [0x00007FF697D52AE0]
	(No symbol) [0x00007FF697BE510A]
	(No symbol) [0x00007FF697C393D2]
	(No symbol) [0x00007FF697C395FC]
	(No symbol) [0x00007FF697C83407]
	(No symbol) [0x00007FF697C5FFEF]
	(No symbol) [0x00007FF697C80181]
	(No symbol) [0x00007FF697C5FD53]
	(No symbol) [0x00007FF697C2A0E3]
	(No symbol) [0x00007FF697C2B471]
	GetHandleVerifier [0x00007FF69811F30D+3366989]
	GetHandleVerifier [0x00007FF6981312F0+3440688]
	GetHandleVerifier [0x00007FF6981278FD+3401277]
	GetHandleVerifier [0x00007FF697EBAAAB+858091]
	(No symbol) [0x00007FF697D5E74F]
	(No symbol) [0x00007FF697D5A304]
	(No symbol) [0x00007FF697D5A49D]
	(No symbol) [0x00007FF697D48B69]
	BaseThreadInitThunk [0x00007FFF1892E8D7+23]
	RtlUserThreadStart [0x00007FFF19FBFBCC+44]
Traceback (most recent call last):
  File "D:\Projects\export-excel\temp.py", line 50, in scrape_page
    WebDriverWait(driver, 10).until(
  File "D:\Projects\export-excel\.venv\Lib\site-packages\selenium\webdriver\support\wait.py", line 146, in until
    raise TimeoutException(message, screen, stacktrace)
selenium.common.exceptions.TimeoutException: Message: 
Stacktrace:
	GetHandleVerifier [0x00007FF697DF02F5+28725]
	(No symbol) [0x00007FF697D52AE0]
	(No symbol) [0x00007FF697BE510A]
	(No symbol) [0x00007FF697C393D2]
	(No symbol) [0x00007FF697C395FC]
	(No symbol) [0x00007FF697C83407]
	(No symbol) [0x00007FF697C5FFEF]
	(No symbol) [0x00007FF697C80181]
	(No symbol) [0x00007FF697C5FD53]
	(No symbol) [0x00007FF697C2A0E3]
	(No symbol) [0x00007FF697C2B471]
	GetHandleVerifier [0x00007FF69811F30D+3366989]
	GetHandleVerifier [0x00007FF6981312F0+3440688]
	GetHandleVerifier [0x00007FF6981278FD+3401277]
	GetHandleVerifier [0x00007FF697EBAAAB+858091]
	(No symbol) [0x00007FF697D5E74F]
	(No symbol) [0x00007FF697D5A304]
	(No symbol) [0x00007FF697D5A49D]
	(No symbol) [0x00007FF697D48B69]
	BaseThreadInitThunk [0x00007FFF1892E8D7+23]
	RtlUserThreadStart [0x00007FFF19FBFBCC+44]

ERROR:root:Error scraping 25262361: Message: 
Stacktrace:
	GetHandleVerifier [0x00007FF697DF02F5+28725]
	(No symbol) [0x00007FF697D52AE0]
	(No symbol) [0x00007FF697BE510A]
	(No symbol) [0x00007FF697C393D2]
	(No symbol) [0x00007FF697C395FC]
	(No symbol) [0x00007FF697C83407]
	(No symbol) [0x00007FF697C5FFEF]
	(No symbol) [0x00007FF697C80181]
	(No symbol) [0x00007FF697C5FD53]
	(No symbol) [0x00007FF697C2A0E3]
	(No symbol) [0x00007FF697C2B471]
	GetHandleVerifier [0x00007FF69811F30D+3366989]
	GetHandleVerifier [0x00007FF6981312F0+3440688]
	GetHandleVerifier [0x00007FF6981278FD+3401277]
	GetHandleVerifier [0x00007FF697EBAAAB+858091]
	(No symbol) [0x00007FF697D5E74F]
	(No symbol) [0x00007FF697D5A304]
	(No symbol) [0x00007FF697D5A49D]
	(No symbol) [0x00007FF697D48B69]
	BaseThreadInitThunk [0x00007FFF1892E8D7+23]
	RtlUserThreadStart [0x00007FFF19FBFBCC+44]
Traceback (most recent call last):
  File "D:\Projects\export-excel\temp.py", line 50, in scrape_page
    WebDriverWait(driver, 10).until(
  File "D:\Projects\export-excel\.venv\Lib\site-packages\selenium\webdriver\support\wait.py", line 146, in until
    raise TimeoutException(message, screen, stacktrace)
selenium.common.exceptions.TimeoutException: Message: 
Stacktrace:
	GetHandleVerifier [0x00007FF697DF02F5+28725]
	(No symbol) [0x00007FF697D52AE0]
	(No symbol) [0x00007FF697BE510A]
	(No symbol) [0x00007FF697C393D2]
	(No symbol) [0x00007FF697C395FC]
	(No symbol) [0x00007FF697C83407]
	(No symbol) [0x00007FF697C5FFEF]
	(No symbol) [0x00007FF697C80181]
	(No symbol) [0x00007FF697C5FD53]
	(No symbol) [0x00007FF697C2A0E3]
	(No symbol) [0x00007FF697C2B471]
	GetHandleVerifier [0x00007FF69811F30D+3366989]
	GetHandleVerifier [0x00007FF6981312F0+3440688]
	GetHandleVerifier [0x00007FF6981278FD+3401277]
	GetHandleVerifier [0x00007FF697EBAAAB+858091]
	(No symbol) [0x00007FF697D5E74F]
	(No symbol) [0x00007FF697D5A304]
	(No symbol) [0x00007FF697D5A49D]
	(No symbol) [0x00007FF697D48B69]
	BaseThreadInitThunk [0x00007FFF1892E8D7+23]
	RtlUserThreadStart [0x00007FFF19FBFBCC+44]

ERROR:root:Error scraping 25277625: Message: 
Stacktrace:
	GetHandleVerifier [0x00007FF697DF02F5+28725]
	(No symbol) [0x00007FF697D52AE0]
	(No symbol) [0x00007FF697BE510A]
	(No symbol) [0x00007FF697C393D2]
	(No symbol) [0x00007FF697C395FC]
	(No symbol) [0x00007FF697C83407]
	(No symbol) [0x00007FF697C5FFEF]
	(No symbol) [0x00007FF697C80181]
	(No symbol) [0x00007FF697C5FD53]
	(No symbol) [0x00007FF697C2A0E3]
	(No symbol) [0x00007FF697C2B471]
	GetHandleVerifier [0x00007FF69811F30D+3366989]
	GetHandleVerifier [0x00007FF6981312F0+3440688]
	GetHandleVerifier [0x00007FF6981278FD+3401277]
	GetHandleVerifier [0x00007FF697EBAAAB+858091]
	(No symbol) [0x00007FF697D5E74F]
	(No symbol) [0x00007FF697D5A304]
	(No symbol) [0x00007FF697D5A49D]
	(No symbol) [0x00007FF697D48B69]
	BaseThreadInitThunk [0x00007FFF1892E8D7+23]
	RtlUserThreadStart [0x00007FFF19FBFBCC+44]
Traceback (most recent call last):
  File "D:\Projects\export-excel\temp.py", line 50, in scrape_page
    WebDriverWait(driver, 10).until(
  File "D:\Projects\export-excel\.venv\Lib\site-packages\selenium\webdriver\support\wait.py", line 146, in until
    raise TimeoutException(message, screen, stacktrace)
selenium.common.exceptions.TimeoutException: Message: 
Stacktrace:
	GetHandleVerifier [0x00007FF697DF02F5+28725]
	(No symbol) [0x00007FF697D52AE0]
	(No symbol) [0x00007FF697BE510A]
	(No symbol) [0x00007FF697C393D2]
	(No symbol) [0x00007FF697C395FC]
	(No symbol) [0x00007FF697C83407]
	(No symbol) [0x00007FF697C5FFEF]
	(No symbol) [0x00007FF697C80181]
	(No symbol) [0x00007FF697C5FD53]
	(No symbol) [0x00007FF697C2A0E3]
	(No symbol) [0x00007FF697C2B471]
	GetHandleVerifier [0x00007FF69811F30D+3366989]
	GetHandleVerifier [0x00007FF6981312F0+3440688]
	GetHandleVerifier [0x00007FF6981278FD+3401277]
	GetHandleVerifier [0x00007FF697EBAAAB+858091]
	(No symbol) [0x00007FF697D5E74F]
	(No symbol) [0x00007FF697D5A304]
	(No symbol) [0x00007FF697D5A49D]
	(No symbol) [0x00007FF697D48B69]
	BaseThreadInitThunk [0x00007FFF1892E8D7+23]
	RtlUserThreadStart [0x00007FFF19FBFBCC+44]

ERROR:root:Error scraping 26618338: Message: 
Stacktrace:
	GetHandleVerifier [0x00007FF697DF02F5+28725]
	(No symbol) [0x00007FF697D52AE0]
	(No symbol) [0x00007FF697BE510A]
	(No symbol) [0x00007FF697C393D2]
	(No symbol) [0x00007FF697C395FC]
	(No symbol) [0x00007FF697C83407]
	(No symbol) [0x00007FF697C5FFEF]
	(No symbol) [0x00007FF697C80181]
	(No symbol) [0x00007FF697C5FD53]
	(No symbol) [0x00007FF697C2A0E3]
	(No symbol) [0x00007FF697C2B471]
	GetHandleVerifier [0x00007FF69811F30D+3366989]
	GetHandleVerifier [0x00007FF6981312F0+3440688]
	GetHandleVerifier [0x00007FF6981278FD+3401277]
	GetHandleVerifier [0x00007FF697EBAAAB+858091]
	(No symbol) [0x00007FF697D5E74F]
	(No symbol) [0x00007FF697D5A304]
	(No symbol) [0x00007FF697D5A49D]
	(No symbol) [0x00007FF697D48B69]
	BaseThreadInitThunk [0x00007FFF1892E8D7+23]
	RtlUserThreadStart [0x00007FFF19FBFBCC+44]
Traceback (most recent call last):
  File "D:\Projects\export-excel\temp.py", line 50, in scrape_page
    WebDriverWait(driver, 10).until(
  File "D:\Projects\export-excel\.venv\Lib\site-packages\selenium\webdriver\support\wait.py", line 146, in until
    raise TimeoutException(message, screen, stacktrace)
selenium.common.exceptions.TimeoutException: Message: 
Stacktrace:
	GetHandleVerifier [0x00007FF697DF02F5+28725]
	(No symbol) [0x00007FF697D52AE0]
	(No symbol) [0x00007FF697BE510A]
	(No symbol) [0x00007FF697C393D2]
	(No symbol) [0x00007FF697C395FC]
	(No symbol) [0x00007FF697C83407]
	(No symbol) [0x00007FF697C5FFEF]
	(No symbol) [0x00007FF697C80181]
	(No symbol) [0x00007FF697C5FD53]
	(No symbol) [0x00007FF697C2A0E3]
	(No symbol) [0x00007FF697C2B471]
	GetHandleVerifier [0x00007FF69811F30D+3366989]
	GetHandleVerifier [0x00007FF6981312F0+3440688]
	GetHandleVerifier [0x00007FF6981278FD+3401277]
	GetHandleVerifier [0x00007FF697EBAAAB+858091]
	(No symbol) [0x00007FF697D5E74F]
	(No symbol) [0x00007FF697D5A304]
	(No symbol) [0x00007FF697D5A49D]
	(No symbol) [0x00007FF697D48B69]
	BaseThreadInitThunk [0x00007FFF1892E8D7+23]
	RtlUserThreadStart [0x00007FFF19FBFBCC+44]

ERROR:root:Error scraping 28777275: Message: 
Stacktrace:
	GetHandleVerifier [0x00007FF697DF02F5+28725]
	(No symbol) [0x00007FF697D52AE0]
	(No symbol) [0x00007FF697BE510A]
	(No symbol) [0x00007FF697C393D2]
	(No symbol) [0x00007FF697C395FC]
	(No symbol) [0x00007FF697C83407]
	(No symbol) [0x00007FF697C5FFEF]
	(No symbol) [0x00007FF697C80181]
	(No symbol) [0x00007FF697C5FD53]
	(No symbol) [0x00007FF697C2A0E3]
	(No symbol) [0x00007FF697C2B471]
	GetHandleVerifier [0x00007FF69811F30D+3366989]
	GetHandleVerifier [0x00007FF6981312F0+3440688]
	GetHandleVerifier [0x00007FF6981278FD+3401277]
	GetHandleVerifier [0x00007FF697EBAAAB+858091]
	(No symbol) [0x00007FF697D5E74F]
	(No symbol) [0x00007FF697D5A304]
	(No symbol) [0x00007FF697D5A49D]
	(No symbol) [0x00007FF697D48B69]
	BaseThreadInitThunk [0x00007FFF1892E8D7+23]
	RtlUserThreadStart [0x00007FFF19FBFBCC+44]
Traceback (most recent call last):
  File "D:\Projects\export-excel\temp.py", line 50, in scrape_page
    WebDriverWait(driver, 10).until(
  File "D:\Projects\export-excel\.venv\Lib\site-packages\selenium\webdriver\support\wait.py", line 146, in until
    raise TimeoutException(message, screen, stacktrace)
selenium.common.exceptions.TimeoutException: Message: 
Stacktrace:
	GetHandleVerifier [0x00007FF697DF02F5+28725]
	(No symbol) [0x00007FF697D52AE0]
	(No symbol) [0x00007FF697BE510A]
	(No symbol) [0x00007FF697C393D2]
	(No symbol) [0x00007FF697C395FC]
	(No symbol) [0x00007FF697C83407]
	(No symbol) [0x00007FF697C5FFEF]
	(No symbol) [0x00007FF697C80181]
	(No symbol) [0x00007FF697C5FD53]
	(No symbol) [0x00007FF697C2A0E3]
	(No symbol) [0x00007FF697C2B471]
	GetHandleVerifier [0x00007FF69811F30D+3366989]
	GetHandleVerifier [0x00007FF6981312F0+3440688]
	GetHandleVerifier [0x00007FF6981278FD+3401277]
	GetHandleVerifier [0x00007FF697EBAAAB+858091]
	(No symbol) [0x00007FF697D5E74F]
	(No symbol) [0x00007FF697D5A304]
	(No symbol) [0x00007FF697D5A49D]
	(No symbol) [0x00007FF697D48B69]
	BaseThreadInitThunk [0x00007FFF1892E8D7+23]
	RtlUserThreadStart [0x00007FFF19FBFBCC+44]

ERROR:root:Error scraping 42662268: Message: 
Stacktrace:
	GetHandleVerifier [0x00007FF697DF02F5+28725]
	(No symbol) [0x00007FF697D52AE0]
	(No symbol) [0x00007FF697BE510A]
	(No symbol) [0x00007FF697C393D2]
	(No symbol) [0x00007FF697C395FC]
	(No symbol) [0x00007FF697C83407]
	(No symbol) [0x00007FF697C5FFEF]
	(No symbol) [0x00007FF697C80181]
	(No symbol) [0x00007FF697C5FD53]
	(No symbol) [0x00007FF697C2A0E3]
	(No symbol) [0x00007FF697C2B471]
	GetHandleVerifier [0x00007FF69811F30D+3366989]
	GetHandleVerifier [0x00007FF6981312F0+3440688]
	GetHandleVerifier [0x00007FF6981278FD+3401277]
	GetHandleVerifier [0x00007FF697EBAAAB+858091]
	(No symbol) [0x00007FF697D5E74F]
	(No symbol) [0x00007FF697D5A304]
	(No symbol) [0x00007FF697D5A49D]
	(No symbol) [0x00007FF697D48B69]
	BaseThreadInitThunk [0x00007FFF1892E8D7+23]
	RtlUserThreadStart [0x00007FFF19FBFBCC+44]
Traceback (most recent call last):
  File "D:\Projects\export-excel\temp.py", line 50, in scrape_page
    WebDriverWait(driver, 10).until(
  File "D:\Projects\export-excel\.venv\Lib\site-packages\selenium\webdriver\support\wait.py", line 146, in until
    raise TimeoutException(message, screen, stacktrace)
selenium.common.exceptions.TimeoutException: Message: 
Stacktrace:
	GetHandleVerifier [0x00007FF697DF02F5+28725]
	(No symbol) [0x00007FF697D52AE0]
	(No symbol) [0x00007FF697BE510A]
	(No symbol) [0x00007FF697C393D2]
	(No symbol) [0x00007FF697C395FC]
	(No symbol) [0x00007FF697C83407]
	(No symbol) [0x00007FF697C5FFEF]
	(No symbol) [0x00007FF697C80181]
	(No symbol) [0x00007FF697C5FD53]
	(No symbol) [0x00007FF697C2A0E3]
	(No symbol) [0x00007FF697C2B471]
	GetHandleVerifier [0x00007FF69811F30D+3366989]
	GetHandleVerifier [0x00007FF6981312F0+3440688]
	GetHandleVerifier [0x00007FF6981278FD+3401277]
	GetHandleVerifier [0x00007FF697EBAAAB+858091]
	(No symbol) [0x00007FF697D5E74F]
	(No symbol) [0x00007FF697D5A304]
	(No symbol) [0x00007FF697D5A49D]
	(No symbol) [0x00007FF697D48B69]
	BaseThreadInitThunk [0x00007FFF1892E8D7+23]
	RtlUserThreadStart [0x00007FFF19FBFBCC+44]

ERROR:root:Error scraping 25601208: Message: 
Stacktrace:
	GetHandleVerifier [0x00007FF697DF02F5+28725]
	(No symbol) [0x00007FF697D52AE0]
	(No symbol) [0x00007FF697BE510A]
	(No symbol) [0x00007FF697C393D2]
	(No symbol) [0x00007FF697C395FC]
	(No symbol) [0x00007FF697C83407]
	(No symbol) [0x00007FF697C5FFEF]
	(No symbol) [0x00007FF697C80181]
	(No symbol) [0x00007FF697C5FD53]
	(No symbol) [0x00007FF697C2A0E3]
	(No symbol) [0x00007FF697C2B471]
	GetHandleVerifier [0x00007FF69811F30D+3366989]
	GetHandleVerifier [0x00007FF6981312F0+3440688]
	GetHandleVerifier [0x00007FF6981278FD+3401277]
	GetHandleVerifier [0x00007FF697EBAAAB+858091]
	(No symbol) [0x00007FF697D5E74F]
	(No symbol) [0x00007FF697D5A304]
	(No symbol) [0x00007FF697D5A49D]
	(No symbol) [0x00007FF697D48B69]
	BaseThreadInitThunk [0x00007FFF1892E8D7+23]
	RtlUserThreadStart [0x00007FFF19FBFBCC+44]
Traceback (most recent call last):
  File "D:\Projects\export-excel\temp.py", line 50, in scrape_page
    WebDriverWait(driver, 10).until(
  File "D:\Projects\export-excel\.venv\Lib\site-packages\selenium\webdriver\support\wait.py", line 146, in until
    raise TimeoutException(message, screen, stacktrace)
selenium.common.exceptions.TimeoutException: Message: 
Stacktrace:
	GetHandleVerifier [0x00007FF697DF02F5+28725]
	(No symbol) [0x00007FF697D52AE0]
	(No symbol) [0x00007FF697BE510A]
	(No symbol) [0x00007FF697C393D2]
	(No symbol) [0x00007FF697C395FC]
	(No symbol) [0x00007FF697C83407]
	(No symbol) [0x00007FF697C5FFEF]
	(No symbol) [0x00007FF697C80181]
	(No symbol) [0x00007FF697C5FD53]
	(No symbol) [0x00007FF697C2A0E3]
	(No symbol) [0x00007FF697C2B471]
	GetHandleVerifier [0x00007FF69811F30D+3366989]
	GetHandleVerifier [0x00007FF6981312F0+3440688]
	GetHandleVerifier [0x00007FF6981278FD+3401277]
	GetHandleVerifier [0x00007FF697EBAAAB+858091]
	(No symbol) [0x00007FF697D5E74F]
	(No symbol) [0x00007FF697D5A304]
	(No symbol) [0x00007FF697D5A49D]
	(No symbol) [0x00007FF697D48B69]
	BaseThreadInitThunk [0x00007FFF1892E8D7+23]
	RtlUserThreadStart [0x00007FFF19FBFBCC+44]

ERROR:root:Error scraping 26150173: Message: 
Stacktrace:
	GetHandleVerifier [0x00007FF697DF02F5+28725]
	(No symbol) [0x00007FF697D52AE0]
	(No symbol) [0x00007FF697BE510A]
	(No symbol) [0x00007FF697C393D2]
	(No symbol) [0x00007FF697C395FC]
	(No symbol) [0x00007FF697C83407]
	(No symbol) [0x00007FF697C5FFEF]
	(No symbol) [0x00007FF697C80181]
	(No symbol) [0x00007FF697C5FD53]
	(No symbol) [0x00007FF697C2A0E3]
	(No symbol) [0x00007FF697C2B471]
	GetHandleVerifier [0x00007FF69811F30D+3366989]
	GetHandleVerifier [0x00007FF6981312F0+3440688]
	GetHandleVerifier [0x00007FF6981278FD+3401277]
	GetHandleVerifier [0x00007FF697EBAAAB+858091]
	(No symbol) [0x00007FF697D5E74F]
	(No symbol) [0x00007FF697D5A304]
	(No symbol) [0x00007FF697D5A49D]
	(No symbol) [0x00007FF697D48B69]
	BaseThreadInitThunk [0x00007FFF1892E8D7+23]
	RtlUserThreadStart [0x00007FFF19FBFBCC+44]
Traceback (most recent call last):
  File "D:\Projects\export-excel\temp.py", line 50, in scrape_page
    WebDriverWait(driver, 10).until(
  File "D:\Projects\export-excel\.venv\Lib\site-packages\selenium\webdriver\support\wait.py", line 146, in until
    raise TimeoutException(message, screen, stacktrace)
selenium.common.exceptions.TimeoutException: Message: 
Stacktrace:
	GetHandleVerifier [0x00007FF697DF02F5+28725]
	(No symbol) [0x00007FF697D52AE0]
	(No symbol) [0x00007FF697BE510A]
	(No symbol) [0x00007FF697C393D2]
	(No symbol) [0x00007FF697C395FC]
	(No symbol) [0x00007FF697C83407]
	(No symbol) [0x00007FF697C5FFEF]
	(No symbol) [0x00007FF697C80181]
	(No symbol) [0x00007FF697C5FD53]
	(No symbol) [0x00007FF697C2A0E3]
	(No symbol) [0x00007FF697C2B471]
	GetHandleVerifier [0x00007FF69811F30D+3366989]
	GetHandleVerifier [0x00007FF6981312F0+3440688]
	GetHandleVerifier [0x00007FF6981278FD+3401277]
	GetHandleVerifier [0x00007FF697EBAAAB+858091]
	(No symbol) [0x00007FF697D5E74F]
	(No symbol) [0x00007FF697D5A304]
	(No symbol) [0x00007FF697D5A49D]
	(No symbol) [0x00007FF697D48B69]
	BaseThreadInitThunk [0x00007FFF1892E8D7+23]
	RtlUserThreadStart [0x00007FFF19FBFBCC+44]

ERROR:root:Error scraping 26191060: Message: 
Stacktrace:
	GetHandleVerifier [0x00007FF697DF02F5+28725]
	(No symbol) [0x00007FF697D52AE0]
	(No symbol) [0x00007FF697BE510A]
	(No symbol) [0x00007FF697C393D2]
	(No symbol) [0x00007FF697C395FC]
	(No symbol) [0x00007FF697C83407]
	(No symbol) [0x00007FF697C5FFEF]
	(No symbol) [0x00007FF697C80181]
	(No symbol) [0x00007FF697C5FD53]
	(No symbol) [0x00007FF697C2A0E3]
	(No symbol) [0x00007FF697C2B471]
	GetHandleVerifier [0x00007FF69811F30D+3366989]
	GetHandleVerifier [0x00007FF6981312F0+3440688]
	GetHandleVerifier [0x00007FF6981278FD+3401277]
	GetHandleVerifier [0x00007FF697EBAAAB+858091]
	(No symbol) [0x00007FF697D5E74F]
	(No symbol) [0x00007FF697D5A304]
	(No symbol) [0x00007FF697D5A49D]
	(No symbol) [0x00007FF697D48B69]
	BaseThreadInitThunk [0x00007FFF1892E8D7+23]
	RtlUserThreadStart [0x00007FFF19FBFBCC+44]
Traceback (most recent call last):
  File "D:\Projects\export-excel\temp.py", line 50, in scrape_page
    WebDriverWait(driver, 10).until(
  File "D:\Projects\export-excel\.venv\Lib\site-packages\selenium\webdriver\support\wait.py", line 146, in until
    raise TimeoutException(message, screen, stacktrace)
selenium.common.exceptions.TimeoutException: Message: 
Stacktrace:
	GetHandleVerifier [0x00007FF697DF02F5+28725]
	(No symbol) [0x00007FF697D52AE0]
	(No symbol) [0x00007FF697BE510A]
	(No symbol) [0x00007FF697C393D2]
	(No symbol) [0x00007FF697C395FC]
	(No symbol) [0x00007FF697C83407]
	(No symbol) [0x00007FF697C5FFEF]
	(No symbol) [0x00007FF697C80181]
	(No symbol) [0x00007FF697C5FD53]
	(No symbol) [0x00007FF697C2A0E3]
	(No symbol) [0x00007FF697C2B471]
	GetHandleVerifier [0x00007FF69811F30D+3366989]
	GetHandleVerifier [0x00007FF6981312F0+3440688]
	GetHandleVerifier [0x00007FF6981278FD+3401277]
	GetHandleVerifier [0x00007FF697EBAAAB+858091]
	(No symbol) [0x00007FF697D5E74F]
	(No symbol) [0x00007FF697D5A304]
	(No symbol) [0x00007FF697D5A49D]
	(No symbol) [0x00007FF697D48B69]
	BaseThreadInitThunk [0x00007FFF1892E8D7+23]
	RtlUserThreadStart [0x00007FFF19FBFBCC+44]

ERROR:root:Error scraping 26346773: Message: 
Stacktrace:
	GetHandleVerifier [0x00007FF697DF02F5+28725]
	(No symbol) [0x00007FF697D52AE0]
	(No symbol) [0x00007FF697BE510A]
	(No symbol) [0x00007FF697C393D2]
	(No symbol) [0x00007FF697C395FC]
	(No symbol) [0x00007FF697C83407]
	(No symbol) [0x00007FF697C5FFEF]
	(No symbol) [0x00007FF697C80181]
	(No symbol) [0x00007FF697C5FD53]
	(No symbol) [0x00007FF697C2A0E3]
	(No symbol) [0x00007FF697C2B471]
	GetHandleVerifier [0x00007FF69811F30D+3366989]
	GetHandleVerifier [0x00007FF6981312F0+3440688]
	GetHandleVerifier [0x00007FF6981278FD+3401277]
	GetHandleVerifier [0x00007FF697EBAAAB+858091]
	(No symbol) [0x00007FF697D5E74F]
	(No symbol) [0x00007FF697D5A304]
	(No symbol) [0x00007FF697D5A49D]
	(No symbol) [0x00007FF697D48B69]
	BaseThreadInitThunk [0x00007FFF1892E8D7+23]
	RtlUserThreadStart [0x00007FFF19FBFBCC+44]
Traceback (most recent call last):
  File "D:\Projects\export-excel\temp.py", line 50, in scrape_page
    WebDriverWait(driver, 10).until(
  File "D:\Projects\export-excel\.venv\Lib\site-packages\selenium\webdriver\support\wait.py", line 146, in until
    raise TimeoutException(message, screen, stacktrace)
selenium.common.exceptions.TimeoutException: Message: 
Stacktrace:
	GetHandleVerifier [0x00007FF697DF02F5+28725]
	(No symbol) [0x00007FF697D52AE0]
	(No symbol) [0x00007FF697BE510A]
	(No symbol) [0x00007FF697C393D2]
	(No symbol) [0x00007FF697C395FC]
	(No symbol) [0x00007FF697C83407]
	(No symbol) [0x00007FF697C5FFEF]
	(No symbol) [0x00007FF697C80181]
	(No symbol) [0x00007FF697C5FD53]
	(No symbol) [0x00007FF697C2A0E3]
	(No symbol) [0x00007FF697C2B471]
	GetHandleVerifier [0x00007FF69811F30D+3366989]
	GetHandleVerifier [0x00007FF6981312F0+3440688]
	GetHandleVerifier [0x00007FF6981278FD+3401277]
	GetHandleVerifier [0x00007FF697EBAAAB+858091]
	(No symbol) [0x00007FF697D5E74F]
	(No symbol) [0x00007FF697D5A304]
	(No symbol) [0x00007FF697D5A49D]
	(No symbol) [0x00007FF697D48B69]
	BaseThreadInitThunk [0x00007FFF1892E8D7+23]
	RtlUserThreadStart [0x00007FFF19FBFBCC+44]

ERROR:root:Error scraping 26693080: Message: 
Stacktrace:
	GetHandleVerifier [0x00007FF697DF02F5+28725]
	(No symbol) [0x00007FF697D52AE0]
	(No symbol) [0x00007FF697BE510A]
	(No symbol) [0x00007FF697C393D2]
	(No symbol) [0x00007FF697C395FC]
	(No symbol) [0x00007FF697C83407]
	(No symbol) [0x00007FF697C5FFEF]
	(No symbol) [0x00007FF697C80181]
	(No symbol) [0x00007FF697C5FD53]
	(No symbol) [0x00007FF697C2A0E3]
	(No symbol) [0x00007FF697C2B471]
	GetHandleVerifier [0x00007FF69811F30D+3366989]
	GetHandleVerifier [0x00007FF6981312F0+3440688]
	GetHandleVerifier [0x00007FF6981278FD+3401277]
	GetHandleVerifier [0x00007FF697EBAAAB+858091]
	(No symbol) [0x00007FF697D5E74F]
	(No symbol) [0x00007FF697D5A304]
	(No symbol) [0x00007FF697D5A49D]
	(No symbol) [0x00007FF697D48B69]
	BaseThreadInitThunk [0x00007FFF1892E8D7+23]
	RtlUserThreadStart [0x00007FFF19FBFBCC+44]
Traceback (most recent call last):
  File "D:\Projects\export-excel\temp.py", line 50, in scrape_page
    WebDriverWait(driver, 10).until(
  File "D:\Projects\export-excel\.venv\Lib\site-packages\selenium\webdriver\support\wait.py", line 146, in until
    raise TimeoutException(message, screen, stacktrace)
selenium.common.exceptions.TimeoutException: Message: 
Stacktrace:
	GetHandleVerifier [0x00007FF697DF02F5+28725]
	(No symbol) [0x00007FF697D52AE0]
	(No symbol) [0x00007FF697BE510A]
	(No symbol) [0x00007FF697C393D2]
	(No symbol) [0x00007FF697C395FC]
	(No symbol) [0x00007FF697C83407]
	(No symbol) [0x00007FF697C5FFEF]
	(No symbol) [0x00007FF697C80181]
	(No symbol) [0x00007FF697C5FD53]
	(No symbol) [0x00007FF697C2A0E3]
	(No symbol) [0x00007FF697C2B471]
	GetHandleVerifier [0x00007FF69811F30D+3366989]
	GetHandleVerifier [0x00007FF6981312F0+3440688]
	GetHandleVerifier [0x00007FF6981278FD+3401277]
	GetHandleVerifier [0x00007FF697EBAAAB+858091]
	(No symbol) [0x00007FF697D5E74F]
	(No symbol) [0x00007FF697D5A304]
	(No symbol) [0x00007FF697D5A49D]
	(No symbol) [0x00007FF697D48B69]
	BaseThreadInitThunk [0x00007FFF1892E8D7+23]
	RtlUserThreadStart [0x00007FFF19FBFBCC+44]

ERROR:root:Error scraping 26863553: Message: 
Stacktrace:
	GetHandleVerifier [0x00007FF697DF02F5+28725]
	(No symbol) [0x00007FF697D52AE0]
	(No symbol) [0x00007FF697BE510A]
	(No symbol) [0x00007FF697C393D2]
	(No symbol) [0x00007FF697C395FC]
	(No symbol) [0x00007FF697C83407]
	(No symbol) [0x00007FF697C5FFEF]
	(No symbol) [0x00007FF697C80181]
	(No symbol) [0x00007FF697C5FD53]
	(No symbol) [0x00007FF697C2A0E3]
	(No symbol) [0x00007FF697C2B471]
	GetHandleVerifier [0x00007FF69811F30D+3366989]
	GetHandleVerifier [0x00007FF6981312F0+3440688]
	GetHandleVerifier [0x00007FF6981278FD+3401277]
	GetHandleVerifier [0x00007FF697EBAAAB+858091]
	(No symbol) [0x00007FF697D5E74F]
	(No symbol) [0x00007FF697D5A304]
	(No symbol) [0x00007FF697D5A49D]
	(No symbol) [0x00007FF697D48B69]
	BaseThreadInitThunk [0x00007FFF1892E8D7+23]
	RtlUserThreadStart [0x00007FFF19FBFBCC+44]
Traceback (most recent call last):
  File "D:\Projects\export-excel\temp.py", line 50, in scrape_page
    WebDriverWait(driver, 10).until(
  File "D:\Projects\export-excel\.venv\Lib\site-packages\selenium\webdriver\support\wait.py", line 146, in until
    raise TimeoutException(message, screen, stacktrace)
selenium.common.exceptions.TimeoutException: Message: 
Stacktrace:
	GetHandleVerifier [0x00007FF697DF02F5+28725]
	(No symbol) [0x00007FF697D52AE0]
	(No symbol) [0x00007FF697BE510A]
	(No symbol) [0x00007FF697C393D2]
	(No symbol) [0x00007FF697C395FC]
	(No symbol) [0x00007FF697C83407]
	(No symbol) [0x00007FF697C5FFEF]
	(No symbol) [0x00007FF697C80181]
	(No symbol) [0x00007FF697C5FD53]
	(No symbol) [0x00007FF697C2A0E3]
	(No symbol) [0x00007FF697C2B471]
	GetHandleVerifier [0x00007FF69811F30D+3366989]
	GetHandleVerifier [0x00007FF6981312F0+3440688]
	GetHandleVerifier [0x00007FF6981278FD+3401277]
	GetHandleVerifier [0x00007FF697EBAAAB+858091]
	(No symbol) [0x00007FF697D5E74F]
	(No symbol) [0x00007FF697D5A304]
	(No symbol) [0x00007FF697D5A49D]
	(No symbol) [0x00007FF697D48B69]
	BaseThreadInitThunk [0x00007FFF1892E8D7+23]
	RtlUserThreadStart [0x00007FFF19FBFBCC+44]

ERROR:root:Error scraping 27220607: Message: 
Stacktrace:
	GetHandleVerifier [0x00007FF697DF02F5+28725]
	(No symbol) [0x00007FF697D52AE0]
	(No symbol) [0x00007FF697BE510A]
	(No symbol) [0x00007FF697C393D2]
	(No symbol) [0x00007FF697C395FC]
	(No symbol) [0x00007FF697C83407]
	(No symbol) [0x00007FF697C5FFEF]
	(No symbol) [0x00007FF697C80181]
	(No symbol) [0x00007FF697C5FD53]
	(No symbol) [0x00007FF697C2A0E3]
	(No symbol) [0x00007FF697C2B471]
	GetHandleVerifier [0x00007FF69811F30D+3366989]
	GetHandleVerifier [0x00007FF6981312F0+3440688]
	GetHandleVerifier [0x00007FF6981278FD+3401277]
	GetHandleVerifier [0x00007FF697EBAAAB+858091]
	(No symbol) [0x00007FF697D5E74F]
	(No symbol) [0x00007FF697D5A304]
	(No symbol) [0x00007FF697D5A49D]
	(No symbol) [0x00007FF697D48B69]
	BaseThreadInitThunk [0x00007FFF1892E8D7+23]
	RtlUserThreadStart [0x00007FFF19FBFBCC+44]
Traceback (most recent call last):
  File "D:\Projects\export-excel\temp.py", line 50, in scrape_page
    WebDriverWait(driver, 10).until(
  File "D:\Projects\export-excel\.venv\Lib\site-packages\selenium\webdriver\support\wait.py", line 146, in until
    raise TimeoutException(message, screen, stacktrace)
selenium.common.exceptions.TimeoutException: Message: 
Stacktrace:
	GetHandleVerifier [0x00007FF697DF02F5+28725]
	(No symbol) [0x00007FF697D52AE0]
	(No symbol) [0x00007FF697BE510A]
	(No symbol) [0x00007FF697C393D2]
	(No symbol) [0x00007FF697C395FC]
	(No symbol) [0x00007FF697C83407]
	(No symbol) [0x00007FF697C5FFEF]
	(No symbol) [0x00007FF697C80181]
	(No symbol) [0x00007FF697C5FD53]
	(No symbol) [0x00007FF697C2A0E3]
	(No symbol) [0x00007FF697C2B471]
	GetHandleVerifier [0x00007FF69811F30D+3366989]
	GetHandleVerifier [0x00007FF6981312F0+3440688]
	GetHandleVerifier [0x00007FF6981278FD+3401277]
	GetHandleVerifier [0x00007FF697EBAAAB+858091]
	(No symbol) [0x00007FF697D5E74F]
	(No symbol) [0x00007FF697D5A304]
	(No symbol) [0x00007FF697D5A49D]
	(No symbol) [0x00007FF697D48B69]
	BaseThreadInitThunk [0x00007FFF1892E8D7+23]
	RtlUserThreadStart [0x00007FFF19FBFBCC+44]

ERROR:root:Error scraping 27273992: Message: 
Stacktrace:
	GetHandleVerifier [0x00007FF697DF02F5+28725]
	(No symbol) [0x00007FF697D52AE0]
	(No symbol) [0x00007FF697BE510A]
	(No symbol) [0x00007FF697C393D2]
	(No symbol) [0x00007FF697C395FC]
	(No symbol) [0x00007FF697C83407]
	(No symbol) [0x00007FF697C5FFEF]
	(No symbol) [0x00007FF697C80181]
	(No symbol) [0x00007FF697C5FD53]
	(No symbol) [0x00007FF697C2A0E3]
	(No symbol) [0x00007FF697C2B471]
	GetHandleVerifier [0x00007FF69811F30D+3366989]
	GetHandleVerifier [0x00007FF6981312F0+3440688]
	GetHandleVerifier [0x00007FF6981278FD+3401277]
	GetHandleVerifier [0x00007FF697EBAAAB+858091]
	(No symbol) [0x00007FF697D5E74F]
	(No symbol) [0x00007FF697D5A304]
	(No symbol) [0x00007FF697D5A49D]
	(No symbol) [0x00007FF697D48B69]
	BaseThreadInitThunk [0x00007FFF1892E8D7+23]
	RtlUserThreadStart [0x00007FFF19FBFBCC+44]
Traceback (most recent call last):
  File "D:\Projects\export-excel\temp.py", line 50, in scrape_page
    WebDriverWait(driver, 10).until(
  File "D:\Projects\export-excel\.venv\Lib\site-packages\selenium\webdriver\support\wait.py", line 146, in until
    raise TimeoutException(message, screen, stacktrace)
selenium.common.exceptions.TimeoutException: Message: 
Stacktrace:
	GetHandleVerifier [0x00007FF697DF02F5+28725]
	(No symbol) [0x00007FF697D52AE0]
	(No symbol) [0x00007FF697BE510A]
	(No symbol) [0x00007FF697C393D2]
	(No symbol) [0x00007FF697C395FC]
	(No symbol) [0x00007FF697C83407]
	(No symbol) [0x00007FF697C5FFEF]
	(No symbol) [0x00007FF697C80181]
	(No symbol) [0x00007FF697C5FD53]
	(No symbol) [0x00007FF697C2A0E3]
	(No symbol) [0x00007FF697C2B471]
	GetHandleVerifier [0x00007FF69811F30D+3366989]
	GetHandleVerifier [0x00007FF6981312F0+3440688]
	GetHandleVerifier [0x00007FF6981278FD+3401277]
	GetHandleVerifier [0x00007FF697EBAAAB+858091]
	(No symbol) [0x00007FF697D5E74F]
	(No symbol) [0x00007FF697D5A304]
	(No symbol) [0x00007FF697D5A49D]
	(No symbol) [0x00007FF697D48B69]
	BaseThreadInitThunk [0x00007FFF1892E8D7+23]
	RtlUserThreadStart [0x00007FFF19FBFBCC+44]

ERROR:root:Error scraping 27500056: Message: 
Stacktrace:
	GetHandleVerifier [0x00007FF697DF02F5+28725]
	(No symbol) [0x00007FF697D52AE0]
	(No symbol) [0x00007FF697BE510A]
	(No symbol) [0x00007FF697C393D2]
	(No symbol) [0x00007FF697C395FC]
	(No symbol) [0x00007FF697C83407]
	(No symbol) [0x00007FF697C5FFEF]
	(No symbol) [0x00007FF697C80181]
	(No symbol) [0x00007FF697C5FD53]
	(No symbol) [0x00007FF697C2A0E3]
	(No symbol) [0x00007FF697C2B471]
	GetHandleVerifier [0x00007FF69811F30D+3366989]
	GetHandleVerifier [0x00007FF6981312F0+3440688]
	GetHandleVerifier [0x00007FF6981278FD+3401277]
	GetHandleVerifier [0x00007FF697EBAAAB+858091]
	(No symbol) [0x00007FF697D5E74F]
	(No symbol) [0x00007FF697D5A304]
	(No symbol) [0x00007FF697D5A49D]
	(No symbol) [0x00007FF697D48B69]
	BaseThreadInitThunk [0x00007FFF1892E8D7+23]
	RtlUserThreadStart [0x00007FFF19FBFBCC+44]
Traceback (most recent call last):
  File "D:\Projects\export-excel\temp.py", line 50, in scrape_page
    WebDriverWait(driver, 10).until(
  File "D:\Projects\export-excel\.venv\Lib\site-packages\selenium\webdriver\support\wait.py", line 146, in until
    raise TimeoutException(message, screen, stacktrace)
selenium.common.exceptions.TimeoutException: Message: 
Stacktrace:
	GetHandleVerifier [0x00007FF697DF02F5+28725]
	(No symbol) [0x00007FF697D52AE0]
	(No symbol) [0x00007FF697BE510A]
	(No symbol) [0x00007FF697C393D2]
	(No symbol) [0x00007FF697C395FC]
	(No symbol) [0x00007FF697C83407]
	(No symbol) [0x00007FF697C5FFEF]
	(No symbol) [0x00007FF697C80181]
	(No symbol) [0x00007FF697C5FD53]
	(No symbol) [0x00007FF697C2A0E3]
	(No symbol) [0x00007FF697C2B471]
	GetHandleVerifier [0x00007FF69811F30D+3366989]
	GetHandleVerifier [0x00007FF6981312F0+3440688]
	GetHandleVerifier [0x00007FF6981278FD+3401277]
	GetHandleVerifier [0x00007FF697EBAAAB+858091]
	(No symbol) [0x00007FF697D5E74F]
	(No symbol) [0x00007FF697D5A304]
	(No symbol) [0x00007FF697D5A49D]
	(No symbol) [0x00007FF697D48B69]
	BaseThreadInitThunk [0x00007FFF1892E8D7+23]
	RtlUserThreadStart [0x00007FFF19FBFBCC+44]

ERROR:root:Error scraping 28102359: Message: 
Stacktrace:
	GetHandleVerifier [0x00007FF697DF02F5+28725]
	(No symbol) [0x00007FF697D52AE0]
	(No symbol) [0x00007FF697BE510A]
	(No symbol) [0x00007FF697C393D2]
	(No symbol) [0x00007FF697C395FC]
	(No symbol) [0x00007FF697C83407]
	(No symbol) [0x00007FF697C5FFEF]
	(No symbol) [0x00007FF697C80181]
	(No symbol) [0x00007FF697C5FD53]
	(No symbol) [0x00007FF697C2A0E3]
	(No symbol) [0x00007FF697C2B471]
	GetHandleVerifier [0x00007FF69811F30D+3366989]
	GetHandleVerifier [0x00007FF6981312F0+3440688]
	GetHandleVerifier [0x00007FF6981278FD+3401277]
	GetHandleVerifier [0x00007FF697EBAAAB+858091]
	(No symbol) [0x00007FF697D5E74F]
	(No symbol) [0x00007FF697D5A304]
	(No symbol) [0x00007FF697D5A49D]
	(No symbol) [0x00007FF697D48B69]
	BaseThreadInitThunk [0x00007FFF1892E8D7+23]
	RtlUserThreadStart [0x00007FFF19FBFBCC+44]
Traceback (most recent call last):
  File "D:\Projects\export-excel\temp.py", line 50, in scrape_page
    WebDriverWait(driver, 10).until(
  File "D:\Projects\export-excel\.venv\Lib\site-packages\selenium\webdriver\support\wait.py", line 146, in until
    raise TimeoutException(message, screen, stacktrace)
selenium.common.exceptions.TimeoutException: Message: 
Stacktrace:
	GetHandleVerifier [0x00007FF697DF02F5+28725]
	(No symbol) [0x00007FF697D52AE0]
	(No symbol) [0x00007FF697BE510A]
	(No symbol) [0x00007FF697C393D2]
	(No symbol) [0x00007FF697C395FC]
	(No symbol) [0x00007FF697C83407]
	(No symbol) [0x00007FF697C5FFEF]
	(No symbol) [0x00007FF697C80181]
	(No symbol) [0x00007FF697C5FD53]
	(No symbol) [0x00007FF697C2A0E3]
	(No symbol) [0x00007FF697C2B471]
	GetHandleVerifier [0x00007FF69811F30D+3366989]
	GetHandleVerifier [0x00007FF6981312F0+3440688]
	GetHandleVerifier [0x00007FF6981278FD+3401277]
	GetHandleVerifier [0x00007FF697EBAAAB+858091]
	(No symbol) [0x00007FF697D5E74F]
	(No symbol) [0x00007FF697D5A304]
	(No symbol) [0x00007FF697D5A49D]
	(No symbol) [0x00007FF697D48B69]
	BaseThreadInitThunk [0x00007FFF1892E8D7+23]
	RtlUserThreadStart [0x00007FFF19FBFBCC+44]

ERROR:root:Error scraping 28147814: Message: 
Stacktrace:
	GetHandleVerifier [0x00007FF697DF02F5+28725]
	(No symbol) [0x00007FF697D52AE0]
	(No symbol) [0x00007FF697BE510A]
	(No symbol) [0x00007FF697C393D2]
	(No symbol) [0x00007FF697C395FC]
	(No symbol) [0x00007FF697C83407]
	(No symbol) [0x00007FF697C5FFEF]
	(No symbol) [0x00007FF697C80181]
	(No symbol) [0x00007FF697C5FD53]
	(No symbol) [0x00007FF697C2A0E3]
	(No symbol) [0x00007FF697C2B471]
	GetHandleVerifier [0x00007FF69811F30D+3366989]
	GetHandleVerifier [0x00007FF6981312F0+3440688]
	GetHandleVerifier [0x00007FF6981278FD+3401277]
	GetHandleVerifier [0x00007FF697EBAAAB+858091]
	(No symbol) [0x00007FF697D5E74F]
	(No symbol) [0x00007FF697D5A304]
	(No symbol) [0x00007FF697D5A49D]
	(No symbol) [0x00007FF697D48B69]
	BaseThreadInitThunk [0x00007FFF1892E8D7+23]
	RtlUserThreadStart [0x00007FFF19FBFBCC+44]
Traceback (most recent call last):
  File "D:\Projects\export-excel\temp.py", line 50, in scrape_page
    WebDriverWait(driver, 10).until(
  File "D:\Projects\export-excel\.venv\Lib\site-packages\selenium\webdriver\support\wait.py", line 146, in until
    raise TimeoutException(message, screen, stacktrace)
selenium.common.exceptions.TimeoutException: Message: 
Stacktrace:
	GetHandleVerifier [0x00007FF697DF02F5+28725]
	(No symbol) [0x00007FF697D52AE0]
	(No symbol) [0x00007FF697BE510A]
	(No symbol) [0x00007FF697C393D2]
	(No symbol) [0x00007FF697C395FC]
	(No symbol) [0x00007FF697C83407]
	(No symbol) [0x00007FF697C5FFEF]
	(No symbol) [0x00007FF697C80181]
	(No symbol) [0x00007FF697C5FD53]
	(No symbol) [0x00007FF697C2A0E3]
	(No symbol) [0x00007FF697C2B471]
	GetHandleVerifier [0x00007FF69811F30D+3366989]
	GetHandleVerifier [0x00007FF6981312F0+3440688]
	GetHandleVerifier [0x00007FF6981278FD+3401277]
	GetHandleVerifier [0x00007FF697EBAAAB+858091]
	(No symbol) [0x00007FF697D5E74F]
	(No symbol) [0x00007FF697D5A304]
	(No symbol) [0x00007FF697D5A49D]
	(No symbol) [0x00007FF697D48B69]
	BaseThreadInitThunk [0x00007FFF1892E8D7+23]
	RtlUserThreadStart [0x00007FFF19FBFBCC+44]

ERROR:root:Error scraping 28386083: Message: 
Stacktrace:
	GetHandleVerifier [0x00007FF697DF02F5+28725]
	(No symbol) [0x00007FF697D52AE0]
	(No symbol) [0x00007FF697BE510A]
	(No symbol) [0x00007FF697C393D2]
	(No symbol) [0x00007FF697C395FC]
	(No symbol) [0x00007FF697C83407]
	(No symbol) [0x00007FF697C5FFEF]
	(No symbol) [0x00007FF697C80181]
	(No symbol) [0x00007FF697C5FD53]
	(No symbol) [0x00007FF697C2A0E3]
	(No symbol) [0x00007FF697C2B471]
	GetHandleVerifier [0x00007FF69811F30D+3366989]
	GetHandleVerifier [0x00007FF6981312F0+3440688]
	GetHandleVerifier [0x00007FF6981278FD+3401277]
	GetHandleVerifier [0x00007FF697EBAAAB+858091]
	(No symbol) [0x00007FF697D5E74F]
	(No symbol) [0x00007FF697D5A304]
	(No symbol) [0x00007FF697D5A49D]
	(No symbol) [0x00007FF697D48B69]
	BaseThreadInitThunk [0x00007FFF1892E8D7+23]
	RtlUserThreadStart [0x00007FFF19FBFBCC+44]
Traceback (most recent call last):
  File "D:\Projects\export-excel\temp.py", line 50, in scrape_page
    WebDriverWait(driver, 10).until(
  File "D:\Projects\export-excel\.venv\Lib\site-packages\selenium\webdriver\support\wait.py", line 146, in until
    raise TimeoutException(message, screen, stacktrace)
selenium.common.exceptions.TimeoutException: Message: 
Stacktrace:
	GetHandleVerifier [0x00007FF697DF02F5+28725]
	(No symbol) [0x00007FF697D52AE0]
	(No symbol) [0x00007FF697BE510A]
	(No symbol) [0x00007FF697C393D2]
	(No symbol) [0x00007FF697C395FC]
	(No symbol) [0x00007FF697C83407]
	(No symbol) [0x00007FF697C5FFEF]
	(No symbol) [0x00007FF697C80181]
	(No symbol) [0x00007FF697C5FD53]
	(No symbol) [0x00007FF697C2A0E3]
	(No symbol) [0x00007FF697C2B471]
	GetHandleVerifier [0x00007FF69811F30D+3366989]
	GetHandleVerifier [0x00007FF6981312F0+3440688]
	GetHandleVerifier [0x00007FF6981278FD+3401277]
	GetHandleVerifier [0x00007FF697EBAAAB+858091]
	(No symbol) [0x00007FF697D5E74F]
	(No symbol) [0x00007FF697D5A304]
	(No symbol) [0x00007FF697D5A49D]
	(No symbol) [0x00007FF697D48B69]
	BaseThreadInitThunk [0x00007FFF1892E8D7+23]
	RtlUserThreadStart [0x00007FFF19FBFBCC+44]

ERROR:root:Error scraping 28786722: Message: 
Stacktrace:
	GetHandleVerifier [0x00007FF697DF02F5+28725]
	(No symbol) [0x00007FF697D52AE0]
	(No symbol) [0x00007FF697BE510A]
	(No symbol) [0x00007FF697C393D2]
	(No symbol) [0x00007FF697C395FC]
	(No symbol) [0x00007FF697C83407]
	(No symbol) [0x00007FF697C5FFEF]
	(No symbol) [0x00007FF697C80181]
	(No symbol) [0x00007FF697C5FD53]
	(No symbol) [0x00007FF697C2A0E3]
	(No symbol) [0x00007FF697C2B471]
	GetHandleVerifier [0x00007FF69811F30D+3366989]
	GetHandleVerifier [0x00007FF6981312F0+3440688]
	GetHandleVerifier [0x00007FF6981278FD+3401277]
	GetHandleVerifier [0x00007FF697EBAAAB+858091]
	(No symbol) [0x00007FF697D5E74F]
	(No symbol) [0x00007FF697D5A304]
	(No symbol) [0x00007FF697D5A49D]
	(No symbol) [0x00007FF697D48B69]
	BaseThreadInitThunk [0x00007FFF1892E8D7+23]
	RtlUserThreadStart [0x00007FFF19FBFBCC+44]
Traceback (most recent call last):
  File "D:\Projects\export-excel\temp.py", line 50, in scrape_page
    WebDriverWait(driver, 10).until(
  File "D:\Projects\export-excel\.venv\Lib\site-packages\selenium\webdriver\support\wait.py", line 146, in until
    raise TimeoutException(message, screen, stacktrace)
selenium.common.exceptions.TimeoutException: Message: 
Stacktrace:
	GetHandleVerifier [0x00007FF697DF02F5+28725]
	(No symbol) [0x00007FF697D52AE0]
	(No symbol) [0x00007FF697BE510A]
	(No symbol) [0x00007FF697C393D2]
	(No symbol) [0x00007FF697C395FC]
	(No symbol) [0x00007FF697C83407]
	(No symbol) [0x00007FF697C5FFEF]
	(No symbol) [0x00007FF697C80181]
	(No symbol) [0x00007FF697C5FD53]
	(No symbol) [0x00007FF697C2A0E3]
	(No symbol) [0x00007FF697C2B471]
	GetHandleVerifier [0x00007FF69811F30D+3366989]
	GetHandleVerifier [0x00007FF6981312F0+3440688]
	GetHandleVerifier [0x00007FF6981278FD+3401277]
	GetHandleVerifier [0x00007FF697EBAAAB+858091]
	(No symbol) [0x00007FF697D5E74F]
	(No symbol) [0x00007FF697D5A304]
	(No symbol) [0x00007FF697D5A49D]
	(No symbol) [0x00007FF697D48B69]
	BaseThreadInitThunk [0x00007FFF1892E8D7+23]
	RtlUserThreadStart [0x00007FFF19FBFBCC+44]

ERROR:root:Error scraping 28853558: Message: 
Stacktrace:
	GetHandleVerifier [0x00007FF697DF02F5+28725]
	(No symbol) [0x00007FF697D52AE0]
	(No symbol) [0x00007FF697BE510A]
	(No symbol) [0x00007FF697C393D2]
	(No symbol) [0x00007FF697C395FC]
	(No symbol) [0x00007FF697C83407]
	(No symbol) [0x00007FF697C5FFEF]
	(No symbol) [0x00007FF697C80181]
	(No symbol) [0x00007FF697C5FD53]
	(No symbol) [0x00007FF697C2A0E3]
	(No symbol) [0x00007FF697C2B471]
	GetHandleVerifier [0x00007FF69811F30D+3366989]
	GetHandleVerifier [0x00007FF6981312F0+3440688]
	GetHandleVerifier [0x00007FF6981278FD+3401277]
	GetHandleVerifier [0x00007FF697EBAAAB+858091]
	(No symbol) [0x00007FF697D5E74F]
	(No symbol) [0x00007FF697D5A304]
	(No symbol) [0x00007FF697D5A49D]
	(No symbol) [0x00007FF697D48B69]
	BaseThreadInitThunk [0x00007FFF1892E8D7+23]
	RtlUserThreadStart [0x00007FFF19FBFBCC+44]
Traceback (most recent call last):
  File "D:\Projects\export-excel\temp.py", line 50, in scrape_page
    WebDriverWait(driver, 10).until(
  File "D:\Projects\export-excel\.venv\Lib\site-packages\selenium\webdriver\support\wait.py", line 146, in until
    raise TimeoutException(message, screen, stacktrace)
selenium.common.exceptions.TimeoutException: Message: 
Stacktrace:
	GetHandleVerifier [0x00007FF697DF02F5+28725]
	(No symbol) [0x00007FF697D52AE0]
	(No symbol) [0x00007FF697BE510A]
	(No symbol) [0x00007FF697C393D2]
	(No symbol) [0x00007FF697C395FC]
	(No symbol) [0x00007FF697C83407]
	(No symbol) [0x00007FF697C5FFEF]
	(No symbol) [0x00007FF697C80181]
	(No symbol) [0x00007FF697C5FD53]
	(No symbol) [0x00007FF697C2A0E3]
	(No symbol) [0x00007FF697C2B471]
	GetHandleVerifier [0x00007FF69811F30D+3366989]
	GetHandleVerifier [0x00007FF6981312F0+3440688]
	GetHandleVerifier [0x00007FF6981278FD+3401277]
	GetHandleVerifier [0x00007FF697EBAAAB+858091]
	(No symbol) [0x00007FF697D5E74F]
	(No symbol) [0x00007FF697D5A304]
	(No symbol) [0x00007FF697D5A49D]
	(No symbol) [0x00007FF697D48B69]
	BaseThreadInitThunk [0x00007FFF1892E8D7+23]
	RtlUserThreadStart [0x00007FFF19FBFBCC+44]

ERROR:root:Error scraping 29311120: Message: 
Stacktrace:
	GetHandleVerifier [0x00007FF697DF02F5+28725]
	(No symbol) [0x00007FF697D52AE0]
	(No symbol) [0x00007FF697BE510A]
	(No symbol) [0x00007FF697C393D2]
	(No symbol) [0x00007FF697C395FC]
	(No symbol) [0x00007FF697C83407]
	(No symbol) [0x00007FF697C5FFEF]
	(No symbol) [0x00007FF697C80181]
	(No symbol) [0x00007FF697C5FD53]
	(No symbol) [0x00007FF697C2A0E3]
	(No symbol) [0x00007FF697C2B471]
	GetHandleVerifier [0x00007FF69811F30D+3366989]
	GetHandleVerifier [0x00007FF6981312F0+3440688]
	GetHandleVerifier [0x00007FF6981278FD+3401277]
	GetHandleVerifier [0x00007FF697EBAAAB+858091]
	(No symbol) [0x00007FF697D5E74F]
	(No symbol) [0x00007FF697D5A304]
	(No symbol) [0x00007FF697D5A49D]
	(No symbol) [0x00007FF697D48B69]
	BaseThreadInitThunk [0x00007FFF1892E8D7+23]
	RtlUserThreadStart [0x00007FFF19FBFBCC+44]
Traceback (most recent call last):
  File "D:\Projects\export-excel\temp.py", line 50, in scrape_page
    WebDriverWait(driver, 10).until(
  File "D:\Projects\export-excel\.venv\Lib\site-packages\selenium\webdriver\support\wait.py", line 146, in until
    raise TimeoutException(message, screen, stacktrace)
selenium.common.exceptions.TimeoutException: Message: 
Stacktrace:
	GetHandleVerifier [0x00007FF697DF02F5+28725]
	(No symbol) [0x00007FF697D52AE0]
	(No symbol) [0x00007FF697BE510A]
	(No symbol) [0x00007FF697C393D2]
	(No symbol) [0x00007FF697C395FC]
	(No symbol) [0x00007FF697C83407]
	(No symbol) [0x00007FF697C5FFEF]
	(No symbol) [0x00007FF697C80181]
	(No symbol) [0x00007FF697C5FD53]
	(No symbol) [0x00007FF697C2A0E3]
	(No symbol) [0x00007FF697C2B471]
	GetHandleVerifier [0x00007FF69811F30D+3366989]
	GetHandleVerifier [0x00007FF6981312F0+3440688]
	GetHandleVerifier [0x00007FF6981278FD+3401277]
	GetHandleVerifier [0x00007FF697EBAAAB+858091]
	(No symbol) [0x00007FF697D5E74F]
	(No symbol) [0x00007FF697D5A304]
	(No symbol) [0x00007FF697D5A49D]
	(No symbol) [0x00007FF697D48B69]
	BaseThreadInitThunk [0x00007FFF1892E8D7+23]
	RtlUserThreadStart [0x00007FFF19FBFBCC+44]

ERROR:root:Error scraping 32254781: Message: 
Stacktrace:
	GetHandleVerifier [0x00007FF697DF02F5+28725]
	(No symbol) [0x00007FF697D52AE0]
	(No symbol) [0x00007FF697BE510A]
	(No symbol) [0x00007FF697C393D2]
	(No symbol) [0x00007FF697C395FC]
	(No symbol) [0x00007FF697C83407]
	(No symbol) [0x00007FF697C5FFEF]
	(No symbol) [0x00007FF697C80181]
	(No symbol) [0x00007FF697C5FD53]
	(No symbol) [0x00007FF697C2A0E3]
	(No symbol) [0x00007FF697C2B471]
	GetHandleVerifier [0x00007FF69811F30D+3366989]
	GetHandleVerifier [0x00007FF6981312F0+3440688]
	GetHandleVerifier [0x00007FF6981278FD+3401277]
	GetHandleVerifier [0x00007FF697EBAAAB+858091]
	(No symbol) [0x00007FF697D5E74F]
	(No symbol) [0x00007FF697D5A304]
	(No symbol) [0x00007FF697D5A49D]
	(No symbol) [0x00007FF697D48B69]
	BaseThreadInitThunk [0x00007FFF1892E8D7+23]
	RtlUserThreadStart [0x00007FFF19FBFBCC+44]
Traceback (most recent call last):
  File "D:\Projects\export-excel\temp.py", line 50, in scrape_page
    WebDriverWait(driver, 10).until(
  File "D:\Projects\export-excel\.venv\Lib\site-packages\selenium\webdriver\support\wait.py", line 146, in until
    raise TimeoutException(message, screen, stacktrace)
selenium.common.exceptions.TimeoutException: Message: 
Stacktrace:
	GetHandleVerifier [0x00007FF697DF02F5+28725]
	(No symbol) [0x00007FF697D52AE0]
	(No symbol) [0x00007FF697BE510A]
	(No symbol) [0x00007FF697C393D2]
	(No symbol) [0x00007FF697C395FC]
	(No symbol) [0x00007FF697C83407]
	(No symbol) [0x00007FF697C5FFEF]
	(No symbol) [0x00007FF697C80181]
	(No symbol) [0x00007FF697C5FD53]
	(No symbol) [0x00007FF697C2A0E3]
	(No symbol) [0x00007FF697C2B471]
	GetHandleVerifier [0x00007FF69811F30D+3366989]
	GetHandleVerifier [0x00007FF6981312F0+3440688]
	GetHandleVerifier [0x00007FF6981278FD+3401277]
	GetHandleVerifier [0x00007FF697EBAAAB+858091]
	(No symbol) [0x00007FF697D5E74F]
	(No symbol) [0x00007FF697D5A304]
	(No symbol) [0x00007FF697D5A49D]
	(No symbol) [0x00007FF697D48B69]
	BaseThreadInitThunk [0x00007FFF1892E8D7+23]
	RtlUserThreadStart [0x00007FFF19FBFBCC+44]

ERROR:root:Error scraping 28962688: Message: 
Stacktrace:
	GetHandleVerifier [0x00007FF697DF02F5+28725]
	(No symbol) [0x00007FF697D52AE0]
	(No symbol) [0x00007FF697BE510A]
	(No symbol) [0x00007FF697C393D2]
	(No symbol) [0x00007FF697C395FC]
	(No symbol) [0x00007FF697C83407]
	(No symbol) [0x00007FF697C5FFEF]
	(No symbol) [0x00007FF697C80181]
	(No symbol) [0x00007FF697C5FD53]
	(No symbol) [0x00007FF697C2A0E3]
	(No symbol) [0x00007FF697C2B471]
	GetHandleVerifier [0x00007FF69811F30D+3366989]
	GetHandleVerifier [0x00007FF6981312F0+3440688]
	GetHandleVerifier [0x00007FF6981278FD+3401277]
	GetHandleVerifier [0x00007FF697EBAAAB+858091]
	(No symbol) [0x00007FF697D5E74F]
	(No symbol) [0x00007FF697D5A304]
	(No symbol) [0x00007FF697D5A49D]
	(No symbol) [0x00007FF697D48B69]
	BaseThreadInitThunk [0x00007FFF1892E8D7+23]
	RtlUserThreadStart [0x00007FFF19FBFBCC+44]
Traceback (most recent call last):
  File "D:\Projects\export-excel\temp.py", line 50, in scrape_page
    WebDriverWait(driver, 10).until(
  File "D:\Projects\export-excel\.venv\Lib\site-packages\selenium\webdriver\support\wait.py", line 146, in until
    raise TimeoutException(message, screen, stacktrace)
selenium.common.exceptions.TimeoutException: Message: 
Stacktrace:
	GetHandleVerifier [0x00007FF697DF02F5+28725]
	(No symbol) [0x00007FF697D52AE0]
	(No symbol) [0x00007FF697BE510A]
	(No symbol) [0x00007FF697C393D2]
	(No symbol) [0x00007FF697C395FC]
	(No symbol) [0x00007FF697C83407]
	(No symbol) [0x00007FF697C5FFEF]
	(No symbol) [0x00007FF697C80181]
	(No symbol) [0x00007FF697C5FD53]
	(No symbol) [0x00007FF697C2A0E3]
	(No symbol) [0x00007FF697C2B471]
	GetHandleVerifier [0x00007FF69811F30D+3366989]
	GetHandleVerifier [0x00007FF6981312F0+3440688]
	GetHandleVerifier [0x00007FF6981278FD+3401277]
	GetHandleVerifier [0x00007FF697EBAAAB+858091]
	(No symbol) [0x00007FF697D5E74F]
	(No symbol) [0x00007FF697D5A304]
	(No symbol) [0x00007FF697D5A49D]
	(No symbol) [0x00007FF697D48B69]
	BaseThreadInitThunk [0x00007FFF1892E8D7+23]
	RtlUserThreadStart [0x00007FFF19FBFBCC+44]

ERROR:root:Error scraping 29290130: Message: 
Stacktrace:
	GetHandleVerifier [0x00007FF697DF02F5+28725]
	(No symbol) [0x00007FF697D52AE0]
	(No symbol) [0x00007FF697BE510A]
	(No symbol) [0x00007FF697C393D2]
	(No symbol) [0x00007FF697C395FC]
	(No symbol) [0x00007FF697C83407]
	(No symbol) [0x00007FF697C5FFEF]
	(No symbol) [0x00007FF697C80181]
	(No symbol) [0x00007FF697C5FD53]
	(No symbol) [0x00007FF697C2A0E3]
	(No symbol) [0x00007FF697C2B471]
	GetHandleVerifier [0x00007FF69811F30D+3366989]
	GetHandleVerifier [0x00007FF6981312F0+3440688]
	GetHandleVerifier [0x00007FF6981278FD+3401277]
	GetHandleVerifier [0x00007FF697EBAAAB+858091]
	(No symbol) [0x00007FF697D5E74F]
	(No symbol) [0x00007FF697D5A304]
	(No symbol) [0x00007FF697D5A49D]
	(No symbol) [0x00007FF697D48B69]
	BaseThreadInitThunk [0x00007FFF1892E8D7+23]
	RtlUserThreadStart [0x00007FFF19FBFBCC+44]
Traceback (most recent call last):
  File "D:\Projects\export-excel\temp.py", line 50, in scrape_page
    WebDriverWait(driver, 10).until(
  File "D:\Projects\export-excel\.venv\Lib\site-packages\selenium\webdriver\support\wait.py", line 146, in until
    raise TimeoutException(message, screen, stacktrace)
selenium.common.exceptions.TimeoutException: Message: 
Stacktrace:
	GetHandleVerifier [0x00007FF697DF02F5+28725]
	(No symbol) [0x00007FF697D52AE0]
	(No symbol) [0x00007FF697BE510A]
	(No symbol) [0x00007FF697C393D2]
	(No symbol) [0x00007FF697C395FC]
	(No symbol) [0x00007FF697C83407]
	(No symbol) [0x00007FF697C5FFEF]
	(No symbol) [0x00007FF697C80181]
	(No symbol) [0x00007FF697C5FD53]
	(No symbol) [0x00007FF697C2A0E3]
	(No symbol) [0x00007FF697C2B471]
	GetHandleVerifier [0x00007FF69811F30D+3366989]
	GetHandleVerifier [0x00007FF6981312F0+3440688]
	GetHandleVerifier [0x00007FF6981278FD+3401277]
	GetHandleVerifier [0x00007FF697EBAAAB+858091]
	(No symbol) [0x00007FF697D5E74F]
	(No symbol) [0x00007FF697D5A304]
	(No symbol) [0x00007FF697D5A49D]
	(No symbol) [0x00007FF697D48B69]
	BaseThreadInitThunk [0x00007FFF1892E8D7+23]
	RtlUserThreadStart [0x00007FFF19FBFBCC+44]

ERROR:root:Error scraping 29747140: Message: 
Stacktrace:
	GetHandleVerifier [0x00007FF697DF02F5+28725]
	(No symbol) [0x00007FF697D52AE0]
	(No symbol) [0x00007FF697BE510A]
	(No symbol) [0x00007FF697C393D2]
	(No symbol) [0x00007FF697C395FC]
	(No symbol) [0x00007FF697C83407]
	(No symbol) [0x00007FF697C5FFEF]
	(No symbol) [0x00007FF697C80181]
	(No symbol) [0x00007FF697C5FD53]
	(No symbol) [0x00007FF697C2A0E3]
	(No symbol) [0x00007FF697C2B471]
	GetHandleVerifier [0x00007FF69811F30D+3366989]
	GetHandleVerifier [0x00007FF6981312F0+3440688]
	GetHandleVerifier [0x00007FF6981278FD+3401277]
	GetHandleVerifier [0x00007FF697EBAAAB+858091]
	(No symbol) [0x00007FF697D5E74F]
	(No symbol) [0x00007FF697D5A304]
	(No symbol) [0x00007FF697D5A49D]
	(No symbol) [0x00007FF697D48B69]
	BaseThreadInitThunk [0x00007FFF1892E8D7+23]
	RtlUserThreadStart [0x00007FFF19FBFBCC+44]
Traceback (most recent call last):
  File "D:\Projects\export-excel\temp.py", line 50, in scrape_page
    WebDriverWait(driver, 10).until(
  File "D:\Projects\export-excel\.venv\Lib\site-packages\selenium\webdriver\support\wait.py", line 146, in until
    raise TimeoutException(message, screen, stacktrace)
selenium.common.exceptions.TimeoutException: Message: 
Stacktrace:
	GetHandleVerifier [0x00007FF697DF02F5+28725]
	(No symbol) [0x00007FF697D52AE0]
	(No symbol) [0x00007FF697BE510A]
	(No symbol) [0x00007FF697C393D2]
	(No symbol) [0x00007FF697C395FC]
	(No symbol) [0x00007FF697C83407]
	(No symbol) [0x00007FF697C5FFEF]
	(No symbol) [0x00007FF697C80181]
	(No symbol) [0x00007FF697C5FD53]
	(No symbol) [0x00007FF697C2A0E3]
	(No symbol) [0x00007FF697C2B471]
	GetHandleVerifier [0x00007FF69811F30D+3366989]
	GetHandleVerifier [0x00007FF6981312F0+3440688]
	GetHandleVerifier [0x00007FF6981278FD+3401277]
	GetHandleVerifier [0x00007FF697EBAAAB+858091]
	(No symbol) [0x00007FF697D5E74F]
	(No symbol) [0x00007FF697D5A304]
	(No symbol) [0x00007FF697D5A49D]
	(No symbol) [0x00007FF697D48B69]
	BaseThreadInitThunk [0x00007FFF1892E8D7+23]
	RtlUserThreadStart [0x00007FFF19FBFBCC+44]

ERROR:root:Error scraping 29895256: Message: 
Stacktrace:
	GetHandleVerifier [0x00007FF697DF02F5+28725]
	(No symbol) [0x00007FF697D52AE0]
	(No symbol) [0x00007FF697BE510A]
	(No symbol) [0x00007FF697C393D2]
	(No symbol) [0x00007FF697C395FC]
	(No symbol) [0x00007FF697C83407]
	(No symbol) [0x00007FF697C5FFEF]
	(No symbol) [0x00007FF697C80181]
	(No symbol) [0x00007FF697C5FD53]
	(No symbol) [0x00007FF697C2A0E3]
	(No symbol) [0x00007FF697C2B471]
	GetHandleVerifier [0x00007FF69811F30D+3366989]
	GetHandleVerifier [0x00007FF6981312F0+3440688]
	GetHandleVerifier [0x00007FF6981278FD+3401277]
	GetHandleVerifier [0x00007FF697EBAAAB+858091]
	(No symbol) [0x00007FF697D5E74F]
	(No symbol) [0x00007FF697D5A304]
	(No symbol) [0x00007FF697D5A49D]
	(No symbol) [0x00007FF697D48B69]
	BaseThreadInitThunk [0x00007FFF1892E8D7+23]
	RtlUserThreadStart [0x00007FFF19FBFBCC+44]
Traceback (most recent call last):
  File "D:\Projects\export-excel\temp.py", line 50, in scrape_page
    WebDriverWait(driver, 10).until(
  File "D:\Projects\export-excel\.venv\Lib\site-packages\selenium\webdriver\support\wait.py", line 146, in until
    raise TimeoutException(message, screen, stacktrace)
selenium.common.exceptions.TimeoutException: Message: 
Stacktrace:
	GetHandleVerifier [0x00007FF697DF02F5+28725]
	(No symbol) [0x00007FF697D52AE0]
	(No symbol) [0x00007FF697BE510A]
	(No symbol) [0x00007FF697C393D2]
	(No symbol) [0x00007FF697C395FC]
	(No symbol) [0x00007FF697C83407]
	(No symbol) [0x00007FF697C5FFEF]
	(No symbol) [0x00007FF697C80181]
	(No symbol) [0x00007FF697C5FD53]
	(No symbol) [0x00007FF697C2A0E3]
	(No symbol) [0x00007FF697C2B471]
	GetHandleVerifier [0x00007FF69811F30D+3366989]
	GetHandleVerifier [0x00007FF6981312F0+3440688]
	GetHandleVerifier [0x00007FF6981278FD+3401277]
	GetHandleVerifier [0x00007FF697EBAAAB+858091]
	(No symbol) [0x00007FF697D5E74F]
	(No symbol) [0x00007FF697D5A304]
	(No symbol) [0x00007FF697D5A49D]
	(No symbol) [0x00007FF697D48B69]
	BaseThreadInitThunk [0x00007FFF1892E8D7+23]
	RtlUserThreadStart [0x00007FFF19FBFBCC+44]

ERROR:root:Error scraping 29895294: Message: 
Stacktrace:
	GetHandleVerifier [0x00007FF697DF02F5+28725]
	(No symbol) [0x00007FF697D52AE0]
	(No symbol) [0x00007FF697BE510A]
	(No symbol) [0x00007FF697C393D2]
	(No symbol) [0x00007FF697C395FC]
	(No symbol) [0x00007FF697C83407]
	(No symbol) [0x00007FF697C5FFEF]
	(No symbol) [0x00007FF697C80181]
	(No symbol) [0x00007FF697C5FD53]
	(No symbol) [0x00007FF697C2A0E3]
	(No symbol) [0x00007FF697C2B471]
	GetHandleVerifier [0x00007FF69811F30D+3366989]
	GetHandleVerifier [0x00007FF6981312F0+3440688]
	GetHandleVerifier [0x00007FF6981278FD+3401277]
	GetHandleVerifier [0x00007FF697EBAAAB+858091]
	(No symbol) [0x00007FF697D5E74F]
	(No symbol) [0x00007FF697D5A304]
	(No symbol) [0x00007FF697D5A49D]
	(No symbol) [0x00007FF697D48B69]
	BaseThreadInitThunk [0x00007FFF1892E8D7+23]
	RtlUserThreadStart [0x00007FFF19FBFBCC+44]
Traceback (most recent call last):
  File "D:\Projects\export-excel\temp.py", line 50, in scrape_page
    WebDriverWait(driver, 10).until(
  File "D:\Projects\export-excel\.venv\Lib\site-packages\selenium\webdriver\support\wait.py", line 146, in until
    raise TimeoutException(message, screen, stacktrace)
selenium.common.exceptions.TimeoutException: Message: 
Stacktrace:
	GetHandleVerifier [0x00007FF697DF02F5+28725]
	(No symbol) [0x00007FF697D52AE0]
	(No symbol) [0x00007FF697BE510A]
	(No symbol) [0x00007FF697C393D2]
	(No symbol) [0x00007FF697C395FC]
	(No symbol) [0x00007FF697C83407]
	(No symbol) [0x00007FF697C5FFEF]
	(No symbol) [0x00007FF697C80181]
	(No symbol) [0x00007FF697C5FD53]
	(No symbol) [0x00007FF697C2A0E3]
	(No symbol) [0x00007FF697C2B471]
	GetHandleVerifier [0x00007FF69811F30D+3366989]
	GetHandleVerifier [0x00007FF6981312F0+3440688]
	GetHandleVerifier [0x00007FF6981278FD+3401277]
	GetHandleVerifier [0x00007FF697EBAAAB+858091]
	(No symbol) [0x00007FF697D5E74F]
	(No symbol) [0x00007FF697D5A304]
	(No symbol) [0x00007FF697D5A49D]
	(No symbol) [0x00007FF697D48B69]
	BaseThreadInitThunk [0x00007FFF1892E8D7+23]
	RtlUserThreadStart [0x00007FFF19FBFBCC+44]

ERROR:root:Error scraping 30058974: Message: 
Stacktrace:
	GetHandleVerifier [0x00007FF697DF02F5+28725]
	(No symbol) [0x00007FF697D52AE0]
	(No symbol) [0x00007FF697BE510A]
	(No symbol) [0x00007FF697C393D2]
	(No symbol) [0x00007FF697C395FC]
	(No symbol) [0x00007FF697C83407]
	(No symbol) [0x00007FF697C5FFEF]
	(No symbol) [0x00007FF697C80181]
	(No symbol) [0x00007FF697C5FD53]
	(No symbol) [0x00007FF697C2A0E3]
	(No symbol) [0x00007FF697C2B471]
	GetHandleVerifier [0x00007FF69811F30D+3366989]
	GetHandleVerifier [0x00007FF6981312F0+3440688]
	GetHandleVerifier [0x00007FF6981278FD+3401277]
	GetHandleVerifier [0x00007FF697EBAAAB+858091]
	(No symbol) [0x00007FF697D5E74F]
	(No symbol) [0x00007FF697D5A304]
	(No symbol) [0x00007FF697D5A49D]
	(No symbol) [0x00007FF697D48B69]
	BaseThreadInitThunk [0x00007FFF1892E8D7+23]
	RtlUserThreadStart [0x00007FFF19FBFBCC+44]
Traceback (most recent call last):
  File "D:\Projects\export-excel\temp.py", line 50, in scrape_page
    WebDriverWait(driver, 10).until(
  File "D:\Projects\export-excel\.venv\Lib\site-packages\selenium\webdriver\support\wait.py", line 146, in until
    raise TimeoutException(message, screen, stacktrace)
selenium.common.exceptions.TimeoutException: Message: 
Stacktrace:
	GetHandleVerifier [0x00007FF697DF02F5+28725]
	(No symbol) [0x00007FF697D52AE0]
	(No symbol) [0x00007FF697BE510A]
	(No symbol) [0x00007FF697C393D2]
	(No symbol) [0x00007FF697C395FC]
	(No symbol) [0x00007FF697C83407]
	(No symbol) [0x00007FF697C5FFEF]
	(No symbol) [0x00007FF697C80181]
	(No symbol) [0x00007FF697C5FD53]
	(No symbol) [0x00007FF697C2A0E3]
	(No symbol) [0x00007FF697C2B471]
	GetHandleVerifier [0x00007FF69811F30D+3366989]
	GetHandleVerifier [0x00007FF6981312F0+3440688]
	GetHandleVerifier [0x00007FF6981278FD+3401277]
	GetHandleVerifier [0x00007FF697EBAAAB+858091]
	(No symbol) [0x00007FF697D5E74F]
	(No symbol) [0x00007FF697D5A304]
	(No symbol) [0x00007FF697D5A49D]
	(No symbol) [0x00007FF697D48B69]
	BaseThreadInitThunk [0x00007FFF1892E8D7+23]
	RtlUserThreadStart [0x00007FFF19FBFBCC+44]

ERROR:root:Error scraping 30108047: Message: 
Stacktrace:
	GetHandleVerifier [0x00007FF697DF02F5+28725]
	(No symbol) [0x00007FF697D52AE0]
	(No symbol) [0x00007FF697BE510A]
	(No symbol) [0x00007FF697C393D2]
	(No symbol) [0x00007FF697C395FC]
	(No symbol) [0x00007FF697C83407]
	(No symbol) [0x00007FF697C5FFEF]
	(No symbol) [0x00007FF697C80181]
	(No symbol) [0x00007FF697C5FD53]
	(No symbol) [0x00007FF697C2A0E3]
	(No symbol) [0x00007FF697C2B471]
	GetHandleVerifier [0x00007FF69811F30D+3366989]
	GetHandleVerifier [0x00007FF6981312F0+3440688]
	GetHandleVerifier [0x00007FF6981278FD+3401277]
	GetHandleVerifier [0x00007FF697EBAAAB+858091]
	(No symbol) [0x00007FF697D5E74F]
	(No symbol) [0x00007FF697D5A304]
	(No symbol) [0x00007FF697D5A49D]
	(No symbol) [0x00007FF697D48B69]
	BaseThreadInitThunk [0x00007FFF1892E8D7+23]
	RtlUserThreadStart [0x00007FFF19FBFBCC+44]
Traceback (most recent call last):
  File "D:\Projects\export-excel\temp.py", line 50, in scrape_page
    WebDriverWait(driver, 10).until(
  File "D:\Projects\export-excel\.venv\Lib\site-packages\selenium\webdriver\support\wait.py", line 146, in until
    raise TimeoutException(message, screen, stacktrace)
selenium.common.exceptions.TimeoutException: Message: 
Stacktrace:
	GetHandleVerifier [0x00007FF697DF02F5+28725]
	(No symbol) [0x00007FF697D52AE0]
	(No symbol) [0x00007FF697BE510A]
	(No symbol) [0x00007FF697C393D2]
	(No symbol) [0x00007FF697C395FC]
	(No symbol) [0x00007FF697C83407]
	(No symbol) [0x00007FF697C5FFEF]
	(No symbol) [0x00007FF697C80181]
	(No symbol) [0x00007FF697C5FD53]
	(No symbol) [0x00007FF697C2A0E3]
	(No symbol) [0x00007FF697C2B471]
	GetHandleVerifier [0x00007FF69811F30D+3366989]
	GetHandleVerifier [0x00007FF6981312F0+3440688]
	GetHandleVerifier [0x00007FF6981278FD+3401277]
	GetHandleVerifier [0x00007FF697EBAAAB+858091]
	(No symbol) [0x00007FF697D5E74F]
	(No symbol) [0x00007FF697D5A304]
	(No symbol) [0x00007FF697D5A49D]
	(No symbol) [0x00007FF697D48B69]
	BaseThreadInitThunk [0x00007FFF1892E8D7+23]
	RtlUserThreadStart [0x00007FFF19FBFBCC+44]

ERROR:root:Error scraping 30517584: Message: 
Stacktrace:
	GetHandleVerifier [0x00007FF697DF02F5+28725]
	(No symbol) [0x00007FF697D52AE0]
	(No symbol) [0x00007FF697BE510A]
	(No symbol) [0x00007FF697C393D2]
	(No symbol) [0x00007FF697C395FC]
	(No symbol) [0x00007FF697C83407]
	(No symbol) [0x00007FF697C5FFEF]
	(No symbol) [0x00007FF697C80181]
	(No symbol) [0x00007FF697C5FD53]
	(No symbol) [0x00007FF697C2A0E3]
	(No symbol) [0x00007FF697C2B471]
	GetHandleVerifier [0x00007FF69811F30D+3366989]
	GetHandleVerifier [0x00007FF6981312F0+3440688]
	GetHandleVerifier [0x00007FF6981278FD+3401277]
	GetHandleVerifier [0x00007FF697EBAAAB+858091]
	(No symbol) [0x00007FF697D5E74F]
	(No symbol) [0x00007FF697D5A304]
	(No symbol) [0x00007FF697D5A49D]
	(No symbol) [0x00007FF697D48B69]
	BaseThreadInitThunk [0x00007FFF1892E8D7+23]
	RtlUserThreadStart [0x00007FFF19FBFBCC+44]
Traceback (most recent call last):
  File "D:\Projects\export-excel\temp.py", line 50, in scrape_page
    WebDriverWait(driver, 10).until(
  File "D:\Projects\export-excel\.venv\Lib\site-packages\selenium\webdriver\support\wait.py", line 146, in until
    raise TimeoutException(message, screen, stacktrace)
selenium.common.exceptions.TimeoutException: Message: 
Stacktrace:
	GetHandleVerifier [0x00007FF697DF02F5+28725]
	(No symbol) [0x00007FF697D52AE0]
	(No symbol) [0x00007FF697BE510A]
	(No symbol) [0x00007FF697C393D2]
	(No symbol) [0x00007FF697C395FC]
	(No symbol) [0x00007FF697C83407]
	(No symbol) [0x00007FF697C5FFEF]
	(No symbol) [0x00007FF697C80181]
	(No symbol) [0x00007FF697C5FD53]
	(No symbol) [0x00007FF697C2A0E3]
	(No symbol) [0x00007FF697C2B471]
	GetHandleVerifier [0x00007FF69811F30D+3366989]
	GetHandleVerifier [0x00007FF6981312F0+3440688]
	GetHandleVerifier [0x00007FF6981278FD+3401277]
	GetHandleVerifier [0x00007FF697EBAAAB+858091]
	(No symbol) [0x00007FF697D5E74F]
	(No symbol) [0x00007FF697D5A304]
	(No symbol) [0x00007FF697D5A49D]
	(No symbol) [0x00007FF697D48B69]
	BaseThreadInitThunk [0x00007FFF1892E8D7+23]
	RtlUserThreadStart [0x00007FFF19FBFBCC+44]

ERROR:root:Error scraping 30564209: Message: 
Stacktrace:
	GetHandleVerifier [0x00007FF697DF02F5+28725]
	(No symbol) [0x00007FF697D52AE0]
	(No symbol) [0x00007FF697BE510A]
	(No symbol) [0x00007FF697C393D2]
	(No symbol) [0x00007FF697C395FC]
	(No symbol) [0x00007FF697C83407]
	(No symbol) [0x00007FF697C5FFEF]
	(No symbol) [0x00007FF697C80181]
	(No symbol) [0x00007FF697C5FD53]
	(No symbol) [0x00007FF697C2A0E3]
	(No symbol) [0x00007FF697C2B471]
	GetHandleVerifier [0x00007FF69811F30D+3366989]
	GetHandleVerifier [0x00007FF6981312F0+3440688]
	GetHandleVerifier [0x00007FF6981278FD+3401277]
	GetHandleVerifier [0x00007FF697EBAAAB+858091]
	(No symbol) [0x00007FF697D5E74F]
	(No symbol) [0x00007FF697D5A304]
	(No symbol) [0x00007FF697D5A49D]
	(No symbol) [0x00007FF697D48B69]
	BaseThreadInitThunk [0x00007FFF1892E8D7+23]
	RtlUserThreadStart [0x00007FFF19FBFBCC+44]
Traceback (most recent call last):
  File "D:\Projects\export-excel\temp.py", line 50, in scrape_page
    WebDriverWait(driver, 10).until(
  File "D:\Projects\export-excel\.venv\Lib\site-packages\selenium\webdriver\support\wait.py", line 146, in until
    raise TimeoutException(message, screen, stacktrace)
selenium.common.exceptions.TimeoutException: Message: 
Stacktrace:
	GetHandleVerifier [0x00007FF697DF02F5+28725]
	(No symbol) [0x00007FF697D52AE0]
	(No symbol) [0x00007FF697BE510A]
	(No symbol) [0x00007FF697C393D2]
	(No symbol) [0x00007FF697C395FC]
	(No symbol) [0x00007FF697C83407]
	(No symbol) [0x00007FF697C5FFEF]
	(No symbol) [0x00007FF697C80181]
	(No symbol) [0x00007FF697C5FD53]
	(No symbol) [0x00007FF697C2A0E3]
	(No symbol) [0x00007FF697C2B471]
	GetHandleVerifier [0x00007FF69811F30D+3366989]
	GetHandleVerifier [0x00007FF6981312F0+3440688]
	GetHandleVerifier [0x00007FF6981278FD+3401277]
	GetHandleVerifier [0x00007FF697EBAAAB+858091]
	(No symbol) [0x00007FF697D5E74F]
	(No symbol) [0x00007FF697D5A304]
	(No symbol) [0x00007FF697D5A49D]
	(No symbol) [0x00007FF697D48B69]
	BaseThreadInitThunk [0x00007FFF1892E8D7+23]
	RtlUserThreadStart [0x00007FFF19FBFBCC+44]

ERROR:root:Error scraping 32263212: Message: 
Stacktrace:
	GetHandleVerifier [0x00007FF697DF02F5+28725]
	(No symbol) [0x00007FF697D52AE0]
	(No symbol) [0x00007FF697BE510A]
	(No symbol) [0x00007FF697C393D2]
	(No symbol) [0x00007FF697C395FC]
	(No symbol) [0x00007FF697C83407]
	(No symbol) [0x00007FF697C5FFEF]
	(No symbol) [0x00007FF697C80181]
	(No symbol) [0x00007FF697C5FD53]
	(No symbol) [0x00007FF697C2A0E3]
	(No symbol) [0x00007FF697C2B471]
	GetHandleVerifier [0x00007FF69811F30D+3366989]
	GetHandleVerifier [0x00007FF6981312F0+3440688]
	GetHandleVerifier [0x00007FF6981278FD+3401277]
	GetHandleVerifier [0x00007FF697EBAAAB+858091]
	(No symbol) [0x00007FF697D5E74F]
	(No symbol) [0x00007FF697D5A304]
	(No symbol) [0x00007FF697D5A49D]
	(No symbol) [0x00007FF697D48B69]
	BaseThreadInitThunk [0x00007FFF1892E8D7+23]
	RtlUserThreadStart [0x00007FFF19FBFBCC+44]
Traceback (most recent call last):
  File "D:\Projects\export-excel\temp.py", line 50, in scrape_page
    WebDriverWait(driver, 10).until(
  File "D:\Projects\export-excel\.venv\Lib\site-packages\selenium\webdriver\support\wait.py", line 146, in until
    raise TimeoutException(message, screen, stacktrace)
selenium.common.exceptions.TimeoutException: Message: 
Stacktrace:
	GetHandleVerifier [0x00007FF697DF02F5+28725]
	(No symbol) [0x00007FF697D52AE0]
	(No symbol) [0x00007FF697BE510A]
	(No symbol) [0x00007FF697C393D2]
	(No symbol) [0x00007FF697C395FC]
	(No symbol) [0x00007FF697C83407]
	(No symbol) [0x00007FF697C5FFEF]
	(No symbol) [0x00007FF697C80181]
	(No symbol) [0x00007FF697C5FD53]
	(No symbol) [0x00007FF697C2A0E3]
	(No symbol) [0x00007FF697C2B471]
	GetHandleVerifier [0x00007FF69811F30D+3366989]
	GetHandleVerifier [0x00007FF6981312F0+3440688]
	GetHandleVerifier [0x00007FF6981278FD+3401277]
	GetHandleVerifier [0x00007FF697EBAAAB+858091]
	(No symbol) [0x00007FF697D5E74F]
	(No symbol) [0x00007FF697D5A304]
	(No symbol) [0x00007FF697D5A49D]
	(No symbol) [0x00007FF697D48B69]
	BaseThreadInitThunk [0x00007FFF1892E8D7+23]
	RtlUserThreadStart [0x00007FFF19FBFBCC+44]

ERROR:root:Error scraping 32357452: Message: 
Stacktrace:
	GetHandleVerifier [0x00007FF697DF02F5+28725]
	(No symbol) [0x00007FF697D52AE0]
	(No symbol) [0x00007FF697BE510A]
	(No symbol) [0x00007FF697C393D2]
	(No symbol) [0x00007FF697C395FC]
	(No symbol) [0x00007FF697C83407]
	(No symbol) [0x00007FF697C5FFEF]
	(No symbol) [0x00007FF697C80181]
	(No symbol) [0x00007FF697C5FD53]
	(No symbol) [0x00007FF697C2A0E3]
	(No symbol) [0x00007FF697C2B471]
	GetHandleVerifier [0x00007FF69811F30D+3366989]
	GetHandleVerifier [0x00007FF6981312F0+3440688]
	GetHandleVerifier [0x00007FF6981278FD+3401277]
	GetHandleVerifier [0x00007FF697EBAAAB+858091]
	(No symbol) [0x00007FF697D5E74F]
	(No symbol) [0x00007FF697D5A304]
	(No symbol) [0x00007FF697D5A49D]
	(No symbol) [0x00007FF697D48B69]
	BaseThreadInitThunk [0x00007FFF1892E8D7+23]
	RtlUserThreadStart [0x00007FFF19FBFBCC+44]
Traceback (most recent call last):
  File "D:\Projects\export-excel\temp.py", line 50, in scrape_page
    WebDriverWait(driver, 10).until(
  File "D:\Projects\export-excel\.venv\Lib\site-packages\selenium\webdriver\support\wait.py", line 146, in until
    raise TimeoutException(message, screen, stacktrace)
selenium.common.exceptions.TimeoutException: Message: 
Stacktrace:
	GetHandleVerifier [0x00007FF697DF02F5+28725]
	(No symbol) [0x00007FF697D52AE0]
	(No symbol) [0x00007FF697BE510A]
	(No symbol) [0x00007FF697C393D2]
	(No symbol) [0x00007FF697C395FC]
	(No symbol) [0x00007FF697C83407]
	(No symbol) [0x00007FF697C5FFEF]
	(No symbol) [0x00007FF697C80181]
	(No symbol) [0x00007FF697C5FD53]
	(No symbol) [0x00007FF697C2A0E3]
	(No symbol) [0x00007FF697C2B471]
	GetHandleVerifier [0x00007FF69811F30D+3366989]
	GetHandleVerifier [0x00007FF6981312F0+3440688]
	GetHandleVerifier [0x00007FF6981278FD+3401277]
	GetHandleVerifier [0x00007FF697EBAAAB+858091]
	(No symbol) [0x00007FF697D5E74F]
	(No symbol) [0x00007FF697D5A304]
	(No symbol) [0x00007FF697D5A49D]
	(No symbol) [0x00007FF697D48B69]
	BaseThreadInitThunk [0x00007FFF1892E8D7+23]
	RtlUserThreadStart [0x00007FFF19FBFBCC+44]

ERROR:root:Error scraping 32444810: Message: 
Stacktrace:
	GetHandleVerifier [0x00007FF697DF02F5+28725]
	(No symbol) [0x00007FF697D52AE0]
	(No symbol) [0x00007FF697BE510A]
	(No symbol) [0x00007FF697C393D2]
	(No symbol) [0x00007FF697C395FC]
	(No symbol) [0x00007FF697C83407]
	(No symbol) [0x00007FF697C5FFEF]
	(No symbol) [0x00007FF697C80181]
	(No symbol) [0x00007FF697C5FD53]
	(No symbol) [0x00007FF697C2A0E3]
	(No symbol) [0x00007FF697C2B471]
	GetHandleVerifier [0x00007FF69811F30D+3366989]
	GetHandleVerifier [0x00007FF6981312F0+3440688]
	GetHandleVerifier [0x00007FF6981278FD+3401277]
	GetHandleVerifier [0x00007FF697EBAAAB+858091]
	(No symbol) [0x00007FF697D5E74F]
	(No symbol) [0x00007FF697D5A304]
	(No symbol) [0x00007FF697D5A49D]
	(No symbol) [0x00007FF697D48B69]
	BaseThreadInitThunk [0x00007FFF1892E8D7+23]
	RtlUserThreadStart [0x00007FFF19FBFBCC+44]
Traceback (most recent call last):
  File "D:\Projects\export-excel\temp.py", line 50, in scrape_page
    WebDriverWait(driver, 10).until(
  File "D:\Projects\export-excel\.venv\Lib\site-packages\selenium\webdriver\support\wait.py", line 146, in until
    raise TimeoutException(message, screen, stacktrace)
selenium.common.exceptions.TimeoutException: Message: 
Stacktrace:
	GetHandleVerifier [0x00007FF697DF02F5+28725]
	(No symbol) [0x00007FF697D52AE0]
	(No symbol) [0x00007FF697BE510A]
	(No symbol) [0x00007FF697C393D2]
	(No symbol) [0x00007FF697C395FC]
	(No symbol) [0x00007FF697C83407]
	(No symbol) [0x00007FF697C5FFEF]
	(No symbol) [0x00007FF697C80181]
	(No symbol) [0x00007FF697C5FD53]
	(No symbol) [0x00007FF697C2A0E3]
	(No symbol) [0x00007FF697C2B471]
	GetHandleVerifier [0x00007FF69811F30D+3366989]
	GetHandleVerifier [0x00007FF6981312F0+3440688]
	GetHandleVerifier [0x00007FF6981278FD+3401277]
	GetHandleVerifier [0x00007FF697EBAAAB+858091]
	(No symbol) [0x00007FF697D5E74F]
	(No symbol) [0x00007FF697D5A304]
	(No symbol) [0x00007FF697D5A49D]
	(No symbol) [0x00007FF697D48B69]
	BaseThreadInitThunk [0x00007FFF1892E8D7+23]
	RtlUserThreadStart [0x00007FFF19FBFBCC+44]

ERROR:root:Error scraping 32465118: Message: 
Stacktrace:
	GetHandleVerifier [0x00007FF697DF02F5+28725]
	(No symbol) [0x00007FF697D52AE0]
	(No symbol) [0x00007FF697BE510A]
	(No symbol) [0x00007FF697C393D2]
	(No symbol) [0x00007FF697C395FC]
	(No symbol) [0x00007FF697C83407]
	(No symbol) [0x00007FF697C5FFEF]
	(No symbol) [0x00007FF697C80181]
	(No symbol) [0x00007FF697C5FD53]
	(No symbol) [0x00007FF697C2A0E3]
	(No symbol) [0x00007FF697C2B471]
	GetHandleVerifier [0x00007FF69811F30D+3366989]
	GetHandleVerifier [0x00007FF6981312F0+3440688]
	GetHandleVerifier [0x00007FF6981278FD+3401277]
	GetHandleVerifier [0x00007FF697EBAAAB+858091]
	(No symbol) [0x00007FF697D5E74F]
	(No symbol) [0x00007FF697D5A304]
	(No symbol) [0x00007FF697D5A49D]
	(No symbol) [0x00007FF697D48B69]
	BaseThreadInitThunk [0x00007FFF1892E8D7+23]
	RtlUserThreadStart [0x00007FFF19FBFBCC+44]
Traceback (most recent call last):
  File "D:\Projects\export-excel\temp.py", line 50, in scrape_page
    WebDriverWait(driver, 10).until(
  File "D:\Projects\export-excel\.venv\Lib\site-packages\selenium\webdriver\support\wait.py", line 146, in until
    raise TimeoutException(message, screen, stacktrace)
selenium.common.exceptions.TimeoutException: Message: 
Stacktrace:
	GetHandleVerifier [0x00007FF697DF02F5+28725]
	(No symbol) [0x00007FF697D52AE0]
	(No symbol) [0x00007FF697BE510A]
	(No symbol) [0x00007FF697C393D2]
	(No symbol) [0x00007FF697C395FC]
	(No symbol) [0x00007FF697C83407]
	(No symbol) [0x00007FF697C5FFEF]
	(No symbol) [0x00007FF697C80181]
	(No symbol) [0x00007FF697C5FD53]
	(No symbol) [0x00007FF697C2A0E3]
	(No symbol) [0x00007FF697C2B471]
	GetHandleVerifier [0x00007FF69811F30D+3366989]
	GetHandleVerifier [0x00007FF6981312F0+3440688]
	GetHandleVerifier [0x00007FF6981278FD+3401277]
	GetHandleVerifier [0x00007FF697EBAAAB+858091]
	(No symbol) [0x00007FF697D5E74F]
	(No symbol) [0x00007FF697D5A304]
	(No symbol) [0x00007FF697D5A49D]
	(No symbol) [0x00007FF697D48B69]
	BaseThreadInitThunk [0x00007FFF1892E8D7+23]
	RtlUserThreadStart [0x00007FFF19FBFBCC+44]

ERROR:root:Error scraping 32713639: Message: 
Stacktrace:
	GetHandleVerifier [0x00007FF697DF02F5+28725]
	(No symbol) [0x00007FF697D52AE0]
	(No symbol) [0x00007FF697BE510A]
	(No symbol) [0x00007FF697C393D2]
	(No symbol) [0x00007FF697C395FC]
	(No symbol) [0x00007FF697C83407]
	(No symbol) [0x00007FF697C5FFEF]
	(No symbol) [0x00007FF697C80181]
	(No symbol) [0x00007FF697C5FD53]
	(No symbol) [0x00007FF697C2A0E3]
	(No symbol) [0x00007FF697C2B471]
	GetHandleVerifier [0x00007FF69811F30D+3366989]
	GetHandleVerifier [0x00007FF6981312F0+3440688]
	GetHandleVerifier [0x00007FF6981278FD+3401277]
	GetHandleVerifier [0x00007FF697EBAAAB+858091]
	(No symbol) [0x00007FF697D5E74F]
	(No symbol) [0x00007FF697D5A304]
	(No symbol) [0x00007FF697D5A49D]
	(No symbol) [0x00007FF697D48B69]
	BaseThreadInitThunk [0x00007FFF1892E8D7+23]
	RtlUserThreadStart [0x00007FFF19FBFBCC+44]
Traceback (most recent call last):
  File "D:\Projects\export-excel\temp.py", line 50, in scrape_page
    WebDriverWait(driver, 10).until(
  File "D:\Projects\export-excel\.venv\Lib\site-packages\selenium\webdriver\support\wait.py", line 146, in until
    raise TimeoutException(message, screen, stacktrace)
selenium.common.exceptions.TimeoutException: Message: 
Stacktrace:
	GetHandleVerifier [0x00007FF697DF02F5+28725]
	(No symbol) [0x00007FF697D52AE0]
	(No symbol) [0x00007FF697BE510A]
	(No symbol) [0x00007FF697C393D2]
	(No symbol) [0x00007FF697C395FC]
	(No symbol) [0x00007FF697C83407]
	(No symbol) [0x00007FF697C5FFEF]
	(No symbol) [0x00007FF697C80181]
	(No symbol) [0x00007FF697C5FD53]
	(No symbol) [0x00007FF697C2A0E3]
	(No symbol) [0x00007FF697C2B471]
	GetHandleVerifier [0x00007FF69811F30D+3366989]
	GetHandleVerifier [0x00007FF6981312F0+3440688]
	GetHandleVerifier [0x00007FF6981278FD+3401277]
	GetHandleVerifier [0x00007FF697EBAAAB+858091]
	(No symbol) [0x00007FF697D5E74F]
	(No symbol) [0x00007FF697D5A304]
	(No symbol) [0x00007FF697D5A49D]
	(No symbol) [0x00007FF697D48B69]
	BaseThreadInitThunk [0x00007FFF1892E8D7+23]
	RtlUserThreadStart [0x00007FFF19FBFBCC+44]

ERROR:root:Error scraping 34921691: Message: 
Stacktrace:
	GetHandleVerifier [0x00007FF697DF02F5+28725]
	(No symbol) [0x00007FF697D52AE0]
	(No symbol) [0x00007FF697BE510A]
	(No symbol) [0x00007FF697C393D2]
	(No symbol) [0x00007FF697C395FC]
	(No symbol) [0x00007FF697C83407]
	(No symbol) [0x00007FF697C5FFEF]
	(No symbol) [0x00007FF697C80181]
	(No symbol) [0x00007FF697C5FD53]
	(No symbol) [0x00007FF697C2A0E3]
	(No symbol) [0x00007FF697C2B471]
	GetHandleVerifier [0x00007FF69811F30D+3366989]
	GetHandleVerifier [0x00007FF6981312F0+3440688]
	GetHandleVerifier [0x00007FF6981278FD+3401277]
	GetHandleVerifier [0x00007FF697EBAAAB+858091]
	(No symbol) [0x00007FF697D5E74F]
	(No symbol) [0x00007FF697D5A304]
	(No symbol) [0x00007FF697D5A49D]
	(No symbol) [0x00007FF697D48B69]
	BaseThreadInitThunk [0x00007FFF1892E8D7+23]
	RtlUserThreadStart [0x00007FFF19FBFBCC+44]
Traceback (most recent call last):
  File "D:\Projects\export-excel\temp.py", line 50, in scrape_page
    WebDriverWait(driver, 10).until(
  File "D:\Projects\export-excel\.venv\Lib\site-packages\selenium\webdriver\support\wait.py", line 146, in until
    raise TimeoutException(message, screen, stacktrace)
selenium.common.exceptions.TimeoutException: Message: 
Stacktrace:
	GetHandleVerifier [0x00007FF697DF02F5+28725]
	(No symbol) [0x00007FF697D52AE0]
	(No symbol) [0x00007FF697BE510A]
	(No symbol) [0x00007FF697C393D2]
	(No symbol) [0x00007FF697C395FC]
	(No symbol) [0x00007FF697C83407]
	(No symbol) [0x00007FF697C5FFEF]
	(No symbol) [0x00007FF697C80181]
	(No symbol) [0x00007FF697C5FD53]
	(No symbol) [0x00007FF697C2A0E3]
	(No symbol) [0x00007FF697C2B471]
	GetHandleVerifier [0x00007FF69811F30D+3366989]
	GetHandleVerifier [0x00007FF6981312F0+3440688]
	GetHandleVerifier [0x00007FF6981278FD+3401277]
	GetHandleVerifier [0x00007FF697EBAAAB+858091]
	(No symbol) [0x00007FF697D5E74F]
	(No symbol) [0x00007FF697D5A304]
	(No symbol) [0x00007FF697D5A49D]
	(No symbol) [0x00007FF697D48B69]
	BaseThreadInitThunk [0x00007FFF1892E8D7+23]
	RtlUserThreadStart [0x00007FFF19FBFBCC+44]

ERROR:root:Error scraping 35276800: Message: 
Stacktrace:
	GetHandleVerifier [0x00007FF697DF02F5+28725]
	(No symbol) [0x00007FF697D52AE0]
	(No symbol) [0x00007FF697BE510A]
	(No symbol) [0x00007FF697C393D2]
	(No symbol) [0x00007FF697C395FC]
	(No symbol) [0x00007FF697C83407]
	(No symbol) [0x00007FF697C5FFEF]
	(No symbol) [0x00007FF697C80181]
	(No symbol) [0x00007FF697C5FD53]
	(No symbol) [0x00007FF697C2A0E3]
	(No symbol) [0x00007FF697C2B471]
	GetHandleVerifier [0x00007FF69811F30D+3366989]
	GetHandleVerifier [0x00007FF6981312F0+3440688]
	GetHandleVerifier [0x00007FF6981278FD+3401277]
	GetHandleVerifier [0x00007FF697EBAAAB+858091]
	(No symbol) [0x00007FF697D5E74F]
	(No symbol) [0x00007FF697D5A304]
	(No symbol) [0x00007FF697D5A49D]
	(No symbol) [0x00007FF697D48B69]
	BaseThreadInitThunk [0x00007FFF1892E8D7+23]
	RtlUserThreadStart [0x00007FFF19FBFBCC+44]
Traceback (most recent call last):
  File "D:\Projects\export-excel\temp.py", line 50, in scrape_page
    WebDriverWait(driver, 10).until(
  File "D:\Projects\export-excel\.venv\Lib\site-packages\selenium\webdriver\support\wait.py", line 146, in until
    raise TimeoutException(message, screen, stacktrace)
selenium.common.exceptions.TimeoutException: Message: 
Stacktrace:
	GetHandleVerifier [0x00007FF697DF02F5+28725]
	(No symbol) [0x00007FF697D52AE0]
	(No symbol) [0x00007FF697BE510A]
	(No symbol) [0x00007FF697C393D2]
	(No symbol) [0x00007FF697C395FC]
	(No symbol) [0x00007FF697C83407]
	(No symbol) [0x00007FF697C5FFEF]
	(No symbol) [0x00007FF697C80181]
	(No symbol) [0x00007FF697C5FD53]
	(No symbol) [0x00007FF697C2A0E3]
	(No symbol) [0x00007FF697C2B471]
	GetHandleVerifier [0x00007FF69811F30D+3366989]
	GetHandleVerifier [0x00007FF6981312F0+3440688]
	GetHandleVerifier [0x00007FF6981278FD+3401277]
	GetHandleVerifier [0x00007FF697EBAAAB+858091]
	(No symbol) [0x00007FF697D5E74F]
	(No symbol) [0x00007FF697D5A304]
	(No symbol) [0x00007FF697D5A49D]
	(No symbol) [0x00007FF697D48B69]
	BaseThreadInitThunk [0x00007FFF1892E8D7+23]
	RtlUserThreadStart [0x00007FFF19FBFBCC+44]

ERROR:root:Error scraping 41310128: Message: 
Stacktrace:
	GetHandleVerifier [0x00007FF697DF02F5+28725]
	(No symbol) [0x00007FF697D52AE0]
	(No symbol) [0x00007FF697BE510A]
	(No symbol) [0x00007FF697C393D2]
	(No symbol) [0x00007FF697C395FC]
	(No symbol) [0x00007FF697C83407]
	(No symbol) [0x00007FF697C5FFEF]
	(No symbol) [0x00007FF697C80181]
	(No symbol) [0x00007FF697C5FD53]
	(No symbol) [0x00007FF697C2A0E3]
	(No symbol) [0x00007FF697C2B471]
	GetHandleVerifier [0x00007FF69811F30D+3366989]
	GetHandleVerifier [0x00007FF6981312F0+3440688]
	GetHandleVerifier [0x00007FF6981278FD+3401277]
	GetHandleVerifier [0x00007FF697EBAAAB+858091]
	(No symbol) [0x00007FF697D5E74F]
	(No symbol) [0x00007FF697D5A304]
	(No symbol) [0x00007FF697D5A49D]
	(No symbol) [0x00007FF697D48B69]
	BaseThreadInitThunk [0x00007FFF1892E8D7+23]
	RtlUserThreadStart [0x00007FFF19FBFBCC+44]
Traceback (most recent call last):
  File "D:\Projects\export-excel\temp.py", line 50, in scrape_page
    WebDriverWait(driver, 10).until(
  File "D:\Projects\export-excel\.venv\Lib\site-packages\selenium\webdriver\support\wait.py", line 146, in until
    raise TimeoutException(message, screen, stacktrace)
selenium.common.exceptions.TimeoutException: Message: 
Stacktrace:
	GetHandleVerifier [0x00007FF697DF02F5+28725]
	(No symbol) [0x00007FF697D52AE0]
	(No symbol) [0x00007FF697BE510A]
	(No symbol) [0x00007FF697C393D2]
	(No symbol) [0x00007FF697C395FC]
	(No symbol) [0x00007FF697C83407]
	(No symbol) [0x00007FF697C5FFEF]
	(No symbol) [0x00007FF697C80181]
	(No symbol) [0x00007FF697C5FD53]
	(No symbol) [0x00007FF697C2A0E3]
	(No symbol) [0x00007FF697C2B471]
	GetHandleVerifier [0x00007FF69811F30D+3366989]
	GetHandleVerifier [0x00007FF6981312F0+3440688]
	GetHandleVerifier [0x00007FF6981278FD+3401277]
	GetHandleVerifier [0x00007FF697EBAAAB+858091]
	(No symbol) [0x00007FF697D5E74F]
	(No symbol) [0x00007FF697D5A304]
	(No symbol) [0x00007FF697D5A49D]
	(No symbol) [0x00007FF697D48B69]
	BaseThreadInitThunk [0x00007FFF1892E8D7+23]
	RtlUserThreadStart [0x00007FFF19FBFBCC+44]

ERROR:root:Error scraping 32844093: Message: 
Stacktrace:
	GetHandleVerifier [0x00007FF697DF02F5+28725]
	(No symbol) [0x00007FF697D52AE0]
	(No symbol) [0x00007FF697BE510A]
	(No symbol) [0x00007FF697C393D2]
	(No symbol) [0x00007FF697C395FC]
	(No symbol) [0x00007FF697C83407]
	(No symbol) [0x00007FF697C5FFEF]
	(No symbol) [0x00007FF697C80181]
	(No symbol) [0x00007FF697C5FD53]
	(No symbol) [0x00007FF697C2A0E3]
	(No symbol) [0x00007FF697C2B471]
	GetHandleVerifier [0x00007FF69811F30D+3366989]
	GetHandleVerifier [0x00007FF6981312F0+3440688]
	GetHandleVerifier [0x00007FF6981278FD+3401277]
	GetHandleVerifier [0x00007FF697EBAAAB+858091]
	(No symbol) [0x00007FF697D5E74F]
	(No symbol) [0x00007FF697D5A304]
	(No symbol) [0x00007FF697D5A49D]
	(No symbol) [0x00007FF697D48B69]
	BaseThreadInitThunk [0x00007FFF1892E8D7+23]
	RtlUserThreadStart [0x00007FFF19FBFBCC+44]
Traceback (most recent call last):
  File "D:\Projects\export-excel\temp.py", line 50, in scrape_page
    WebDriverWait(driver, 10).until(
  File "D:\Projects\export-excel\.venv\Lib\site-packages\selenium\webdriver\support\wait.py", line 146, in until
    raise TimeoutException(message, screen, stacktrace)
selenium.common.exceptions.TimeoutException: Message: 
Stacktrace:
	GetHandleVerifier [0x00007FF697DF02F5+28725]
	(No symbol) [0x00007FF697D52AE0]
	(No symbol) [0x00007FF697BE510A]
	(No symbol) [0x00007FF697C393D2]
	(No symbol) [0x00007FF697C395FC]
	(No symbol) [0x00007FF697C83407]
	(No symbol) [0x00007FF697C5FFEF]
	(No symbol) [0x00007FF697C80181]
	(No symbol) [0x00007FF697C5FD53]
	(No symbol) [0x00007FF697C2A0E3]
	(No symbol) [0x00007FF697C2B471]
	GetHandleVerifier [0x00007FF69811F30D+3366989]
	GetHandleVerifier [0x00007FF6981312F0+3440688]
	GetHandleVerifier [0x00007FF6981278FD+3401277]
	GetHandleVerifier [0x00007FF697EBAAAB+858091]
	(No symbol) [0x00007FF697D5E74F]
	(No symbol) [0x00007FF697D5A304]
	(No symbol) [0x00007FF697D5A49D]
	(No symbol) [0x00007FF697D48B69]
	BaseThreadInitThunk [0x00007FFF1892E8D7+23]
	RtlUserThreadStart [0x00007FFF19FBFBCC+44]

ERROR:root:Error scraping 34878976: Message: 
Stacktrace:
	GetHandleVerifier [0x00007FF697DF02F5+28725]
	(No symbol) [0x00007FF697D52AE0]
	(No symbol) [0x00007FF697BE510A]
	(No symbol) [0x00007FF697C393D2]
	(No symbol) [0x00007FF697C395FC]
	(No symbol) [0x00007FF697C83407]
	(No symbol) [0x00007FF697C5FFEF]
	(No symbol) [0x00007FF697C80181]
	(No symbol) [0x00007FF697C5FD53]
	(No symbol) [0x00007FF697C2A0E3]
	(No symbol) [0x00007FF697C2B471]
	GetHandleVerifier [0x00007FF69811F30D+3366989]
	GetHandleVerifier [0x00007FF6981312F0+3440688]
	GetHandleVerifier [0x00007FF6981278FD+3401277]
	GetHandleVerifier [0x00007FF697EBAAAB+858091]
	(No symbol) [0x00007FF697D5E74F]
	(No symbol) [0x00007FF697D5A304]
	(No symbol) [0x00007FF697D5A49D]
	(No symbol) [0x00007FF697D48B69]
	BaseThreadInitThunk [0x00007FFF1892E8D7+23]
	RtlUserThreadStart [0x00007FFF19FBFBCC+44]
Traceback (most recent call last):
  File "D:\Projects\export-excel\temp.py", line 50, in scrape_page
    WebDriverWait(driver, 10).until(
  File "D:\Projects\export-excel\.venv\Lib\site-packages\selenium\webdriver\support\wait.py", line 146, in until
    raise TimeoutException(message, screen, stacktrace)
selenium.common.exceptions.TimeoutException: Message: 
Stacktrace:
	GetHandleVerifier [0x00007FF697DF02F5+28725]
	(No symbol) [0x00007FF697D52AE0]
	(No symbol) [0x00007FF697BE510A]
	(No symbol) [0x00007FF697C393D2]
	(No symbol) [0x00007FF697C395FC]
	(No symbol) [0x00007FF697C83407]
	(No symbol) [0x00007FF697C5FFEF]
	(No symbol) [0x00007FF697C80181]
	(No symbol) [0x00007FF697C5FD53]
	(No symbol) [0x00007FF697C2A0E3]
	(No symbol) [0x00007FF697C2B471]
	GetHandleVerifier [0x00007FF69811F30D+3366989]
	GetHandleVerifier [0x00007FF6981312F0+3440688]
	GetHandleVerifier [0x00007FF6981278FD+3401277]
	GetHandleVerifier [0x00007FF697EBAAAB+858091]
	(No symbol) [0x00007FF697D5E74F]
	(No symbol) [0x00007FF697D5A304]
	(No symbol) [0x00007FF697D5A49D]
	(No symbol) [0x00007FF697D48B69]
	BaseThreadInitThunk [0x00007FFF1892E8D7+23]
	RtlUserThreadStart [0x00007FFF19FBFBCC+44]

ERROR:root:Error scraping 34980917: Message: 
Stacktrace:
	GetHandleVerifier [0x00007FF697DF02F5+28725]
	(No symbol) [0x00007FF697D52AE0]
	(No symbol) [0x00007FF697BE510A]
	(No symbol) [0x00007FF697C393D2]
	(No symbol) [0x00007FF697C395FC]
	(No symbol) [0x00007FF697C83407]
	(No symbol) [0x00007FF697C5FFEF]
	(No symbol) [0x00007FF697C80181]
	(No symbol) [0x00007FF697C5FD53]
	(No symbol) [0x00007FF697C2A0E3]
	(No symbol) [0x00007FF697C2B471]
	GetHandleVerifier [0x00007FF69811F30D+3366989]
	GetHandleVerifier [0x00007FF6981312F0+3440688]
	GetHandleVerifier [0x00007FF6981278FD+3401277]
	GetHandleVerifier [0x00007FF697EBAAAB+858091]
	(No symbol) [0x00007FF697D5E74F]
	(No symbol) [0x00007FF697D5A304]
	(No symbol) [0x00007FF697D5A49D]
	(No symbol) [0x00007FF697D48B69]
	BaseThreadInitThunk [0x00007FFF1892E8D7+23]
	RtlUserThreadStart [0x00007FFF19FBFBCC+44]
Traceback (most recent call last):
  File "D:\Projects\export-excel\temp.py", line 50, in scrape_page
    WebDriverWait(driver, 10).until(
  File "D:\Projects\export-excel\.venv\Lib\site-packages\selenium\webdriver\support\wait.py", line 146, in until
    raise TimeoutException(message, screen, stacktrace)
selenium.common.exceptions.TimeoutException: Message: 
Stacktrace:
	GetHandleVerifier [0x00007FF697DF02F5+28725]
	(No symbol) [0x00007FF697D52AE0]
	(No symbol) [0x00007FF697BE510A]
	(No symbol) [0x00007FF697C393D2]
	(No symbol) [0x00007FF697C395FC]
	(No symbol) [0x00007FF697C83407]
	(No symbol) [0x00007FF697C5FFEF]
	(No symbol) [0x00007FF697C80181]
	(No symbol) [0x00007FF697C5FD53]
	(No symbol) [0x00007FF697C2A0E3]
	(No symbol) [0x00007FF697C2B471]
	GetHandleVerifier [0x00007FF69811F30D+3366989]
	GetHandleVerifier [0x00007FF6981312F0+3440688]
	GetHandleVerifier [0x00007FF6981278FD+3401277]
	GetHandleVerifier [0x00007FF697EBAAAB+858091]
	(No symbol) [0x00007FF697D5E74F]
	(No symbol) [0x00007FF697D5A304]
	(No symbol) [0x00007FF697D5A49D]
	(No symbol) [0x00007FF697D48B69]
	BaseThreadInitThunk [0x00007FFF1892E8D7+23]
	RtlUserThreadStart [0x00007FFF19FBFBCC+44]

ERROR:root:Error scraping 35066162: Message: 
Stacktrace:
	GetHandleVerifier [0x00007FF697DF02F5+28725]
	(No symbol) [0x00007FF697D52AE0]
	(No symbol) [0x00007FF697BE510A]
	(No symbol) [0x00007FF697C393D2]
	(No symbol) [0x00007FF697C395FC]
	(No symbol) [0x00007FF697C83407]
	(No symbol) [0x00007FF697C5FFEF]
	(No symbol) [0x00007FF697C80181]
	(No symbol) [0x00007FF697C5FD53]
	(No symbol) [0x00007FF697C2A0E3]
	(No symbol) [0x00007FF697C2B471]
	GetHandleVerifier [0x00007FF69811F30D+3366989]
	GetHandleVerifier [0x00007FF6981312F0+3440688]
	GetHandleVerifier [0x00007FF6981278FD+3401277]
	GetHandleVerifier [0x00007FF697EBAAAB+858091]
	(No symbol) [0x00007FF697D5E74F]
	(No symbol) [0x00007FF697D5A304]
	(No symbol) [0x00007FF697D5A49D]
	(No symbol) [0x00007FF697D48B69]
	BaseThreadInitThunk [0x00007FFF1892E8D7+23]
	RtlUserThreadStart [0x00007FFF19FBFBCC+44]
Traceback (most recent call last):
  File "D:\Projects\export-excel\temp.py", line 50, in scrape_page
    WebDriverWait(driver, 10).until(
  File "D:\Projects\export-excel\.venv\Lib\site-packages\selenium\webdriver\support\wait.py", line 146, in until
    raise TimeoutException(message, screen, stacktrace)
selenium.common.exceptions.TimeoutException: Message: 
Stacktrace:
	GetHandleVerifier [0x00007FF697DF02F5+28725]
	(No symbol) [0x00007FF697D52AE0]
	(No symbol) [0x00007FF697BE510A]
	(No symbol) [0x00007FF697C393D2]
	(No symbol) [0x00007FF697C395FC]
	(No symbol) [0x00007FF697C83407]
	(No symbol) [0x00007FF697C5FFEF]
	(No symbol) [0x00007FF697C80181]
	(No symbol) [0x00007FF697C5FD53]
	(No symbol) [0x00007FF697C2A0E3]
	(No symbol) [0x00007FF697C2B471]
	GetHandleVerifier [0x00007FF69811F30D+3366989]
	GetHandleVerifier [0x00007FF6981312F0+3440688]
	GetHandleVerifier [0x00007FF6981278FD+3401277]
	GetHandleVerifier [0x00007FF697EBAAAB+858091]
	(No symbol) [0x00007FF697D5E74F]
	(No symbol) [0x00007FF697D5A304]
	(No symbol) [0x00007FF697D5A49D]
	(No symbol) [0x00007FF697D48B69]
	BaseThreadInitThunk [0x00007FFF1892E8D7+23]
	RtlUserThreadStart [0x00007FFF19FBFBCC+44]

ERROR:root:Error scraping 35067251: Message: 
Stacktrace:
	GetHandleVerifier [0x00007FF697DF02F5+28725]
	(No symbol) [0x00007FF697D52AE0]
	(No symbol) [0x00007FF697BE510A]
	(No symbol) [0x00007FF697C393D2]
	(No symbol) [0x00007FF697C395FC]
	(No symbol) [0x00007FF697C83407]
	(No symbol) [0x00007FF697C5FFEF]
	(No symbol) [0x00007FF697C80181]
	(No symbol) [0x00007FF697C5FD53]
	(No symbol) [0x00007FF697C2A0E3]
	(No symbol) [0x00007FF697C2B471]
	GetHandleVerifier [0x00007FF69811F30D+3366989]
	GetHandleVerifier [0x00007FF6981312F0+3440688]
	GetHandleVerifier [0x00007FF6981278FD+3401277]
	GetHandleVerifier [0x00007FF697EBAAAB+858091]
	(No symbol) [0x00007FF697D5E74F]
	(No symbol) [0x00007FF697D5A304]
	(No symbol) [0x00007FF697D5A49D]
	(No symbol) [0x00007FF697D48B69]
	BaseThreadInitThunk [0x00007FFF1892E8D7+23]
	RtlUserThreadStart [0x00007FFF19FBFBCC+44]
Traceback (most recent call last):
  File "D:\Projects\export-excel\temp.py", line 50, in scrape_page
    WebDriverWait(driver, 10).until(
  File "D:\Projects\export-excel\.venv\Lib\site-packages\selenium\webdriver\support\wait.py", line 146, in until
    raise TimeoutException(message, screen, stacktrace)
selenium.common.exceptions.TimeoutException: Message: 
Stacktrace:
	GetHandleVerifier [0x00007FF697DF02F5+28725]
	(No symbol) [0x00007FF697D52AE0]
	(No symbol) [0x00007FF697BE510A]
	(No symbol) [0x00007FF697C393D2]
	(No symbol) [0x00007FF697C395FC]
	(No symbol) [0x00007FF697C83407]
	(No symbol) [0x00007FF697C5FFEF]
	(No symbol) [0x00007FF697C80181]
	(No symbol) [0x00007FF697C5FD53]
	(No symbol) [0x00007FF697C2A0E3]
	(No symbol) [0x00007FF697C2B471]
	GetHandleVerifier [0x00007FF69811F30D+3366989]
	GetHandleVerifier [0x00007FF6981312F0+3440688]
	GetHandleVerifier [0x00007FF6981278FD+3401277]
	GetHandleVerifier [0x00007FF697EBAAAB+858091]
	(No symbol) [0x00007FF697D5E74F]
	(No symbol) [0x00007FF697D5A304]
	(No symbol) [0x00007FF697D5A49D]
	(No symbol) [0x00007FF697D48B69]
	BaseThreadInitThunk [0x00007FFF1892E8D7+23]
	RtlUserThreadStart [0x00007FFF19FBFBCC+44]

ERROR:root:Error scraping 35305699: Message: 
Stacktrace:
	GetHandleVerifier [0x00007FF697DF02F5+28725]
	(No symbol) [0x00007FF697D52AE0]
	(No symbol) [0x00007FF697BE510A]
	(No symbol) [0x00007FF697C393D2]
	(No symbol) [0x00007FF697C395FC]
	(No symbol) [0x00007FF697C83407]
	(No symbol) [0x00007FF697C5FFEF]
	(No symbol) [0x00007FF697C80181]
	(No symbol) [0x00007FF697C5FD53]
	(No symbol) [0x00007FF697C2A0E3]
	(No symbol) [0x00007FF697C2B471]
	GetHandleVerifier [0x00007FF69811F30D+3366989]
	GetHandleVerifier [0x00007FF6981312F0+3440688]
	GetHandleVerifier [0x00007FF6981278FD+3401277]
	GetHandleVerifier [0x00007FF697EBAAAB+858091]
	(No symbol) [0x00007FF697D5E74F]
	(No symbol) [0x00007FF697D5A304]
	(No symbol) [0x00007FF697D5A49D]
	(No symbol) [0x00007FF697D48B69]
	BaseThreadInitThunk [0x00007FFF1892E8D7+23]
	RtlUserThreadStart [0x00007FFF19FBFBCC+44]
Traceback (most recent call last):
  File "D:\Projects\export-excel\temp.py", line 50, in scrape_page
    WebDriverWait(driver, 10).until(
  File "D:\Projects\export-excel\.venv\Lib\site-packages\selenium\webdriver\support\wait.py", line 146, in until
    raise TimeoutException(message, screen, stacktrace)
selenium.common.exceptions.TimeoutException: Message: 
Stacktrace:
	GetHandleVerifier [0x00007FF697DF02F5+28725]
	(No symbol) [0x00007FF697D52AE0]
	(No symbol) [0x00007FF697BE510A]
	(No symbol) [0x00007FF697C393D2]
	(No symbol) [0x00007FF697C395FC]
	(No symbol) [0x00007FF697C83407]
	(No symbol) [0x00007FF697C5FFEF]
	(No symbol) [0x00007FF697C80181]
	(No symbol) [0x00007FF697C5FD53]
	(No symbol) [0x00007FF697C2A0E3]
	(No symbol) [0x00007FF697C2B471]
	GetHandleVerifier [0x00007FF69811F30D+3366989]
	GetHandleVerifier [0x00007FF6981312F0+3440688]
	GetHandleVerifier [0x00007FF6981278FD+3401277]
	GetHandleVerifier [0x00007FF697EBAAAB+858091]
	(No symbol) [0x00007FF697D5E74F]
	(No symbol) [0x00007FF697D5A304]
	(No symbol) [0x00007FF697D5A49D]
	(No symbol) [0x00007FF697D48B69]
	BaseThreadInitThunk [0x00007FFF1892E8D7+23]
	RtlUserThreadStart [0x00007FFF19FBFBCC+44]

ERROR:root:Error scraping 35329150: Message: 
Stacktrace:
	GetHandleVerifier [0x00007FF697DF02F5+28725]
	(No symbol) [0x00007FF697D52AE0]
	(No symbol) [0x00007FF697BE510A]
	(No symbol) [0x00007FF697C393D2]
	(No symbol) [0x00007FF697C395FC]
	(No symbol) [0x00007FF697C83407]
	(No symbol) [0x00007FF697C5FFEF]
	(No symbol) [0x00007FF697C80181]
	(No symbol) [0x00007FF697C5FD53]
	(No symbol) [0x00007FF697C2A0E3]
	(No symbol) [0x00007FF697C2B471]
	GetHandleVerifier [0x00007FF69811F30D+3366989]
	GetHandleVerifier [0x00007FF6981312F0+3440688]
	GetHandleVerifier [0x00007FF6981278FD+3401277]
	GetHandleVerifier [0x00007FF697EBAAAB+858091]
	(No symbol) [0x00007FF697D5E74F]
	(No symbol) [0x00007FF697D5A304]
	(No symbol) [0x00007FF697D5A49D]
	(No symbol) [0x00007FF697D48B69]
	BaseThreadInitThunk [0x00007FFF1892E8D7+23]
	RtlUserThreadStart [0x00007FFF19FBFBCC+44]
Traceback (most recent call last):
  File "D:\Projects\export-excel\temp.py", line 50, in scrape_page
    WebDriverWait(driver, 10).until(
  File "D:\Projects\export-excel\.venv\Lib\site-packages\selenium\webdriver\support\wait.py", line 146, in until
    raise TimeoutException(message, screen, stacktrace)
selenium.common.exceptions.TimeoutException: Message: 
Stacktrace:
	GetHandleVerifier [0x00007FF697DF02F5+28725]
	(No symbol) [0x00007FF697D52AE0]
	(No symbol) [0x00007FF697BE510A]
	(No symbol) [0x00007FF697C393D2]
	(No symbol) [0x00007FF697C395FC]
	(No symbol) [0x00007FF697C83407]
	(No symbol) [0x00007FF697C5FFEF]
	(No symbol) [0x00007FF697C80181]
	(No symbol) [0x00007FF697C5FD53]
	(No symbol) [0x00007FF697C2A0E3]
	(No symbol) [0x00007FF697C2B471]
	GetHandleVerifier [0x00007FF69811F30D+3366989]
	GetHandleVerifier [0x00007FF6981312F0+3440688]
	GetHandleVerifier [0x00007FF6981278FD+3401277]
	GetHandleVerifier [0x00007FF697EBAAAB+858091]
	(No symbol) [0x00007FF697D5E74F]
	(No symbol) [0x00007FF697D5A304]
	(No symbol) [0x00007FF697D5A49D]
	(No symbol) [0x00007FF697D48B69]
	BaseThreadInitThunk [0x00007FFF1892E8D7+23]
	RtlUserThreadStart [0x00007FFF19FBFBCC+44]

ERROR:root:Error scraping 35687403: Message: 
Stacktrace:
	GetHandleVerifier [0x00007FF697DF02F5+28725]
	(No symbol) [0x00007FF697D52AE0]
	(No symbol) [0x00007FF697BE510A]
	(No symbol) [0x00007FF697C393D2]
	(No symbol) [0x00007FF697C395FC]
	(No symbol) [0x00007FF697C83407]
	(No symbol) [0x00007FF697C5FFEF]
	(No symbol) [0x00007FF697C80181]
	(No symbol) [0x00007FF697C5FD53]
	(No symbol) [0x00007FF697C2A0E3]
	(No symbol) [0x00007FF697C2B471]
	GetHandleVerifier [0x00007FF69811F30D+3366989]
	GetHandleVerifier [0x00007FF6981312F0+3440688]
	GetHandleVerifier [0x00007FF6981278FD+3401277]
	GetHandleVerifier [0x00007FF697EBAAAB+858091]
	(No symbol) [0x00007FF697D5E74F]
	(No symbol) [0x00007FF697D5A304]
	(No symbol) [0x00007FF697D5A49D]
	(No symbol) [0x00007FF697D48B69]
	BaseThreadInitThunk [0x00007FFF1892E8D7+23]
	RtlUserThreadStart [0x00007FFF19FBFBCC+44]
Traceback (most recent call last):
  File "D:\Projects\export-excel\temp.py", line 50, in scrape_page
    WebDriverWait(driver, 10).until(
  File "D:\Projects\export-excel\.venv\Lib\site-packages\selenium\webdriver\support\wait.py", line 146, in until
    raise TimeoutException(message, screen, stacktrace)
selenium.common.exceptions.TimeoutException: Message: 
Stacktrace:
	GetHandleVerifier [0x00007FF697DF02F5+28725]
	(No symbol) [0x00007FF697D52AE0]
	(No symbol) [0x00007FF697BE510A]
	(No symbol) [0x00007FF697C393D2]
	(No symbol) [0x00007FF697C395FC]
	(No symbol) [0x00007FF697C83407]
	(No symbol) [0x00007FF697C5FFEF]
	(No symbol) [0x00007FF697C80181]
	(No symbol) [0x00007FF697C5FD53]
	(No symbol) [0x00007FF697C2A0E3]
	(No symbol) [0x00007FF697C2B471]
	GetHandleVerifier [0x00007FF69811F30D+3366989]
	GetHandleVerifier [0x00007FF6981312F0+3440688]
	GetHandleVerifier [0x00007FF6981278FD+3401277]
	GetHandleVerifier [0x00007FF697EBAAAB+858091]
	(No symbol) [0x00007FF697D5E74F]
	(No symbol) [0x00007FF697D5A304]
	(No symbol) [0x00007FF697D5A49D]
	(No symbol) [0x00007FF697D48B69]
	BaseThreadInitThunk [0x00007FFF1892E8D7+23]
	RtlUserThreadStart [0x00007FFF19FBFBCC+44]

ERROR:root:Error scraping 36320613: Message: 
Stacktrace:
	GetHandleVerifier [0x00007FF697DF02F5+28725]
	(No symbol) [0x00007FF697D52AE0]
	(No symbol) [0x00007FF697BE510A]
	(No symbol) [0x00007FF697C393D2]
	(No symbol) [0x00007FF697C395FC]
	(No symbol) [0x00007FF697C83407]
	(No symbol) [0x00007FF697C5FFEF]
	(No symbol) [0x00007FF697C80181]
	(No symbol) [0x00007FF697C5FD53]
	(No symbol) [0x00007FF697C2A0E3]
	(No symbol) [0x00007FF697C2B471]
	GetHandleVerifier [0x00007FF69811F30D+3366989]
	GetHandleVerifier [0x00007FF6981312F0+3440688]
	GetHandleVerifier [0x00007FF6981278FD+3401277]
	GetHandleVerifier [0x00007FF697EBAAAB+858091]
	(No symbol) [0x00007FF697D5E74F]
	(No symbol) [0x00007FF697D5A304]
	(No symbol) [0x00007FF697D5A49D]
	(No symbol) [0x00007FF697D48B69]
	BaseThreadInitThunk [0x00007FFF1892E8D7+23]
	RtlUserThreadStart [0x00007FFF19FBFBCC+44]
Traceback (most recent call last):
  File "D:\Projects\export-excel\temp.py", line 50, in scrape_page
    WebDriverWait(driver, 10).until(
  File "D:\Projects\export-excel\.venv\Lib\site-packages\selenium\webdriver\support\wait.py", line 146, in until
    raise TimeoutException(message, screen, stacktrace)
selenium.common.exceptions.TimeoutException: Message: 
Stacktrace:
	GetHandleVerifier [0x00007FF697DF02F5+28725]
	(No symbol) [0x00007FF697D52AE0]
	(No symbol) [0x00007FF697BE510A]
	(No symbol) [0x00007FF697C393D2]
	(No symbol) [0x00007FF697C395FC]
	(No symbol) [0x00007FF697C83407]
	(No symbol) [0x00007FF697C5FFEF]
	(No symbol) [0x00007FF697C80181]
	(No symbol) [0x00007FF697C5FD53]
	(No symbol) [0x00007FF697C2A0E3]
	(No symbol) [0x00007FF697C2B471]
	GetHandleVerifier [0x00007FF69811F30D+3366989]
	GetHandleVerifier [0x00007FF6981312F0+3440688]
	GetHandleVerifier [0x00007FF6981278FD+3401277]
	GetHandleVerifier [0x00007FF697EBAAAB+858091]
	(No symbol) [0x00007FF697D5E74F]
	(No symbol) [0x00007FF697D5A304]
	(No symbol) [0x00007FF697D5A49D]
	(No symbol) [0x00007FF697D48B69]
	BaseThreadInitThunk [0x00007FFF1892E8D7+23]
	RtlUserThreadStart [0x00007FFF19FBFBCC+44]

ERROR:root:Error scraping 36596006: Message: 
Stacktrace:
	GetHandleVerifier [0x00007FF697DF02F5+28725]
	(No symbol) [0x00007FF697D52AE0]
	(No symbol) [0x00007FF697BE510A]
	(No symbol) [0x00007FF697C393D2]
	(No symbol) [0x00007FF697C395FC]
	(No symbol) [0x00007FF697C83407]
	(No symbol) [0x00007FF697C5FFEF]
	(No symbol) [0x00007FF697C80181]
	(No symbol) [0x00007FF697C5FD53]
	(No symbol) [0x00007FF697C2A0E3]
	(No symbol) [0x00007FF697C2B471]
	GetHandleVerifier [0x00007FF69811F30D+3366989]
	GetHandleVerifier [0x00007FF6981312F0+3440688]
	GetHandleVerifier [0x00007FF6981278FD+3401277]
	GetHandleVerifier [0x00007FF697EBAAAB+858091]
	(No symbol) [0x00007FF697D5E74F]
	(No symbol) [0x00007FF697D5A304]
	(No symbol) [0x00007FF697D5A49D]
	(No symbol) [0x00007FF697D48B69]
	BaseThreadInitThunk [0x00007FFF1892E8D7+23]
	RtlUserThreadStart [0x00007FFF19FBFBCC+44]
Traceback (most recent call last):
  File "D:\Projects\export-excel\temp.py", line 50, in scrape_page
    WebDriverWait(driver, 10).until(
  File "D:\Projects\export-excel\.venv\Lib\site-packages\selenium\webdriver\support\wait.py", line 146, in until
    raise TimeoutException(message, screen, stacktrace)
selenium.common.exceptions.TimeoutException: Message: 
Stacktrace:
	GetHandleVerifier [0x00007FF697DF02F5+28725]
	(No symbol) [0x00007FF697D52AE0]
	(No symbol) [0x00007FF697BE510A]
	(No symbol) [0x00007FF697C393D2]
	(No symbol) [0x00007FF697C395FC]
	(No symbol) [0x00007FF697C83407]
	(No symbol) [0x00007FF697C5FFEF]
	(No symbol) [0x00007FF697C80181]
	(No symbol) [0x00007FF697C5FD53]
	(No symbol) [0x00007FF697C2A0E3]
	(No symbol) [0x00007FF697C2B471]
	GetHandleVerifier [0x00007FF69811F30D+3366989]
	GetHandleVerifier [0x00007FF6981312F0+3440688]
	GetHandleVerifier [0x00007FF6981278FD+3401277]
	GetHandleVerifier [0x00007FF697EBAAAB+858091]
	(No symbol) [0x00007FF697D5E74F]
	(No symbol) [0x00007FF697D5A304]
	(No symbol) [0x00007FF697D5A49D]
	(No symbol) [0x00007FF697D48B69]
	BaseThreadInitThunk [0x00007FFF1892E8D7+23]
	RtlUserThreadStart [0x00007FFF19FBFBCC+44]

ERROR:root:Error scraping 36787674: Message: 
Stacktrace:
	GetHandleVerifier [0x00007FF697DF02F5+28725]
	(No symbol) [0x00007FF697D52AE0]
	(No symbol) [0x00007FF697BE510A]
	(No symbol) [0x00007FF697C393D2]
	(No symbol) [0x00007FF697C395FC]
	(No symbol) [0x00007FF697C83407]
	(No symbol) [0x00007FF697C5FFEF]
	(No symbol) [0x00007FF697C80181]
	(No symbol) [0x00007FF697C5FD53]
	(No symbol) [0x00007FF697C2A0E3]
	(No symbol) [0x00007FF697C2B471]
	GetHandleVerifier [0x00007FF69811F30D+3366989]
	GetHandleVerifier [0x00007FF6981312F0+3440688]
	GetHandleVerifier [0x00007FF6981278FD+3401277]
	GetHandleVerifier [0x00007FF697EBAAAB+858091]
	(No symbol) [0x00007FF697D5E74F]
	(No symbol) [0x00007FF697D5A304]
	(No symbol) [0x00007FF697D5A49D]
	(No symbol) [0x00007FF697D48B69]
	BaseThreadInitThunk [0x00007FFF1892E8D7+23]
	RtlUserThreadStart [0x00007FFF19FBFBCC+44]
Traceback (most recent call last):
  File "D:\Projects\export-excel\temp.py", line 50, in scrape_page
    WebDriverWait(driver, 10).until(
  File "D:\Projects\export-excel\.venv\Lib\site-packages\selenium\webdriver\support\wait.py", line 146, in until
    raise TimeoutException(message, screen, stacktrace)
selenium.common.exceptions.TimeoutException: Message: 
Stacktrace:
	GetHandleVerifier [0x00007FF697DF02F5+28725]
	(No symbol) [0x00007FF697D52AE0]
	(No symbol) [0x00007FF697BE510A]
	(No symbol) [0x00007FF697C393D2]
	(No symbol) [0x00007FF697C395FC]
	(No symbol) [0x00007FF697C83407]
	(No symbol) [0x00007FF697C5FFEF]
	(No symbol) [0x00007FF697C80181]
	(No symbol) [0x00007FF697C5FD53]
	(No symbol) [0x00007FF697C2A0E3]
	(No symbol) [0x00007FF697C2B471]
	GetHandleVerifier [0x00007FF69811F30D+3366989]
	GetHandleVerifier [0x00007FF6981312F0+3440688]
	GetHandleVerifier [0x00007FF6981278FD+3401277]
	GetHandleVerifier [0x00007FF697EBAAAB+858091]
	(No symbol) [0x00007FF697D5E74F]
	(No symbol) [0x00007FF697D5A304]
	(No symbol) [0x00007FF697D5A49D]
	(No symbol) [0x00007FF697D48B69]
	BaseThreadInitThunk [0x00007FFF1892E8D7+23]
	RtlUserThreadStart [0x00007FFF19FBFBCC+44]

ERROR:root:Error scraping 36854702: Message: 
Stacktrace:
	GetHandleVerifier [0x00007FF697DF02F5+28725]
	(No symbol) [0x00007FF697D52AE0]
	(No symbol) [0x00007FF697BE510A]
	(No symbol) [0x00007FF697C393D2]
	(No symbol) [0x00007FF697C395FC]
	(No symbol) [0x00007FF697C83407]
	(No symbol) [0x00007FF697C5FFEF]
	(No symbol) [0x00007FF697C80181]
	(No symbol) [0x00007FF697C5FD53]
	(No symbol) [0x00007FF697C2A0E3]
	(No symbol) [0x00007FF697C2B471]
	GetHandleVerifier [0x00007FF69811F30D+3366989]
	GetHandleVerifier [0x00007FF6981312F0+3440688]
	GetHandleVerifier [0x00007FF6981278FD+3401277]
	GetHandleVerifier [0x00007FF697EBAAAB+858091]
	(No symbol) [0x00007FF697D5E74F]
	(No symbol) [0x00007FF697D5A304]
	(No symbol) [0x00007FF697D5A49D]
	(No symbol) [0x00007FF697D48B69]
	BaseThreadInitThunk [0x00007FFF1892E8D7+23]
	RtlUserThreadStart [0x00007FFF19FBFBCC+44]
Traceback (most recent call last):
  File "D:\Projects\export-excel\temp.py", line 50, in scrape_page
    WebDriverWait(driver, 10).until(
  File "D:\Projects\export-excel\.venv\Lib\site-packages\selenium\webdriver\support\wait.py", line 146, in until
    raise TimeoutException(message, screen, stacktrace)
selenium.common.exceptions.TimeoutException: Message: 
Stacktrace:
	GetHandleVerifier [0x00007FF697DF02F5+28725]
	(No symbol) [0x00007FF697D52AE0]
	(No symbol) [0x00007FF697BE510A]
	(No symbol) [0x00007FF697C393D2]
	(No symbol) [0x00007FF697C395FC]
	(No symbol) [0x00007FF697C83407]
	(No symbol) [0x00007FF697C5FFEF]
	(No symbol) [0x00007FF697C80181]
	(No symbol) [0x00007FF697C5FD53]
	(No symbol) [0x00007FF697C2A0E3]
	(No symbol) [0x00007FF697C2B471]
	GetHandleVerifier [0x00007FF69811F30D+3366989]
	GetHandleVerifier [0x00007FF6981312F0+3440688]
	GetHandleVerifier [0x00007FF6981278FD+3401277]
	GetHandleVerifier [0x00007FF697EBAAAB+858091]
	(No symbol) [0x00007FF697D5E74F]
	(No symbol) [0x00007FF697D5A304]
	(No symbol) [0x00007FF697D5A49D]
	(No symbol) [0x00007FF697D48B69]
	BaseThreadInitThunk [0x00007FFF1892E8D7+23]
	RtlUserThreadStart [0x00007FFF19FBFBCC+44]

ERROR:root:Error scraping 37210429: Message: 
Stacktrace:
	GetHandleVerifier [0x00007FF697DF02F5+28725]
	(No symbol) [0x00007FF697D52AE0]
	(No symbol) [0x00007FF697BE510A]
	(No symbol) [0x00007FF697C393D2]
	(No symbol) [0x00007FF697C395FC]
	(No symbol) [0x00007FF697C83407]
	(No symbol) [0x00007FF697C5FFEF]
	(No symbol) [0x00007FF697C80181]
	(No symbol) [0x00007FF697C5FD53]
	(No symbol) [0x00007FF697C2A0E3]
	(No symbol) [0x00007FF697C2B471]
	GetHandleVerifier [0x00007FF69811F30D+3366989]
	GetHandleVerifier [0x00007FF6981312F0+3440688]
	GetHandleVerifier [0x00007FF6981278FD+3401277]
	GetHandleVerifier [0x00007FF697EBAAAB+858091]
	(No symbol) [0x00007FF697D5E74F]
	(No symbol) [0x00007FF697D5A304]
	(No symbol) [0x00007FF697D5A49D]
	(No symbol) [0x00007FF697D48B69]
	BaseThreadInitThunk [0x00007FFF1892E8D7+23]
	RtlUserThreadStart [0x00007FFF19FBFBCC+44]
Traceback (most recent call last):
  File "D:\Projects\export-excel\temp.py", line 50, in scrape_page
    WebDriverWait(driver, 10).until(
  File "D:\Projects\export-excel\.venv\Lib\site-packages\selenium\webdriver\support\wait.py", line 146, in until
    raise TimeoutException(message, screen, stacktrace)
selenium.common.exceptions.TimeoutException: Message: 
Stacktrace:
	GetHandleVerifier [0x00007FF697DF02F5+28725]
	(No symbol) [0x00007FF697D52AE0]
	(No symbol) [0x00007FF697BE510A]
	(No symbol) [0x00007FF697C393D2]
	(No symbol) [0x00007FF697C395FC]
	(No symbol) [0x00007FF697C83407]
	(No symbol) [0x00007FF697C5FFEF]
	(No symbol) [0x00007FF697C80181]
	(No symbol) [0x00007FF697C5FD53]
	(No symbol) [0x00007FF697C2A0E3]
	(No symbol) [0x00007FF697C2B471]
	GetHandleVerifier [0x00007FF69811F30D+3366989]
	GetHandleVerifier [0x00007FF6981312F0+3440688]
	GetHandleVerifier [0x00007FF6981278FD+3401277]
	GetHandleVerifier [0x00007FF697EBAAAB+858091]
	(No symbol) [0x00007FF697D5E74F]
	(No symbol) [0x00007FF697D5A304]
	(No symbol) [0x00007FF697D5A49D]
	(No symbol) [0x00007FF697D48B69]
	BaseThreadInitThunk [0x00007FFF1892E8D7+23]
	RtlUserThreadStart [0x00007FFF19FBFBCC+44]

ERROR:root:Error scraping 37234849: Message: 
Stacktrace:
	GetHandleVerifier [0x00007FF697DF02F5+28725]
	(No symbol) [0x00007FF697D52AE0]
	(No symbol) [0x00007FF697BE510A]
	(No symbol) [0x00007FF697C393D2]
	(No symbol) [0x00007FF697C395FC]
	(No symbol) [0x00007FF697C83407]
	(No symbol) [0x00007FF697C5FFEF]
	(No symbol) [0x00007FF697C80181]
	(No symbol) [0x00007FF697C5FD53]
	(No symbol) [0x00007FF697C2A0E3]
	(No symbol) [0x00007FF697C2B471]
	GetHandleVerifier [0x00007FF69811F30D+3366989]
	GetHandleVerifier [0x00007FF6981312F0+3440688]
	GetHandleVerifier [0x00007FF6981278FD+3401277]
	GetHandleVerifier [0x00007FF697EBAAAB+858091]
	(No symbol) [0x00007FF697D5E74F]
	(No symbol) [0x00007FF697D5A304]
	(No symbol) [0x00007FF697D5A49D]
	(No symbol) [0x00007FF697D48B69]
	BaseThreadInitThunk [0x00007FFF1892E8D7+23]
	RtlUserThreadStart [0x00007FFF19FBFBCC+44]
Traceback (most recent call last):
  File "D:\Projects\export-excel\temp.py", line 50, in scrape_page
    WebDriverWait(driver, 10).until(
  File "D:\Projects\export-excel\.venv\Lib\site-packages\selenium\webdriver\support\wait.py", line 146, in until
    raise TimeoutException(message, screen, stacktrace)
selenium.common.exceptions.TimeoutException: Message: 
Stacktrace:
	GetHandleVerifier [0x00007FF697DF02F5+28725]
	(No symbol) [0x00007FF697D52AE0]
	(No symbol) [0x00007FF697BE510A]
	(No symbol) [0x00007FF697C393D2]
	(No symbol) [0x00007FF697C395FC]
	(No symbol) [0x00007FF697C83407]
	(No symbol) [0x00007FF697C5FFEF]
	(No symbol) [0x00007FF697C80181]
	(No symbol) [0x00007FF697C5FD53]
	(No symbol) [0x00007FF697C2A0E3]
	(No symbol) [0x00007FF697C2B471]
	GetHandleVerifier [0x00007FF69811F30D+3366989]
	GetHandleVerifier [0x00007FF6981312F0+3440688]
	GetHandleVerifier [0x00007FF6981278FD+3401277]
	GetHandleVerifier [0x00007FF697EBAAAB+858091]
	(No symbol) [0x00007FF697D5E74F]
	(No symbol) [0x00007FF697D5A304]
	(No symbol) [0x00007FF697D5A49D]
	(No symbol) [0x00007FF697D48B69]
	BaseThreadInitThunk [0x00007FFF1892E8D7+23]
	RtlUserThreadStart [0x00007FFF19FBFBCC+44]

